This is pdfTeX, Version 3.14159265-2.6-1.40.21 (MiKTeX 20.6.29) (preloaded format=pdflatex 2020.8.14)  17 AUG 2020 21:18
entering extended mode
**./preamble.tex
(preamble.tex
LaTeX2e <2020-02-02> patch level 5
L3 programming layer <2020-06-18>
("C:\Program Files\MiKTeX\tex/latex/koma-script\scrartcl.cls"
Document Class: scrartcl 2020/07/22 v3.31 KOMA-Script document class (article)
("C:\Program Files\MiKTeX\tex/latex/koma-script\scrkbase.sty"
Package: scrkbase 2020/07/22 v3.31 KOMA-Script package (KOMA-Script-dependent b
asics and keyval usage)

("C:\Program Files\MiKTeX\tex/latex/koma-script\scrbase.sty"
Package: scrbase 2020/07/22 v3.31 KOMA-Script package (KOMA-Script-independent 
basics and keyval usage)

("C:\Program Files\MiKTeX\tex/latex/graphics\keyval.sty"
Package: keyval 2014/10/28 v1.15 key=value parser (DPC)
\KV@toks@=\toks15
)
("C:\Program Files\MiKTeX\tex/latex/koma-script\scrlfile.sty"
Package: scrlfile 2020/07/22 v3.31 KOMA-Script package (loading files)
)))
("C:\Program Files\MiKTeX\tex/latex/koma-script\tocbasic.sty"
Package: tocbasic 2020/07/22 v3.31 KOMA-Script package (handling toc-files)
\scr@dte@tocline@numberwidth=\skip47
\scr@dte@tocline@numbox=\box45
)
Package tocbasic Info: babel extension for `toc' omitted
(tocbasic)             because of missing \bbl@set@language on input line 135.
Class scrartcl Info: File `scrsize11pt.clo' used to setup font sizes on input l
ine 2221.

("C:\Program Files\MiKTeX\tex/latex/koma-script\scrsize11pt.clo"
File: scrsize11pt.clo 2020/07/22 v3.31 KOMA-Script font size class option (11pt
)
)
("C:\Program Files\MiKTeX\tex/latex/koma-script\typearea.sty"
Package: typearea 2020/07/22 v3.31 KOMA-Script package (type area)
\ta@bcor=\skip48
\ta@div=\count167
\ta@hblk=\skip49
\ta@vblk=\skip50
\ta@temp=\skip51
\footheight=\skip52
Package typearea Info: These are the values describing the layout:
(typearea)             DIV  = 10
(typearea)             BCOR = 0.0pt
(typearea)             \paperwidth      = 597.50793pt
(typearea)              \textwidth      = 418.25555pt
(typearea)              DIV departure   = -6%
(typearea)              \evensidemargin = 17.3562pt
(typearea)              \oddsidemargin  = 17.3562pt
(typearea)             \paperheight     = 845.04694pt
(typearea)              \textheight     = 595.80026pt
(typearea)              \topmargin      = -25.16531pt
(typearea)              \headheight     = 17.0pt
(typearea)              \headsep        = 20.40001pt
(typearea)              \topskip        = 11.0pt
(typearea)              \footskip       = 47.6pt
(typearea)              \baselineskip   = 13.6pt
(typearea)              on input line 1739.
)
\c@part=\count168
\c@section=\count169
\c@subsection=\count170
\c@subsubsection=\count171
\c@paragraph=\count172
\c@subparagraph=\count173
\scr@dte@section@maxnumwidth=\skip53
Class scrartcl Info: using compatibility default `runin=bysign'
(scrartcl)           for `\section on input line 4794.
Class scrartcl Info: using compatibility default `afterindent=bysign'
(scrartcl)           for `\section on input line 4794.
\scr@dte@part@maxnumwidth=\skip54
Class scrartcl Info: using compatibility default `afterindent=false'
(scrartcl)           for `\part on input line 4802.
\scr@dte@subsection@maxnumwidth=\skip55
Class scrartcl Info: using compatibility default `runin=bysign'
(scrartcl)           for `\subsection on input line 4812.
Class scrartcl Info: using compatibility default `afterindent=bysign'
(scrartcl)           for `\subsection on input line 4812.
\scr@dte@subsubsection@maxnumwidth=\skip56
Class scrartcl Info: using compatibility default `runin=bysign'
(scrartcl)           for `\subsubsection on input line 4822.
Class scrartcl Info: using compatibility default `afterindent=bysign'
(scrartcl)           for `\subsubsection on input line 4822.
\scr@dte@paragraph@maxnumwidth=\skip57
Class scrartcl Info: using compatibility default `runin=bysign'
(scrartcl)           for `\paragraph on input line 4833.
Class scrartcl Info: using compatibility default `afterindent=bysign'
(scrartcl)           for `\paragraph on input line 4833.
\scr@dte@subparagraph@maxnumwidth=\skip58
Class scrartcl Info: using compatibility default `runin=bysign'
(scrartcl)           for `\subparagraph on input line 4843.
Class scrartcl Info: using compatibility default `afterindent=bysign'
(scrartcl)           for `\subparagraph on input line 4843.
\abovecaptionskip=\skip59
\belowcaptionskip=\skip60
\c@pti@nb@sid@b@x=\box46
Package tocbasic Info: babel extension for `lof' omitted
(tocbasic)             because of missing \bbl@set@language on input line 6075.

\scr@dte@figure@maxnumwidth=\skip61
\c@figure=\count174
Package tocbasic Info: babel extension for `lot' omitted
(tocbasic)             because of missing \bbl@set@language on input line 6087.

\scr@dte@table@maxnumwidth=\skip62
\c@table=\count175
Class scrartcl Info: Redefining `\numberline' on input line 6251.
\bibindent=\dimen134
)
("C:\Program Files\MiKTeX\tex/latex/base\fontenc.sty"
Package: fontenc 2020/02/11 v2.0o Standard LaTeX package
)
("C:\Program Files\MiKTeX\tex/latex/fourier\fourier.sty"
Package: fourier 2020/03/03 2.2 fourier-GUTenberg package

("C:\Program Files\MiKTeX\tex/generic/iftex\iftex.sty"
Package: iftex 2020/03/06 v1.0d TeX engine tests
)
Now handling font encoding FML ...
... no UTF-8 mapping file for font encoding FML
Now handling font encoding FMS ...
... no UTF-8 mapping file for font encoding FMS
Now handling font encoding FMX ...
... no UTF-8 mapping file for font encoding FMX

("C:\Program Files\MiKTeX\tex/latex/base\fontenc.sty"
Package: fontenc 2020/02/11 v2.0o Standard LaTeX package
LaTeX Font Info:    Trying to load font information for T1+futs on input line 1
12.

("C:\Program Files\MiKTeX\tex/latex/fourier\t1futs.fd"
File: t1futs.fd 2004/03/02 Fontinst v1.926 font definitions for T1/futs.
))
("C:\Program Files\MiKTeX\tex/latex/base\textcomp.sty"
Package: textcomp 2020/02/02 v2.0n Standard LaTeX package
)
("C:\Program Files\MiKTeX\tex/latex/fourier\fourier-orns.sty"
Package: fourier-orns 2020/03/03 2.2 fourier-ornaments package
)
LaTeX Font Info:    Redeclaring symbol font `operators' on input line 63.
LaTeX Font Info:    Encoding `OT1' has changed to `T1' for symbol font
(Font)              `operators' in the math version `normal' on input line 63.
LaTeX Font Info:    Overwriting symbol font `operators' in version `normal'
(Font)                  OT1/cmr/m/n --> T1/futs/m/n on input line 63.
LaTeX Font Info:    Encoding `OT1' has changed to `T1' for symbol font
(Font)              `operators' in the math version `bold' on input line 63.
LaTeX Font Info:    Overwriting symbol font `operators' in version `bold'
(Font)                  OT1/cmr/bx/n --> T1/futs/m/n on input line 63.
LaTeX Font Info:    Overwriting symbol font `operators' in version `bold'
(Font)                  T1/futs/m/n --> T1/futs/b/n on input line 64.
LaTeX Font Info:    Redeclaring symbol font `letters' on input line 72.
LaTeX Font Info:    Encoding `OML' has changed to `FML' for symbol font
(Font)              `letters' in the math version `normal' on input line 72.
LaTeX Font Info:    Overwriting symbol font `letters' in version `normal'
(Font)                  OML/cmm/m/it --> FML/futmi/m/it on input line 72.
LaTeX Font Info:    Encoding `OML' has changed to `FML' for symbol font
(Font)              `letters' in the math version `bold' on input line 72.
LaTeX Font Info:    Overwriting symbol font `letters' in version `bold'
(Font)                  OML/cmm/b/it --> FML/futmi/m/it on input line 72.
\symotherletters=\mathgroup4
LaTeX Font Info:    Overwriting symbol font `letters' in version `bold'
(Font)                  FML/futmi/m/it --> FML/futmi/b/it on input line 74.
LaTeX Font Info:    Overwriting symbol font `otherletters' in version `bold'
(Font)                  FML/futm/m/it --> FML/futm/b/it on input line 75.
LaTeX Font Info:    Redeclaring math symbol \Gamma on input line 76.
LaTeX Font Info:    Redeclaring math symbol \Delta on input line 77.
LaTeX Font Info:    Redeclaring math symbol \Theta on input line 78.
LaTeX Font Info:    Redeclaring math symbol \Lambda on input line 79.
LaTeX Font Info:    Redeclaring math symbol \Xi on input line 80.
LaTeX Font Info:    Redeclaring math symbol \Pi on input line 81.
LaTeX Font Info:    Redeclaring math symbol \Sigma on input line 82.
LaTeX Font Info:    Redeclaring math symbol \Upsilon on input line 83.
LaTeX Font Info:    Redeclaring math symbol \Phi on input line 84.
LaTeX Font Info:    Redeclaring math symbol \Psi on input line 85.
LaTeX Font Info:    Redeclaring math symbol \Omega on input line 86.
LaTeX Font Info:    Redeclaring symbol font `symbols' on input line 126.
LaTeX Font Info:    Encoding `OMS' has changed to `FMS' for symbol font
(Font)              `symbols' in the math version `normal' on input line 126.
LaTeX Font Info:    Overwriting symbol font `symbols' in version `normal'
(Font)                  OMS/cmsy/m/n --> FMS/futm/m/n on input line 126.
LaTeX Font Info:    Encoding `OMS' has changed to `FMS' for symbol font
(Font)              `symbols' in the math version `bold' on input line 126.
LaTeX Font Info:    Overwriting symbol font `symbols' in version `bold'
(Font)                  OMS/cmsy/b/n --> FMS/futm/m/n on input line 126.
LaTeX Font Info:    Redeclaring symbol font `largesymbols' on input line 127.
LaTeX Font Info:    Encoding `OMX' has changed to `FMX' for symbol font
(Font)              `largesymbols' in the math version `normal' on input line 1
27.
LaTeX Font Info:    Overwriting symbol font `largesymbols' in version `normal'
(Font)                  OMX/cmex/m/n --> FMX/futm/m/n on input line 127.
LaTeX Font Info:    Encoding `OMX' has changed to `FMX' for symbol font
(Font)              `largesymbols' in the math version `bold' on input line 127
.
LaTeX Font Info:    Overwriting symbol font `largesymbols' in version `bold'
(Font)                  OMX/cmex/m/n --> FMX/futm/m/n on input line 127.
LaTeX Font Info:    Redeclaring math alphabet \mathbf on input line 128.
LaTeX Font Info:    Overwriting math alphabet `\mathbf' in version `normal'
(Font)                  OT1/cmr/bx/n --> T1/futs/bx/n on input line 128.
LaTeX Font Info:    Overwriting math alphabet `\mathbf' in version `bold'
(Font)                  OT1/cmr/bx/n --> T1/futs/bx/n on input line 128.
LaTeX Font Info:    Redeclaring math alphabet \mathrm on input line 129.
LaTeX Font Info:    Redeclaring math alphabet \mathit on input line 130.
LaTeX Font Info:    Overwriting math alphabet `\mathit' in version `normal'
(Font)                  OT1/cmr/m/it --> T1/futs/m/it on input line 130.
LaTeX Font Info:    Overwriting math alphabet `\mathit' in version `bold'
(Font)                  OT1/cmr/bx/it --> T1/futs/m/it on input line 130.
LaTeX Font Info:    Redeclaring math alphabet \mathcal on input line 131.
LaTeX Font Info:    Redeclaring math symbol \parallel on input line 147.
LaTeX Font Info:    Redeclaring math symbol \hbar on input line 161.
LaTeX Font Info:    Redeclaring math symbol \varkappa on input line 199.
LaTeX Font Info:    Redeclaring math symbol \varvarrho on input line 200.
LaTeX Font Info:    Redeclaring math delimiter \Vert on input line 223.
LaTeX Font Info:    Redeclaring math delimiter \vert on input line 228.
LaTeX Font Info:    Redeclaring math delimiter \Downarrow on input line 238.
LaTeX Font Info:    Redeclaring math delimiter \backslash on input line 240.
LaTeX Font Info:    Redeclaring math delimiter \rangle on input line 242.
LaTeX Font Info:    Redeclaring math delimiter \langle on input line 244.
LaTeX Font Info:    Redeclaring math delimiter \rbrace on input line 246.
LaTeX Font Info:    Redeclaring math delimiter \lbrace on input line 248.
LaTeX Font Info:    Redeclaring math delimiter \rceil on input line 250.
LaTeX Font Info:    Redeclaring math delimiter \lceil on input line 252.
LaTeX Font Info:    Redeclaring math delimiter \rfloor on input line 254.
LaTeX Font Info:    Redeclaring math delimiter \lfloor on input line 256.
LaTeX Font Info:    Redeclaring math accent \acute on input line 260.
LaTeX Font Info:    Redeclaring math accent \grave on input line 261.
LaTeX Font Info:    Redeclaring math accent \ddot on input line 262.
LaTeX Font Info:    Redeclaring math accent \tilde on input line 263.
LaTeX Font Info:    Redeclaring math accent \bar on input line 264.
LaTeX Font Info:    Redeclaring math accent \breve on input line 265.
LaTeX Font Info:    Redeclaring math accent \check on input line 266.
LaTeX Font Info:    Redeclaring math accent \hat on input line 267.
LaTeX Font Info:    Redeclaring math accent \dot on input line 268.
LaTeX Font Info:    Redeclaring math accent \mathring on input line 269.
\symUfutm=\mathgroup5
)
("C:\Program Files\MiKTeX\tex/latex/base\inputenc.sty"
Package: inputenc 2018/08/11 v1.3c Input encoding file
\inpenc@prehook=\toks16
\inpenc@posthook=\toks17
)
("C:\Program Files\MiKTeX\tex/generic/babel\babel.sty"
Package: babel 2020/06/10 3.45 The Babel package

("C:\Program Files\MiKTeX\tex/generic/babel\babel.def"
File: babel.def 2020/06/10 3.45 Babel common definitions
\babel@savecnt=\count176
\U@D=\dimen135
\l@babelnohyphens=\language79

("C:\Program Files\MiKTeX\tex/generic/babel\txtbabel.def")
\bbl@readstream=\read2
)
\bbl@dirlevel=\count177

*************************************
* Local config file bblopts.cfg used
*
("C:\Program Files\MiKTeX\tex/latex/arabi\bblopts.cfg"
File: bblopts.cfg 2005/09/08 v0.1 add Arabic and Farsi to "declared" options of
 babel
)
("C:\Program Files\MiKTeX\tex/latex/babel-english\english.ldf"
Language: english 2017/06/06 v3.3r English support from the babel system
Package babel Info: \l@canadian = using hyphenrules for english
(babel)             (\language0) on input line 102.
Package babel Info: \l@australian = using hyphenrules for ukenglish
(babel)             (\language73) on input line 105.
Package babel Info: \l@newzealand = using hyphenrules for ukenglish
(babel)             (\language73) on input line 108.
))
("C:\Program Files\MiKTeX\tex/latex/microtype\microtype.sty"
Package: microtype 2019/11/18 v2.7d Micro-typographical refinements (RS)
\MT@toks=\toks18
\MT@count=\count178
LaTeX Info: Redefining \textls on input line 790.
\MT@outer@kern=\dimen136
LaTeX Info: Redefining \textmicrotypecontext on input line 1354.
\MT@listname@count=\count179

("C:\Program Files\MiKTeX\tex/latex/microtype\microtype-pdftex.def"
File: microtype-pdftex.def 2019/11/18 v2.7d Definitions specific to pdftex (RS)

LaTeX Info: Redefining \lsstyle on input line 914.
LaTeX Info: Redefining \lslig on input line 914.
\MT@outer@space=\skip63
)
Package microtype Info: Loading configuration file microtype.cfg.

("C:\Program Files\MiKTeX\tex/latex/microtype\microtype.cfg"
File: microtype.cfg 2019/11/18 v2.7d microtype main configuration file (RS)
))
("C:\Program Files\MiKTeX\tex/latex/amsmath\amsmath.sty"
Package: amsmath 2020/01/20 v2.17e AMS math features
\@mathmargin=\skip64

For additional information on amsmath, use the `?' option.
("C:\Program Files\MiKTeX\tex/latex/amsmath\amstext.sty"
Package: amstext 2000/06/29 v2.01 AMS text

("C:\Program Files\MiKTeX\tex/latex/amsmath\amsgen.sty"
File: amsgen.sty 1999/11/30 v2.0 generic functions
\@emptytoks=\toks19
\ex@=\dimen137
))
("C:\Program Files\MiKTeX\tex/latex/amsmath\amsbsy.sty"
Package: amsbsy 1999/11/29 v1.2d Bold Symbols
\pmbraise@=\dimen138
)
("C:\Program Files\MiKTeX\tex/latex/amsmath\amsopn.sty"
Package: amsopn 2016/03/08 v2.02 operator names
)
\inf@bad=\count180
LaTeX Info: Redefining \frac on input line 227.
\uproot@=\count181
\leftroot@=\count182
LaTeX Info: Redefining \overline on input line 389.
\classnum@=\count183
\DOTSCASE@=\count184
LaTeX Info: Redefining \ldots on input line 486.
LaTeX Info: Redefining \dots on input line 489.
LaTeX Info: Redefining \cdots on input line 610.
\Mathstrutbox@=\box47
\strutbox@=\box48
\big@size=\dimen139
LaTeX Font Info:    Redeclaring font encoding OML on input line 733.
LaTeX Font Info:    Redeclaring font encoding OMS on input line 734.
\macc@depth=\count185
\c@MaxMatrixCols=\count186
\dotsspace@=\muskip16
\c@parentequation=\count187
\dspbrk@lvl=\count188
\tag@help=\toks20
\row@=\count189
\column@=\count190
\maxfields@=\count191
\andhelp@=\toks21
\eqnshift@=\dimen140
\alignsep@=\dimen141
\tagshift@=\dimen142
\tagwidth@=\dimen143
\totwidth@=\dimen144
\lineht@=\dimen145
\@envbody=\toks22
\multlinegap=\skip65
\multlinetaggap=\skip66
\mathdisplay@stack=\toks23
LaTeX Info: Redefining \[ on input line 2859.
LaTeX Info: Redefining \] on input line 2860.
)
("C:\Program Files\MiKTeX\tex/latex/amsfonts\amsfonts.sty"
Package: amsfonts 2013/01/14 v3.01 Basic AMSFonts support
\symAMSa=\mathgroup6
\symAMSb=\mathgroup7
LaTeX Font Info:    Overwriting math alphabet `\mathfrak' in version `bold'
(Font)                  U/euf/m/n --> U/euf/b/n on input line 106.
LaTeX Font Info:    Redeclaring math symbol \square on input line 141.
)
("C:\Program Files\MiKTeX\tex/latex/amscls\amsthm.sty"
Package: amsthm 2020/05/29 v2.20.6
\thm@style=\toks24
\thm@bodyfont=\toks25
\thm@headfont=\toks26
\thm@notefont=\toks27
\thm@headpunct=\toks28
\thm@preskip=\skip67
\thm@postskip=\skip68
\thm@headsep=\skip69
\dth@everypar=\toks29
)
("C:\Program Files\MiKTeX\tex/latex/xpatch\xpatch.sty"
("C:\Program Files\MiKTeX\tex/latex/l3kernel\expl3.sty"
Package: expl3 2020-06-18 L3 programming layer (loader) 

("C:\Program Files\MiKTeX\tex/latex/l3backend\l3backend-pdfmode.def"
File: l3backend-pdfmode.def 2020-06-29 L3 backend support: PDF mode
\l__kernel_color_stack_int=\count192
\l__pdf_internal_box=\box49
))
Package: xpatch 2020/03/25 v0.3a Extending etoolbox patching commands

("C:\Program Files\MiKTeX\tex/latex/l3packages/xparse\xparse.sty"
Package: xparse 2020-05-15 L3 Experimental document command parser

("C:\Program Files\MiKTeX\tex/latex/l3packages/xparse\xparse-generic.tex"
\l__xparse_current_arg_int=\count193
\g__xparse_grabber_int=\count194
\l__xparse_m_args_int=\count195
\l__xparse_v_nesting_int=\count196
))
("C:\Program Files\MiKTeX\tex/latex/etoolbox\etoolbox.sty"
Package: etoolbox 2019/09/21 v2.5h e-TeX tools for LaTeX (JAW)
\etb@tempcnta=\count197
))
Class scrartcl Info: amsthm's \deferred@thm@head patched.

("C:\Program Files\MiKTeX\tex/latex/graphics\graphicx.sty"
Package: graphicx 2019/11/30 v1.2a Enhanced LaTeX Graphics (DPC,SPQR)

("C:\Program Files\MiKTeX\tex/latex/graphics\graphics.sty"
Package: graphics 2019/11/30 v1.4a Standard LaTeX Graphics (DPC,SPQR)

("C:\Program Files\MiKTeX\tex/latex/graphics\trig.sty"
Package: trig 2016/01/03 v1.10 sin cos tan (DPC)
)
("C:\Program Files\MiKTeX\tex/latex/graphics-cfg\graphics.cfg"
File: graphics.cfg 2016/06/04 v1.11 sample graphics configuration
)
Package graphics Info: Driver file: pdftex.def on input line 105.

("C:\Program Files\MiKTeX\tex/latex/graphics-def\pdftex.def"
File: pdftex.def 2018/01/08 v1.0l Graphics/color driver for pdftex
))
\Gin@req@height=\dimen146
\Gin@req@width=\dimen147
)
("C:\Program Files\MiKTeX\tex/latex/url\url.sty"
\Urlmuskip=\muskip17
Package: url 2013/09/16  ver 3.4  Verb mode for urls, etc.
)
("C:\Program Files\MiKTeX\tex/latex/import\import.sty"
Package: import 2020/04/01  v 6.2
)
("C:\Program Files\MiKTeX\tex/latex/base\fontenc.sty"
Package: fontenc 2020/02/11 v2.0o Standard LaTeX package
)
("C:\Program Files\MiKTeX\tex/latex/lm\lmodern.sty"
Package: lmodern 2009/10/30 v1.6 Latin Modern Fonts
LaTeX Font Info:    Encoding `T1' has changed to `OT1' for symbol font
(Font)              `operators' in the math version `normal' on input line 22.
LaTeX Font Info:    Overwriting symbol font `operators' in version `normal'
(Font)                  T1/futs/m/n --> OT1/lmr/m/n on input line 22.
LaTeX Font Info:    Encoding `FML' has changed to `OML' for symbol font
(Font)              `letters' in the math version `normal' on input line 23.
LaTeX Font Info:    Overwriting symbol font `letters' in version `normal'
(Font)                  FML/futmi/m/it --> OML/lmm/m/it on input line 23.
LaTeX Font Info:    Encoding `FMS' has changed to `OMS' for symbol font
(Font)              `symbols' in the math version `normal' on input line 24.
LaTeX Font Info:    Overwriting symbol font `symbols' in version `normal'
(Font)                  FMS/futm/m/n --> OMS/lmsy/m/n on input line 24.
LaTeX Font Info:    Encoding `FMX' has changed to `OMX' for symbol font
(Font)              `largesymbols' in the math version `normal' on input line 2
5.
LaTeX Font Info:    Overwriting symbol font `largesymbols' in version `normal'
(Font)                  FMX/futm/m/n --> OMX/lmex/m/n on input line 25.
LaTeX Font Info:    Encoding `T1' has changed to `OT1' for symbol font
(Font)              `operators' in the math version `bold' on input line 26.
LaTeX Font Info:    Overwriting symbol font `operators' in version `bold'
(Font)                  T1/futs/b/n --> OT1/lmr/bx/n on input line 26.
LaTeX Font Info:    Encoding `FML' has changed to `OML' for symbol font
(Font)              `letters' in the math version `bold' on input line 27.
LaTeX Font Info:    Overwriting symbol font `letters' in version `bold'
(Font)                  FML/futmi/b/it --> OML/lmm/b/it on input line 27.
LaTeX Font Info:    Encoding `FMS' has changed to `OMS' for symbol font
(Font)              `symbols' in the math version `bold' on input line 28.
LaTeX Font Info:    Overwriting symbol font `symbols' in version `bold'
(Font)                  FMS/futm/m/n --> OMS/lmsy/b/n on input line 28.
LaTeX Font Info:    Encoding `FMX' has changed to `OMX' for symbol font
(Font)              `largesymbols' in the math version `bold' on input line 29.

LaTeX Font Info:    Overwriting symbol font `largesymbols' in version `bold'
(Font)                  FMX/futm/m/n --> OMX/lmex/m/n on input line 29.
LaTeX Font Info:    Overwriting math alphabet `\mathbf' in version `normal'
(Font)                  T1/futs/bx/n --> OT1/lmr/bx/n on input line 31.
LaTeX Font Info:    Overwriting math alphabet `\mathsf' in version `normal'
(Font)                  OT1/cmss/m/n --> OT1/lmss/m/n on input line 32.
LaTeX Font Info:    Overwriting math alphabet `\mathit' in version `normal'
(Font)                  T1/futs/m/it --> OT1/lmr/m/it on input line 33.
LaTeX Font Info:    Overwriting math alphabet `\mathtt' in version `normal'
(Font)                  OT1/cmtt/m/n --> OT1/lmtt/m/n on input line 34.
LaTeX Font Info:    Overwriting math alphabet `\mathbf' in version `bold'
(Font)                  T1/futs/bx/n --> OT1/lmr/bx/n on input line 35.
LaTeX Font Info:    Overwriting math alphabet `\mathsf' in version `bold'
(Font)                  OT1/cmss/bx/n --> OT1/lmss/bx/n on input line 36.
LaTeX Font Info:    Overwriting math alphabet `\mathit' in version `bold'
(Font)                  T1/futs/m/it --> OT1/lmr/bx/it on input line 37.
LaTeX Font Info:    Overwriting math alphabet `\mathtt' in version `bold'
(Font)                  OT1/cmtt/m/n --> OT1/lmtt/m/n on input line 38.
)
("C:\Program Files\MiKTeX\tex/latex/geometry\geometry.sty"
Package: geometry 2020/01/02 v5.9 Page Geometry

("C:\Program Files\MiKTeX\tex/generic/iftex\ifvtex.sty"
Package: ifvtex 2019/10/25 v1.7 ifvtex legacy package. Use iftex instead.
)
\Gm@cnth=\count198
\Gm@cntv=\count199
\c@Gm@tempcnt=\count266
\Gm@bindingoffset=\dimen148
\Gm@wd@mp=\dimen149
\Gm@odd@mp=\dimen150
\Gm@even@mp=\dimen151
\Gm@layoutwidth=\dimen152
\Gm@layoutheight=\dimen153
\Gm@layouthoffset=\dimen154
\Gm@layoutvoffset=\dimen155
\Gm@dimlist=\toks30

("C:\Program Files\MiKTeX\tex/latex/geometry\geometry.cfg"))
("C:\Program Files\MiKTeX\tex/latex/sectsty\sectsty.sty"
Package: sectsty 2002/02/25 v2.0.2 Commands to change all sectional heading sty
les


LaTeX Warning: Command \underbar  has changed.
               Check if current package is valid.


LaTeX Warning: Command \underline  has changed.
               Check if current package is valid.

)

Class scrartcl Warning: Incompatible package `sectsty' loaded!
(scrartcl)              Package `sectsty' up to version 2.0.2 is incompatible
(scrartcl)              with KOMA-Script from version 2.8e released in 2001.
(scrartcl)              You should avoid that package and configure the
(scrartcl)              section titles of your document using the KOMA-Script
(scrartcl)              user interface, e.g., \chapterlinesformat,
(scrartcl)              \RedeclareSectionCommand etc. or you should ask
(scrartcl)              the `sectsty' maintainer for a more compatible release.

(scrartcl)              Ignoring this warning could result in several error
(scrartcl)              messages and formatting issues after loading package
(scrartcl)              `sectsty' on input line 25.


Class scrartcl Warning: Usage of package `fancyhdr' together
(scrartcl)              with a KOMA-Script class is not recommended.
(scrartcl)              I'd suggest to use 
(scrartcl)              package `scrlayer' or `scrlayer-scrpage', because
(scrartcl)              they support KOMA-Script classes.
(scrartcl)              With `fancyhdr' several features of class `scrartcl'
(scrartcl)              like options `headsepline', `footsepline' or command
(scrartcl)              `\MakeMarkcase' and the commands `\setkomafont' and
(scrartcl)              `\addtokomafont' for the page style elements need
(scrartcl)              explicite user intervention to work.
(scrartcl)              Nevertheless, using requested
(scrartcl)              package `fancyhdr' on input line 29.

("C:\Program Files\MiKTeX\tex/latex/fancyhdr\fancyhdr.sty"
Package: fancyhdr 2019/01/31 v3.10 Extensive control of page headers and footer
s
\f@nch@headwidth=\skip70
\f@nch@O@elh=\skip71
\f@nch@O@erh=\skip72
\f@nch@O@olh=\skip73
\f@nch@O@orh=\skip74
\f@nch@O@elf=\skip75
\f@nch@O@erf=\skip76
\f@nch@O@olf=\skip77
\f@nch@O@orf=\skip78
)
("C:\Program Files\MiKTeX\tex/latex/wrapfig\wrapfig.sty"
\wrapoverhang=\dimen156
\WF@size=\dimen157
\c@WF@wrappedlines=\count267
\WF@box=\box50
\WF@everypar=\toks31
Package: wrapfig 2003/01/31  v 3.6
)
("C:\Program Files\MiKTeX\tex/latex/caption\subcaption.sty"
Package: subcaption 2020/01/22 v1.3d Sub-captions (AR)

("C:\Program Files\MiKTeX\tex/latex/caption\caption.sty"
Package: caption 2020/05/30 v3.4k Customizing captions (AR)

("C:\Program Files\MiKTeX\tex/latex/caption\caption3.sty"
Package: caption3 2020/07/20 v1.12b caption3 kernel (AR)
Package caption3 Info: TeX engine: e-TeX on input line 61.
\captionmargin=\dimen158
\captionmargin@=\dimen159
\captionwidth=\dimen160
\caption@tempdima=\dimen161
\caption@indent=\dimen162
\caption@parindent=\dimen163
\caption@hangindent=\dimen164
Package caption Info: KOMA-Script document class detected.
)
Package caption Info: KOMA-Script document class.
\c@caption@flags=\count268
\c@continuedfloat=\count269
Package caption Info: wrapfig package is loaded.
)
\c@subfigure=\count270
\c@subtable=\count271
)
("C:\Program Files\MiKTeX\tex/latex/graphics\color.sty"
Package: color 2019/11/23 v1.2a Standard LaTeX Color (DPC)

("C:\Program Files\MiKTeX\tex/latex/graphics-cfg\color.cfg"
File: color.cfg 2016/01/02 v1.6 sample color configuration
)
Package color Info: Driver file: pdftex.def on input line 147.
)
("C:\Program Files\MiKTeX\tex/latex/xcolor\xcolor.sty"
Package: xcolor 2016/05/11 v2.12 LaTeX color extensions (UK)

("C:\Program Files\MiKTeX\tex/latex/graphics-cfg\color.cfg"
File: color.cfg 2016/01/02 v1.6 sample color configuration
)
Package xcolor Info: Driver file: pdftex.def on input line 225.
LaTeX Info: Redefining \color on input line 709.
Package xcolor Info: Model `cmy' substituted by `cmy0' on input line 1348.
Package xcolor Info: Model `hsb' substituted by `rgb' on input line 1352.
Package xcolor Info: Model `RGB' extended on input line 1364.
Package xcolor Info: Model `HTML' substituted by `rgb' on input line 1366.
Package xcolor Info: Model `Hsb' substituted by `hsb' on input line 1367.
Package xcolor Info: Model `tHsb' substituted by `hsb' on input line 1368.
Package xcolor Info: Model `HSB' substituted by `hsb' on input line 1369.
Package xcolor Info: Model `Gray' substituted by `gray' on input line 1370.
Package xcolor Info: Model `wave' substituted by `hsb' on input line 1371.

("C:\Program Files\MiKTeX\tex/latex/graphics\dvipsnam.def"
File: dvipsnam.def 2016/06/17 v3.0m Driver-dependent file (DPC,SPQR)
))
("C:\Program Files\MiKTeX\tex/latex/mathtools\mathtools.sty"
Package: mathtools 2020/03/24 v1.24 mathematical typesetting tools

("C:\Program Files\MiKTeX\tex/latex/tools\calc.sty"
Package: calc 2017/05/25 v4.3 Infix arithmetic (KKT,FJ)
\calc@Acount=\count272
\calc@Bcount=\count273
\calc@Adimen=\dimen165
\calc@Bdimen=\dimen166
\calc@Askip=\skip79
\calc@Bskip=\skip80
LaTeX Info: Redefining \setlength on input line 80.
LaTeX Info: Redefining \addtolength on input line 81.
\calc@Ccount=\count274
\calc@Cskip=\skip81
)
("C:\Program Files\MiKTeX\tex/latex/mathtools\mhsetup.sty"
Package: mhsetup 2017/03/31 v1.3 programming setup (MH)
)
LaTeX Info: Thecontrolsequence`\('isalreadyrobust on input line 130.
LaTeX Info: Thecontrolsequence`\)'isalreadyrobust on input line 130.
LaTeX Info: Thecontrolsequence`\['isalreadyrobust on input line 130.
LaTeX Info: Thecontrolsequence`\]'isalreadyrobust on input line 130.
\g_MT_multlinerow_int=\count275
\l_MT_multwidth_dim=\dimen167
\origjot=\skip82
\l_MT_shortvdotswithinadjustabove_dim=\dimen168
\l_MT_shortvdotswithinadjustbelow_dim=\dimen169
\l_MT_above_intertext_sep=\dimen170
\l_MT_below_intertext_sep=\dimen171
\l_MT_above_shortintertext_sep=\dimen172
\l_MT_below_shortintertext_sep=\dimen173
\xmathstrut@box=\box51
\xmathstrut@dim=\dimen174
)
("C:\Program Files\MiKTeX\tex/latex/ncctools\nccmath.sty"
Package: nccmath 2006/01/20 v1.3 Additional Math Commands (NCC)
\NCC@fracrulewidth=\dimen175
)
("C:\Program Files\MiKTeX\tex/latex/pgf/frontendlayer\tikz.sty"
("C:\Program Files\MiKTeX\tex/latex/pgf/basiclayer\pgf.sty"
("C:\Program Files\MiKTeX\tex/latex/pgf/utilities\pgfrcs.sty"
("C:\Program Files\MiKTeX\tex/generic/pgf/utilities\pgfutil-common.tex"
\pgfutil@everybye=\toks32
\pgfutil@tempdima=\dimen176
\pgfutil@tempdimb=\dimen177

("C:\Program Files\MiKTeX\tex/generic/pgf/utilities\pgfutil-common-lists.tex"))
("C:\Program Files\MiKTeX\tex/generic/pgf/utilities\pgfutil-latex.def"
\pgfutil@abb=\box52

("C:\Program Files\MiKTeX\tex/latex/ms\everyshi.sty"
Package: everyshi 2001/05/15 v3.00 EveryShipout Package (MS)
))
("C:\Program Files\MiKTeX\tex/generic/pgf/utilities\pgfrcs.code.tex"
("C:\Program Files\MiKTeX\tex/generic/pgf\pgf.revision.tex")
Package: pgfrcs 2020/01/08 v3.1.5b (3.1.5b)
))
Package: pgf 2020/01/08 v3.1.5b (3.1.5b)

("C:\Program Files\MiKTeX\tex/latex/pgf/basiclayer\pgfcore.sty"
("C:\Program Files\MiKTeX\tex/latex/pgf/systemlayer\pgfsys.sty"
("C:\Program Files\MiKTeX\tex/generic/pgf/systemlayer\pgfsys.code.tex"
Package: pgfsys 2020/01/08 v3.1.5b (3.1.5b)

("C:\Program Files\MiKTeX\tex/generic/pgf/utilities\pgfkeys.code.tex"
\pgfkeys@pathtoks=\toks33
\pgfkeys@temptoks=\toks34

("C:\Program Files\MiKTeX\tex/generic/pgf/utilities\pgfkeysfiltered.code.tex"
\pgfkeys@tmptoks=\toks35
))
\pgf@x=\dimen178
\pgf@y=\dimen179
\pgf@xa=\dimen180
\pgf@ya=\dimen181
\pgf@xb=\dimen182
\pgf@yb=\dimen183
\pgf@xc=\dimen184
\pgf@yc=\dimen185
\pgf@xd=\dimen186
\pgf@yd=\dimen187
\w@pgf@writea=\write3
\r@pgf@reada=\read3
\c@pgf@counta=\count276
\c@pgf@countb=\count277
\c@pgf@countc=\count278
\c@pgf@countd=\count279
\t@pgf@toka=\toks36
\t@pgf@tokb=\toks37
\t@pgf@tokc=\toks38
\pgf@sys@id@count=\count280
("C:\Program Files\MiKTeX\tex/generic/pgf/systemlayer\pgf.cfg"
File: pgf.cfg 2020/01/08 v3.1.5b (3.1.5b)
)
Driver file for pgf: pgfsys-pdftex.def

("C:\Program Files\MiKTeX\tex/generic/pgf/systemlayer\pgfsys-pdftex.def"
File: pgfsys-pdftex.def 2020/01/08 v3.1.5b (3.1.5b)

("C:\Program Files\MiKTeX\tex/generic/pgf/systemlayer\pgfsys-common-pdf.def"
File: pgfsys-common-pdf.def 2020/01/08 v3.1.5b (3.1.5b)
))) ("C:\Program Files\MiKTeX\tex/generic/pgf/systemlayer\pgfsyssoftpath.code.t
ex"
File: pgfsyssoftpath.code.tex 2020/01/08 v3.1.5b (3.1.5b)
\pgfsyssoftpath@smallbuffer@items=\count281
\pgfsyssoftpath@bigbuffer@items=\count282
) ("C:\Program Files\MiKTeX\tex/generic/pgf/systemlayer\pgfsysprotocol.code.tex
"
File: pgfsysprotocol.code.tex 2020/01/08 v3.1.5b (3.1.5b)
)) ("C:\Program Files\MiKTeX\tex/generic/pgf/basiclayer\pgfcore.code.tex"
Package: pgfcore 2020/01/08 v3.1.5b (3.1.5b)

("C:\Program Files\MiKTeX\tex/generic/pgf/math\pgfmath.code.tex"
("C:\Program Files\MiKTeX\tex/generic/pgf/math\pgfmathcalc.code.tex"
("C:\Program Files\MiKTeX\tex/generic/pgf/math\pgfmathutil.code.tex")
("C:\Program Files\MiKTeX\tex/generic/pgf/math\pgfmathparser.code.tex"
\pgfmath@dimen=\dimen188
\pgfmath@count=\count283
\pgfmath@box=\box53
\pgfmath@toks=\toks39
\pgfmath@stack@operand=\toks40
\pgfmath@stack@operation=\toks41
)
("C:\Program Files\MiKTeX\tex/generic/pgf/math\pgfmathfunctions.code.tex"
("C:\Program Files\MiKTeX\tex/generic/pgf/math\pgfmathfunctions.basic.code.tex"
)
("C:\Program Files\MiKTeX\tex/generic/pgf/math\pgfmathfunctions.trigonometric.c
ode.tex")
("C:\Program Files\MiKTeX\tex/generic/pgf/math\pgfmathfunctions.random.code.tex
")
("C:\Program Files\MiKTeX\tex/generic/pgf/math\pgfmathfunctions.comparison.code
.tex")
("C:\Program Files\MiKTeX\tex/generic/pgf/math\pgfmathfunctions.base.code.tex")
("C:\Program Files\MiKTeX\tex/generic/pgf/math\pgfmathfunctions.round.code.tex"
) ("C:\Program Files\MiKTeX\tex/generic/pgf/math\pgfmathfunctions.misc.code.tex
")
("C:\Program Files\MiKTeX\tex/generic/pgf/math\pgfmathfunctions.integerarithmet
ics.code.tex")))
("C:\Program Files\MiKTeX\tex/generic/pgf/math\pgfmathfloat.code.tex"
\c@pgfmathroundto@lastzeros=\count284
))
("C:\Program Files\MiKTeX\tex/generic/pgf/math\pgfint.code.tex")
("C:\Program Files\MiKTeX\tex/generic/pgf/basiclayer\pgfcorepoints.code.tex"
File: pgfcorepoints.code.tex 2020/01/08 v3.1.5b (3.1.5b)
\pgf@picminx=\dimen189
\pgf@picmaxx=\dimen190
\pgf@picminy=\dimen191
\pgf@picmaxy=\dimen192
\pgf@pathminx=\dimen193
\pgf@pathmaxx=\dimen194
\pgf@pathminy=\dimen195
\pgf@pathmaxy=\dimen196
\pgf@xx=\dimen197
\pgf@xy=\dimen198
\pgf@yx=\dimen199
\pgf@yy=\dimen256
\pgf@zx=\dimen257
\pgf@zy=\dimen258
)
("C:\Program Files\MiKTeX\tex/generic/pgf/basiclayer\pgfcorepathconstruct.code.
tex"
File: pgfcorepathconstruct.code.tex 2020/01/08 v3.1.5b (3.1.5b)
\pgf@path@lastx=\dimen259
\pgf@path@lasty=\dimen260
)
("C:\Program Files\MiKTeX\tex/generic/pgf/basiclayer\pgfcorepathusage.code.tex"
File: pgfcorepathusage.code.tex 2020/01/08 v3.1.5b (3.1.5b)
\pgf@shorten@end@additional=\dimen261
\pgf@shorten@start@additional=\dimen262
) ("C:\Program Files\MiKTeX\tex/generic/pgf/basiclayer\pgfcorescopes.code.tex"
File: pgfcorescopes.code.tex 2020/01/08 v3.1.5b (3.1.5b)
\pgfpic=\box54
\pgf@hbox=\box55
\pgf@layerbox@main=\box56
\pgf@picture@serial@count=\count285
)
("C:\Program Files\MiKTeX\tex/generic/pgf/basiclayer\pgfcoregraphicstate.code.t
ex"
File: pgfcoregraphicstate.code.tex 2020/01/08 v3.1.5b (3.1.5b)
\pgflinewidth=\dimen263
)
("C:\Program Files\MiKTeX\tex/generic/pgf/basiclayer\pgfcoretransformations.cod
e.tex"
File: pgfcoretransformations.code.tex 2020/01/08 v3.1.5b (3.1.5b)
\pgf@pt@x=\dimen264
\pgf@pt@y=\dimen265
\pgf@pt@temp=\dimen266
)
("C:\Program Files\MiKTeX\tex/generic/pgf/basiclayer\pgfcorequick.code.tex"
File: pgfcorequick.code.tex 2020/01/08 v3.1.5b (3.1.5b)
)
("C:\Program Files\MiKTeX\tex/generic/pgf/basiclayer\pgfcoreobjects.code.tex"
File: pgfcoreobjects.code.tex 2020/01/08 v3.1.5b (3.1.5b)
)
("C:\Program Files\MiKTeX\tex/generic/pgf/basiclayer\pgfcorepathprocessing.code
.tex"
File: pgfcorepathprocessing.code.tex 2020/01/08 v3.1.5b (3.1.5b)
)
("C:\Program Files\MiKTeX\tex/generic/pgf/basiclayer\pgfcorearrows.code.tex"
File: pgfcorearrows.code.tex 2020/01/08 v3.1.5b (3.1.5b)
\pgfarrowsep=\dimen267
)
("C:\Program Files\MiKTeX\tex/generic/pgf/basiclayer\pgfcoreshade.code.tex"
File: pgfcoreshade.code.tex 2020/01/08 v3.1.5b (3.1.5b)
\pgf@max=\dimen268
\pgf@sys@shading@range@num=\count286
\pgf@shadingcount=\count287
)
("C:\Program Files\MiKTeX\tex/generic/pgf/basiclayer\pgfcoreimage.code.tex"
File: pgfcoreimage.code.tex 2020/01/08 v3.1.5b (3.1.5b)

("C:\Program Files\MiKTeX\tex/generic/pgf/basiclayer\pgfcoreexternal.code.tex"
File: pgfcoreexternal.code.tex 2020/01/08 v3.1.5b (3.1.5b)
\pgfexternal@startupbox=\box57
)) ("C:\Program Files\MiKTeX\tex/generic/pgf/basiclayer\pgfcorelayers.code.tex"
File: pgfcorelayers.code.tex 2020/01/08 v3.1.5b (3.1.5b)
)
("C:\Program Files\MiKTeX\tex/generic/pgf/basiclayer\pgfcoretransparency.code.t
ex"
File: pgfcoretransparency.code.tex 2020/01/08 v3.1.5b (3.1.5b)
)
("C:\Program Files\MiKTeX\tex/generic/pgf/basiclayer\pgfcorepatterns.code.tex"
File: pgfcorepatterns.code.tex 2020/01/08 v3.1.5b (3.1.5b)
) ("C:\Program Files\MiKTeX\tex/generic/pgf/basiclayer\pgfcorerdf.code.tex"
File: pgfcorerdf.code.tex 2020/01/08 v3.1.5b (3.1.5b)
)))
("C:\Program Files\MiKTeX\tex/generic/pgf/modules\pgfmoduleshapes.code.tex"
File: pgfmoduleshapes.code.tex 2020/01/08 v3.1.5b (3.1.5b)
\pgfnodeparttextbox=\box58
)
("C:\Program Files\MiKTeX\tex/generic/pgf/modules\pgfmoduleplot.code.tex"
File: pgfmoduleplot.code.tex 2020/01/08 v3.1.5b (3.1.5b)
)
("C:\Program Files\MiKTeX\tex/latex/pgf/compatibility\pgfcomp-version-0-65.sty"
Package: pgfcomp-version-0-65 2020/01/08 v3.1.5b (3.1.5b)
\pgf@nodesepstart=\dimen269
\pgf@nodesepend=\dimen270
) ("C:\Program Files\MiKTeX\tex/latex/pgf/compatibility\pgfcomp-version-1-18.st
y"
Package: pgfcomp-version-1-18 2020/01/08 v3.1.5b (3.1.5b)
)) ("C:\Program Files\MiKTeX\tex/latex/pgf/utilities\pgffor.sty"
("C:\Program Files\MiKTeX\tex/latex/pgf/utilities\pgfkeys.sty"
("C:\Program Files\MiKTeX\tex/generic/pgf/utilities\pgfkeys.code.tex"))
("C:\Program Files\MiKTeX\tex/latex/pgf/math\pgfmath.sty"
("C:\Program Files\MiKTeX\tex/generic/pgf/math\pgfmath.code.tex"))
("C:\Program Files\MiKTeX\tex/generic/pgf/utilities\pgffor.code.tex"
Package: pgffor 2020/01/08 v3.1.5b (3.1.5b)

("C:\Program Files\MiKTeX\tex/generic/pgf/math\pgfmath.code.tex")
\pgffor@iter=\dimen271
\pgffor@skip=\dimen272
\pgffor@stack=\toks42
\pgffor@toks=\toks43
))
("C:\Program Files\MiKTeX\tex/generic/pgf/frontendlayer/tikz\tikz.code.tex"
Package: tikz 2020/01/08 v3.1.5b (3.1.5b)

("C:\Program Files\MiKTeX\tex/generic/pgf/libraries\pgflibraryplothandlers.code
.tex"
File: pgflibraryplothandlers.code.tex 2020/01/08 v3.1.5b (3.1.5b)
\pgf@plot@mark@count=\count288
\pgfplotmarksize=\dimen273
)
\tikz@lastx=\dimen274
\tikz@lasty=\dimen275
\tikz@lastxsaved=\dimen276
\tikz@lastysaved=\dimen277
\tikz@lastmovetox=\dimen278
\tikz@lastmovetoy=\dimen279
\tikzleveldistance=\dimen280
\tikzsiblingdistance=\dimen281
\tikz@figbox=\box59
\tikz@figbox@bg=\box60
\tikz@tempbox=\box61
\tikz@tempbox@bg=\box62
\tikztreelevel=\count289
\tikznumberofchildren=\count290
\tikznumberofcurrentchild=\count291
\tikz@fig@count=\count292

("C:\Program Files\MiKTeX\tex/generic/pgf/modules\pgfmodulematrix.code.tex"
File: pgfmodulematrix.code.tex 2020/01/08 v3.1.5b (3.1.5b)
\pgfmatrixcurrentrow=\count293
\pgfmatrixcurrentcolumn=\count294
\pgf@matrix@numberofcolumns=\count295
)
\tikz@expandcount=\count296

("C:\Program Files\MiKTeX\tex/generic/pgf/frontendlayer/tikz/libraries\tikzlibr
arytopaths.code.tex"
File: tikzlibrarytopaths.code.tex 2020/01/08 v3.1.5b (3.1.5b)
)))
("C:\Program Files\MiKTeX\tex/generic/pgf/frontendlayer/tikz/libraries\tikzlibr
arymatrix.code.tex"
File: tikzlibrarymatrix.code.tex 2020/01/08 v3.1.5b (3.1.5b)
)
("C:\Program Files\MiKTeX\tex/generic/pgf/frontendlayer/tikz/libraries\tikzlibr
arycalc.code.tex"
File: tikzlibrarycalc.code.tex 2020/01/08 v3.1.5b (3.1.5b)
))
! Emergency stop.
<*> ./preamble.tex
                  
*** (job aborted, no legal \end found)

 
Here is how much of TeX's memory you used:
 20813 strings out of 480790
 406700 string characters out of 2907055
 795697 words of memory out of 3000000
 36490 multiletter control sequences out of 15000+200000
 537629 words of font info for 27 fonts, out of 3000000 for 9000
 1141 hyphenation exceptions out of 8191
 64i,1n,81p,10629b,270s stack positions out of 5000i,500n,10000p,200000b,50000s
!  ==> Fatal error occurred, no output PDF file produced!
