\BOOKMARK [1][-]{section.1}{Filter Tool - Manual de Usuario}{}% 1
\BOOKMARK [2][-]{subsection.1.1}{Etapa 1}{section.1}% 2
\BOOKMARK [3][-]{subsubsection.1.1.1}{Tipos de Filtro}{subsection.1.1}% 3
\BOOKMARK [3][-]{subsubsection.1.1.2}{Tipos de Aproximaci\363n}{subsection.1.1}% 4
\BOOKMARK [3][-]{subsubsection.1.1.3}{Par\341metros de Plantilla}{subsection.1.1}% 5
\BOOKMARK [3][-]{subsubsection.1.1.4}{Par\341metros de Filtro}{subsection.1.1}% 6
\BOOKMARK [3][-]{subsubsection.1.1.5}{Agregar Filtro}{subsection.1.1}% 7
\BOOKMARK [3][-]{subsubsection.1.1.6}{Remover todos los filtros}{subsection.1.1}% 8
\BOOKMARK [3][-]{subsubsection.1.1.7}{Funci\363n Transferencia}{subsection.1.1}% 9
\BOOKMARK [3][-]{subsubsection.1.1.8}{Tipo de Plot}{subsection.1.1}% 10
\BOOKMARK [3][-]{subsubsection.1.1.9}{Filtros Dise\361ados}{subsection.1.1}% 11
\BOOKMARK [3][-]{subsubsection.1.1.10}{Ir a Etapa 2}{subsection.1.1}% 12
\BOOKMARK [2][-]{subsection.1.2}{Etapa 2}{section.1}% 13
\BOOKMARK [3][-]{subsubsection.1.2.1}{Trabajar con etapas de Segundo y Primer Orden}{subsection.1.2}% 14
\BOOKMARK [3][-]{subsubsection.1.2.2}{Tipo de Plot}{subsection.1.2}% 15
\BOOKMARK [3][-]{subsubsection.1.2.3}{Tipo de Plot - Etapas individuales}{subsection.1.2}% 16
\BOOKMARK [2][-]{subsection.1.3}{Resumen de Workflow de Dise\361o}{section.1}% 17
\BOOKMARK [1][-]{section.2}{Sallen-Key}{}% 18
\BOOKMARK [2][-]{subsection.2.1}{C\341lculo de funci\363n transferencia por aproximaci\363n de Butterworth}{section.2}% 19
\BOOKMARK [2][-]{subsection.2.2}{Circuito a implementar}{section.2}% 20
\BOOKMARK [3][-]{subsubsection.2.2.1}{Celda de primer orden: An\341lisis}{subsection.2.2}% 21
\BOOKMARK [3][-]{subsubsection.2.2.2}{Celda de segundo orden Sallen Key: An\341lisis}{subsection.2.2}% 22
\BOOKMARK [3][-]{subsubsection.2.2.3}{Sensibilidades}{subsection.2.2}% 23
\BOOKMARK [2][-]{subsection.2.3}{Dise\361o de filtro}{section.2}% 24
\BOOKMARK [2][-]{subsection.2.4}{Respuesta en frecuencia y an\341lisis Monte Carlo}{section.2}% 25
\BOOKMARK [2][-]{subsection.2.5}{Restricciones por ganancia y factor de calidad}{section.2}% 26
\BOOKMARK [2][-]{subsection.2.6}{Conclusiones}{section.2}% 27
\BOOKMARK [1][-]{section.3}{Celda Rauch \(Deliyannis-Friend modificada\)}{}% 28
\BOOKMARK [2][-]{subsection.3.1}{Introducci\363n}{section.3}% 29
\BOOKMARK [2][-]{subsection.3.2}{Dise\361o del Filtro con Chebyshev}{section.3}% 30
\BOOKMARK [2][-]{subsection.3.3}{Selecci\363n de Componentes}{section.3}% 31
\BOOKMARK [3][-]{subsubsection.3.3.1}{Sensibilidad de los Componentes}{subsection.3.3}% 32
\BOOKMARK [3][-]{subsubsection.3.3.2}{Selecci\363n de Componentes a Utilizar}{subsection.3.3}% 33
\BOOKMARK [2][-]{subsection.3.4}{An\341lisis de Experimental}{section.3}% 34
\BOOKMARK [3][-]{subsubsection.3.4.1}{Respuesta en Frecuencia}{subsection.3.4}% 35
\BOOKMARK [3][-]{subsubsection.3.4.2}{Impedancia de Entrada}{subsection.3.4}% 36
\BOOKMARK [3][-]{subsubsection.3.4.3}{Rango Din\341mico}{subsection.3.4}% 37
\BOOKMARK [2][-]{subsection.3.5}{Conclusi\363n}{section.3}% 38
\BOOKMARK [1][-]{section.4}{Celda Sedra-Ghorab-Martin}{}% 39
\BOOKMARK [2][-]{subsection.4.1}{Introducci\363n}{section.4}% 40
\BOOKMARK [2][-]{subsection.4.2}{Celda Sedra-Ghorab-Martin}{section.4}% 41
\BOOKMARK [2][-]{subsection.4.3}{An\341lisis matem\341tico}{section.4}% 42
\BOOKMARK [2][-]{subsection.4.4}{Sensibilidades}{section.4}% 43
\BOOKMARK [2][-]{subsection.4.5}{Aproximaci\363n del filtro}{section.4}% 44
\BOOKMARK [2][-]{subsection.4.6}{Etapa I}{section.4}% 45
\BOOKMARK [2][-]{subsection.4.7}{Etapa II}{section.4}% 46
\BOOKMARK [2][-]{subsection.4.8}{Simulaciones}{section.4}% 47
\BOOKMARK [2][-]{subsection.4.9}{Impedancia de entrada}{section.4}% 48
\BOOKMARK [2][-]{subsection.4.10}{Conclusi\363n}{section.4}% 49
\BOOKMARK [1][-]{section.5}{Celda universal}{}% 50
\BOOKMARK [2][-]{subsection.5.1}{An\341lisis de celdas: funci\363n transferencia y caracter\355sticas}{section.5}% 51
\BOOKMARK [3][-]{subsubsection.5.1.1}{Celda Kerwin-Huelsman-Newcomb}{subsection.5.1}% 52
\BOOKMARK [3][-]{subsubsection.5.1.2}{Celda Tow-Thomas}{subsection.5.1}% 53
\BOOKMARK [3][-]{subsubsection.5.1.3}{Celda Ackerberg-Mossberg}{subsection.5.1}% 54
\BOOKMARK [3][-]{subsubsection.5.1.4}{Celda Fleischer-Tow}{subsection.5.1}% 55
\BOOKMARK [2][-]{subsection.5.2}{Dise\361o del Filtro a partir de Chebycheb II}{section.5}% 56
\BOOKMARK [2][-]{subsection.5.3}{Selecci\363n de Celda}{section.5}% 57
\BOOKMARK [2][-]{subsection.5.4}{Selecci\363n de Componentes}{section.5}% 58
\BOOKMARK [3][-]{subsubsection.5.4.1}{An\341lisis de sensibilidades}{subsection.5.4}% 59
\BOOKMARK [3][-]{subsubsection.5.4.2}{Selecci\363n de Componentes a Utilizar}{subsection.5.4}% 60
\BOOKMARK [2][-]{subsection.5.5}{An\341lisis Montecarlo}{section.5}% 61
\BOOKMARK [2][-]{subsection.5.6}{C\341lculo de impedancia de entrada}{section.5}% 62
\BOOKMARK [2][-]{subsection.5.7}{Conclusi\363n}{section.5}% 63
