This is pdfTeX, Version 3.14159265-2.6-1.40.21 (MiKTeX 20.6.29) (preloaded format=pdflatex 2020.8.21)  9 NOV 2020 21:48
entering extended mode
**d:/Documents/GitHub/TC-Grupo6/TP4/Informe/main.tex
(d:/Documents/GitHub/TC-Grupo6/TP4/Informe/main.tex
LaTeX2e <2020-02-02> patch level 5
L3 programming layer <2020-06-18> (preamble.tex ("C:\Users\Facu Molina\AppData\Local\Programs\MiKTeX\tex/latex/base\article.cls"
Document Class: article 2019/12/20 v1.4l Standard LaTeX document class
("C:\Users\Facu Molina\AppData\Local\Programs\MiKTeX\tex/latex/base\size10.clo"
File: size10.clo 2019/12/20 v1.4l Standard LaTeX file (size option)
)
\c@part=\count167
\c@section=\count168
\c@subsection=\count169
\c@subsubsection=\count170
\c@paragraph=\count171
\c@subparagraph=\count172
\c@figure=\count173
\c@table=\count174
\abovecaptionskip=\skip47
\belowcaptionskip=\skip48
\bibindent=\dimen134
) ("C:\Users\Facu Molina\AppData\Local\Programs\MiKTeX\tex/latex/base\inputenc.sty"
Package: inputenc 2018/08/11 v1.3c Input encoding file
\inpenc@prehook=\toks15
\inpenc@posthook=\toks16
) ("C:\Users\Facu Molina\AppData\Local\Programs\MiKTeX\tex/generic/babel\babel.sty"
Package: babel 2020/06/10 3.45 The Babel package
 ("C:\Users\Facu Molina\AppData\Local\Programs\MiKTeX\tex/generic/babel\babel.def"
File: babel.def 2020/06/10 3.45 Babel common definitions
\babel@savecnt=\count175
\U@D=\dimen135
\l@babelnohyphens=\language79
 ("C:\Users\Facu Molina\AppData\Local\Programs\MiKTeX\tex/generic/babel\txtbabel.def")
\bbl@readstream=\read2
)
\bbl@dirlevel=\count176

*************************************
* Local config file bblopts.cfg used
*
("C:\Users\Facu Molina\AppData\Local\Programs\MiKTeX\tex/latex/arabi\bblopts.cfg"
File: bblopts.cfg 2005/09/08 v0.1 add Arabic and Farsi to "declared" options of babel
) ("C:\Users\Facu Molina\AppData\Local\Programs\MiKTeX\tex/latex/babel-spanish\spanish.ldf"
Language: spanish.ldf 2016/03/03 v5.0p Spanish support from the babel system
\es@quottoks=\toks17
\es@quotdepth=\count177
) ("C:\Users\Facu Molina\AppData\Local\Programs\MiKTeX\tex/latex/babel-english\english.ldf"
Language: english 2017/06/06 v3.3r English support from the babel system
Package babel Info: \l@canadian = using hyphenrules for english
(babel)             (\language0) on input line 102.
Package babel Info: \l@australian = using hyphenrules for ukenglish
(babel)             (\language73) on input line 105.
Package babel Info: \l@newzealand = using hyphenrules for ukenglish
(babel)             (\language73) on input line 108.
)) ("C:\Users\Facu Molina\AppData\Local\Programs\MiKTeX\tex/latex/xcolor\xcolor.sty"
Package: xcolor 2016/05/11 v2.12 LaTeX color extensions (UK)
 ("C:\Users\Facu Molina\AppData\Local\Programs\MiKTeX\tex/latex/graphics-cfg\color.cfg"
File: color.cfg 2016/01/02 v1.6 sample color configuration
)
Package xcolor Info: Driver file: pdftex.def on input line 225.
 ("C:\Users\Facu Molina\AppData\Local\Programs\MiKTeX\tex/latex/graphics-def\pdftex.def"
File: pdftex.def 2018/01/08 v1.0l Graphics/color driver for pdftex
) ("C:\Users\Facu Molina\AppData\Local\Programs\MiKTeX\tex/latex/colortbl\colortbl.sty"
Package: colortbl 2020/01/04 v1.0e Color table columns (DPC)
 ("C:\Users\Facu Molina\AppData\Local\Programs\MiKTeX\tex/latex/tools\array.sty"
Package: array 2019/08/31 v2.4l Tabular extension package (FMi)
\col@sep=\dimen136
\ar@mcellbox=\box45
\extrarowheight=\dimen137
\NC@list=\toks18
\extratabsurround=\skip49
\backup@length=\skip50
\ar@cellbox=\box46
)
\everycr=\toks19
\minrowclearance=\skip51
)
\rownum=\count178
Package xcolor Info: Model `cmy' substituted by `cmy0' on input line 1348.
Package xcolor Info: Model `hsb' substituted by `rgb' on input line 1352.
Package xcolor Info: Model `RGB' extended on input line 1364.
Package xcolor Info: Model `HTML' substituted by `rgb' on input line 1366.
Package xcolor Info: Model `Hsb' substituted by `hsb' on input line 1367.
Package xcolor Info: Model `tHsb' substituted by `hsb' on input line 1368.
Package xcolor Info: Model `HSB' substituted by `hsb' on input line 1369.
Package xcolor Info: Model `Gray' substituted by `gray' on input line 1370.
Package xcolor Info: Model `wave' substituted by `hsb' on input line 1371.
) ("C:\Users\Facu Molina\AppData\Local\Programs\MiKTeX\tex/latex/geometry\geometry.sty"
Package: geometry 2020/01/02 v5.9 Page Geometry
 ("C:\Users\Facu Molina\AppData\Local\Programs\MiKTeX\tex/latex/graphics\keyval.sty"
Package: keyval 2014/10/28 v1.15 key=value parser (DPC)
\KV@toks@=\toks20
) ("C:\Users\Facu Molina\AppData\Local\Programs\MiKTeX\tex/generic/iftex\ifvtex.sty"
Package: ifvtex 2019/10/25 v1.7 ifvtex legacy package. Use iftex instead.
 ("C:\Users\Facu Molina\AppData\Local\Programs\MiKTeX\tex/generic/iftex\iftex.sty"
Package: iftex 2020/03/06 v1.0d TeX engine tests
))
\Gm@cnth=\count179
\Gm@cntv=\count180
\c@Gm@tempcnt=\count181
\Gm@bindingoffset=\dimen138
\Gm@wd@mp=\dimen139
\Gm@odd@mp=\dimen140
\Gm@even@mp=\dimen141
\Gm@layoutwidth=\dimen142
\Gm@layoutheight=\dimen143
\Gm@layouthoffset=\dimen144
\Gm@layoutvoffset=\dimen145
\Gm@dimlist=\toks21
 ("C:\Users\Facu Molina\AppData\Local\Programs\MiKTeX\tex/latex/geometry\geometry.cfg")) ("C:\Users\Facu Molina\AppData\Local\Programs\MiKTeX\tex/latex/caption\caption.sty"
Package: caption 2020/05/30 v3.4k Customizing captions (AR)
 ("C:\Users\Facu Molina\AppData\Local\Programs\MiKTeX\tex/latex/caption\caption3.sty"
Package: caption3 2020/07/20 v1.12b caption3 kernel (AR)
Package caption3 Info: TeX engine: e-TeX on input line 61.
\captionmargin=\dimen146
\captionmargin@=\dimen147
\captionwidth=\dimen148
\caption@tempdima=\dimen149
\caption@indent=\dimen150
\caption@parindent=\dimen151
\caption@hangindent=\dimen152
Package caption Info: Standard document class detected.
)
\c@caption@flags=\count182
\c@continuedfloat=\count183
) ("C:\Users\Facu Molina\AppData\Local\Programs\MiKTeX\tex/latex/siunitx\siunitx.sty" ("C:\Users\Facu Molina\AppData\Local\Programs\MiKTeX\tex/latex/l3kernel\expl3.sty"
Package: expl3 2020-06-18 L3 programming layer (loader) 
 ("C:\Users\Facu Molina\AppData\Local\Programs\MiKTeX\tex/latex/l3backend\l3backend-pdfmode.def"
File: l3backend-pdfmode.def 2020-06-29 L3 backend support: PDF mode
\l__kernel_color_stack_int=\count184
\l__pdf_internal_box=\box47
)) ("C:\Users\Facu Molina\AppData\Local\Programs\MiKTeX\tex/latex/l3packages/xparse\xparse.sty"
Package: xparse 2020-05-15 L3 Experimental document command parser
 ("C:\Users\Facu Molina\AppData\Local\Programs\MiKTeX\tex/latex/l3packages/xparse\xparse-generic.tex"
\l__xparse_current_arg_int=\count185
\g__xparse_grabber_int=\count186
\l__xparse_m_args_int=\count187
\l__xparse_v_nesting_int=\count188
))
Package: siunitx 2020/02/25 v2.8b A comprehensive (SI) units package
 ("C:\Users\Facu Molina\AppData\Local\Programs\MiKTeX\tex/latex/amsmath\amstext.sty"
Package: amstext 2000/06/29 v2.01 AMS text
 ("C:\Users\Facu Molina\AppData\Local\Programs\MiKTeX\tex/latex/amsmath\amsgen.sty"
File: amsgen.sty 1999/11/30 v2.0 generic functions
\@emptytoks=\toks22
\ex@=\dimen153
)) ("C:\Users\Facu Molina\AppData\Local\Programs\MiKTeX\tex/latex/l3packages/l3keys2e\l3keys2e.sty"
Package: l3keys2e 2020-05-15 LaTeX2e option processing using LaTeX3 keys
)
\l__siunitx_tmp_box=\box48
\l__siunitx_tmp_dim=\dimen154
\l__siunitx_tmp_int=\count189
\l__siunitx_number_mantissa_length_int=\count190
\l__siunitx_number_uncert_length_int=\count191
\l__siunitx_round_int=\count192
\l__siunitx_process_decimal_int=\count193
\l__siunitx_process_uncertainty_int=\count194
\l__siunitx_process_fixed_int=\count195
\l__siunitx_process_integer_min_int=\count196
\l__siunitx_process_precision_int=\count197
\l__siunitx_group_min_int=\count198
\l__siunitx_angle_marker_box=\box49
\l__siunitx_angle_unit_box=\box50
\l__siunitx_angle_marker_dim=\dimen155
\l__siunitx_angle_unit_dim=\dimen156
\l__siunitx_unit_int=\count199
\l__siunitx_unit_denominator_int=\count266
\l__siunitx_unit_numerator_int=\count267
\l__siunitx_unit_prefix_int=\count268
\l__siunitx_unit_prefix_base_int=\count269
\l__siunitx_unit_prefix_gram_int=\count270
\l__siunitx_number_product_int=\count271
\c__siunitx_one_fill_skip=\skip52
\l__siunitx_table_unit_align_skip=\skip53
\l__siunitx_table_exponent_dim=\dimen157
\l__siunitx_table_integer_dim=\dimen158
\l__siunitx_table_mantissa_dim=\dimen159
\l__siunitx_table_marker_dim=\dimen160
\l__siunitx_table_result_dim=\dimen161
\l__siunitx_table_uncert_dim=\dimen162
\l__siunitx_table_fill_pre_dim=\dimen163
\l__siunitx_table_fill_post_dim=\dimen164
\l__siunitx_table_fill_mid_dim=\dimen165
\l__siunitx_table_pre_box=\box51
\l__siunitx_table_post_box=\box52
\l__siunitx_table_mantissa_box=\box53
\l__siunitx_table_result_box=\box54
\l__siunitx_table_number_align_skip=\skip54
\l__siunitx_table_text_align_skip=\skip55
 ("C:\Users\Facu Molina\AppData\Local\Programs\MiKTeX\tex/latex/translator\translator.sty"
Package: translator 2020-08-03 v1.12c Easy translation of strings in LaTeX
)) ("C:\Users\Facu Molina\AppData\Local\Programs\MiKTeX\tex/latex/amsmath\amsmath.sty"
Package: amsmath 2020/01/20 v2.17e AMS math features
\@mathmargin=\skip56

For additional information on amsmath, use the `?' option.
("C:\Users\Facu Molina\AppData\Local\Programs\MiKTeX\tex/latex/amsmath\amsbsy.sty"
Package: amsbsy 1999/11/29 v1.2d Bold Symbols
\pmbraise@=\dimen166
) ("C:\Users\Facu Molina\AppData\Local\Programs\MiKTeX\tex/latex/amsmath\amsopn.sty"
Package: amsopn 2016/03/08 v2.02 operator names
)
\inf@bad=\count272
LaTeX Info: Redefining \frac on input line 227.
\uproot@=\count273
\leftroot@=\count274
LaTeX Info: Redefining \overline on input line 389.
\classnum@=\count275
\DOTSCASE@=\count276
LaTeX Info: Redefining \ldots on input line 486.
LaTeX Info: Redefining \dots on input line 489.
LaTeX Info: Redefining \cdots on input line 610.
\Mathstrutbox@=\box55
\strutbox@=\box56
\big@size=\dimen167
LaTeX Font Info:    Redeclaring font encoding OML on input line 733.
LaTeX Font Info:    Redeclaring font encoding OMS on input line 734.
\macc@depth=\count277
\c@MaxMatrixCols=\count278
\dotsspace@=\muskip16
\c@parentequation=\count279
\dspbrk@lvl=\count280
\tag@help=\toks23
\row@=\count281
\column@=\count282
\maxfields@=\count283
\andhelp@=\toks24
\eqnshift@=\dimen168
\alignsep@=\dimen169
\tagshift@=\dimen170
\tagwidth@=\dimen171
\totwidth@=\dimen172
\lineht@=\dimen173
\@envbody=\toks25
\multlinegap=\skip57
\multlinetaggap=\skip58
\mathdisplay@stack=\toks26
LaTeX Info: Redefining \[ on input line 2859.
LaTeX Info: Redefining \] on input line 2860.
) ("C:\Users\Facu Molina\AppData\Local\Programs\MiKTeX\tex/latex/amsfonts\amsfonts.sty"
Package: amsfonts 2013/01/14 v3.01 Basic AMSFonts support
\symAMSa=\mathgroup4
\symAMSb=\mathgroup5
LaTeX Font Info:    Redeclaring math symbol \hbar on input line 98.
LaTeX Font Info:    Overwriting math alphabet `\mathfrak' in version `bold'
(Font)                  U/euf/m/n --> U/euf/b/n on input line 106.
) ("C:\Users\Facu Molina\AppData\Local\Programs\MiKTeX\tex/latex/amsfonts\amssymb.sty"
Package: amssymb 2013/01/14 v3.01 AMS font symbols
) ("C:\Users\Facu Molina\AppData\Local\Programs\MiKTeX\tex/latex/float\float.sty"
Package: float 2001/11/08 v1.3d Float enhancements (AL)
\c@float@type=\count284
\float@exts=\toks27
\float@box=\box57
\@float@everytoks=\toks28
\@floatcapt=\box58
) ("C:\Users\Facu Molina\AppData\Local\Programs\MiKTeX\tex/latex/base\textcomp.sty"
Package: textcomp 2020/02/02 v2.0n Standard LaTeX package
) ("C:\Users\Facu Molina\AppData\Local\Programs\MiKTeX\tex/latex/graphics\graphicx.sty"
Package: graphicx 2019/11/30 v1.2a Enhanced LaTeX Graphics (DPC,SPQR)
 ("C:\Users\Facu Molina\AppData\Local\Programs\MiKTeX\tex/latex/graphics\graphics.sty"
Package: graphics 2019/11/30 v1.4a Standard LaTeX Graphics (DPC,SPQR)
 ("C:\Users\Facu Molina\AppData\Local\Programs\MiKTeX\tex/latex/graphics\trig.sty"
Package: trig 2016/01/03 v1.10 sin cos tan (DPC)
) ("C:\Users\Facu Molina\AppData\Local\Programs\MiKTeX\tex/latex/graphics-cfg\graphics.cfg"
File: graphics.cfg 2016/06/04 v1.11 sample graphics configuration
)
Package graphics Info: Driver file: pdftex.def on input line 105.
)
\Gin@req@height=\dimen174
\Gin@req@width=\dimen175
) ("C:\Users\Facu Molina\AppData\Local\Programs\MiKTeX\tex/latex/wrapfig\wrapfig.sty"
\wrapoverhang=\dimen176
\WF@size=\dimen177
\c@WF@wrappedlines=\count285
\WF@box=\box59
\WF@everypar=\toks29
Package: wrapfig 2003/01/31  v 3.6
) ("C:\Users\Facu Molina\AppData\Local\Programs\MiKTeX\tex/latex/caption\subcaption.sty"
Package: subcaption 2020/01/22 v1.3d Sub-captions (AR)
\c@subfigure=\count286
\c@subtable=\count287
) ("C:\Users\Facu Molina\AppData\Local\Programs\MiKTeX\tex/latex/tools\multicol.sty"
Package: multicol 2019/12/09 v1.8y multicolumn formatting (FMi)
\c@tracingmulticols=\count288
\mult@box=\box60
\multicol@leftmargin=\dimen178
\c@unbalance=\count289
\c@collectmore=\count290
\doublecol@number=\count291
\multicoltolerance=\count292
\multicolpretolerance=\count293
\full@width=\dimen179
\page@free=\dimen180
\premulticols=\dimen181
\postmulticols=\dimen182
\multicolsep=\skip59
\multicolbaselineskip=\skip60
\partial@page=\box61
\last@line=\box62
\maxbalancingoverflow=\dimen183
\mult@rightbox=\box63
\mult@grightbox=\box64
\mult@gfirstbox=\box65
\mult@firstbox=\box66
\@tempa=\box67
\@tempa=\box68
\@tempa=\box69
\@tempa=\box70
\@tempa=\box71
\@tempa=\box72
\@tempa=\box73
\@tempa=\box74
\@tempa=\box75
\@tempa=\box76
\@tempa=\box77
\@tempa=\box78
\@tempa=\box79
\@tempa=\box80
\@tempa=\box81
\@tempa=\box82
\@tempa=\box83
\@tempa=\box84
\@tempa=\box85
\@tempa=\box86
\@tempa=\box87
\@tempa=\box88
\@tempa=\box89
\@tempa=\box90
\@tempa=\box91
\@tempa=\box92
\@tempa=\box93
\@tempa=\box94
\@tempa=\box95
\@tempa=\box96
\@tempa=\box97
\@tempa=\box98
\@tempa=\box99
\@tempa=\box100
\@tempa=\box101
\@tempa=\box102
\@tempa=\box103
\c@minrows=\count294
\c@columnbadness=\count295
\c@finalcolumnbadness=\count296
\last@try=\dimen184
\multicolovershoot=\dimen185
\multicolundershoot=\dimen186
\mult@nat@firstbox=\box104
\colbreak@box=\box105
\mc@col@check@num=\count297
) ("C:\Users\Facu Molina\AppData\Local\Programs\MiKTeX\tex/latex/multirow\multirow.sty"
Package: multirow 2019/05/31 v2.5 Span multiple rows of a table
\multirow@colwidth=\skip61
\multirow@cntb=\count298
\multirow@dima=\skip62
\bigstrutjot=\dimen187
) ("C:\Users\Facu Molina\AppData\Local\Programs\MiKTeX\tex/latex/hyperref\hyperref.sty"
Package: hyperref 2020-05-15 v7.00e Hypertext links for LaTeX
 ("C:\Users\Facu Molina\AppData\Local\Programs\MiKTeX\tex/generic/ltxcmds\ltxcmds.sty"
Package: ltxcmds 2019/12/15 v1.24 LaTeX kernel commands for general use (HO)
) ("C:\Users\Facu Molina\AppData\Local\Programs\MiKTeX\tex/generic/pdftexcmds\pdftexcmds.sty"
Package: pdftexcmds 2020-06-27 v0.33 Utility functions of pdfTeX for LuaTeX (HO)
 ("C:\Users\Facu Molina\AppData\Local\Programs\MiKTeX\tex/generic/infwarerr\infwarerr.sty"
Package: infwarerr 2019/12/03 v1.5 Providing info/warning/error messages (HO)
)
Package pdftexcmds Info: \pdf@primitive is available.
Package pdftexcmds Info: \pdf@ifprimitive is available.
Package pdftexcmds Info: \pdfdraftmode found.
) ("C:\Users\Facu Molina\AppData\Local\Programs\MiKTeX\tex/generic/kvsetkeys\kvsetkeys.sty"
Package: kvsetkeys 2019/12/15 v1.18 Key value parser (HO)
) ("C:\Users\Facu Molina\AppData\Local\Programs\MiKTeX\tex/generic/kvdefinekeys\kvdefinekeys.sty"
Package: kvdefinekeys 2019-12-19 v1.6 Define keys (HO)
) ("C:\Users\Facu Molina\AppData\Local\Programs\MiKTeX\tex/generic/pdfescape\pdfescape.sty"
Package: pdfescape 2019/12/09 v1.15 Implements pdfTeX's escape features (HO)
) ("C:\Users\Facu Molina\AppData\Local\Programs\MiKTeX\tex/latex/hycolor\hycolor.sty"
Package: hycolor 2020-01-27 v1.10 Color options for hyperref/bookmark (HO)
) ("C:\Users\Facu Molina\AppData\Local\Programs\MiKTeX\tex/latex/letltxmacro\letltxmacro.sty"
Package: letltxmacro 2019/12/03 v1.6 Let assignment for LaTeX macros (HO)
) ("C:\Users\Facu Molina\AppData\Local\Programs\MiKTeX\tex/latex/auxhook\auxhook.sty"
Package: auxhook 2019-12-17 v1.6 Hooks for auxiliary files (HO)
) ("C:\Users\Facu Molina\AppData\Local\Programs\MiKTeX\tex/latex/kvoptions\kvoptions.sty"
Package: kvoptions 2019/11/29 v3.13 Key value format for package options (HO)
)
\@linkdim=\dimen188
\Hy@linkcounter=\count299
\Hy@pagecounter=\count300
 ("C:\Users\Facu Molina\AppData\Local\Programs\MiKTeX\tex/latex/hyperref\pd1enc.def"
File: pd1enc.def 2020-05-15 v7.00e Hyperref: PDFDocEncoding definition (HO)
Now handling font encoding PD1 ...
... no UTF-8 mapping file for font encoding PD1
) ("C:\Users\Facu Molina\AppData\Local\Programs\MiKTeX\tex/generic/intcalc\intcalc.sty"
Package: intcalc 2019/12/15 v1.3 Expandable calculations with integers (HO)
) ("C:\Users\Facu Molina\AppData\Local\Programs\MiKTeX\tex/generic/etexcmds\etexcmds.sty"
Package: etexcmds 2019/12/15 v1.7 Avoid name clashes with e-TeX commands (HO)
)
\Hy@SavedSpaceFactor=\count301
Package hyperref Info: Hyper figures OFF on input line 4464.
Package hyperref Info: Link nesting OFF on input line 4469.
Package hyperref Info: Hyper index ON on input line 4472.
Package hyperref Info: Plain pages OFF on input line 4479.
Package hyperref Info: Backreferencing OFF on input line 4484.
Package hyperref Info: Implicit mode ON; LaTeX internals redefined.
Package hyperref Info: Bookmarks ON on input line 4717.
\c@Hy@tempcnt=\count302
 ("C:\Users\Facu Molina\AppData\Local\Programs\MiKTeX\tex/latex/url\url.sty"
\Urlmuskip=\muskip17
Package: url 2013/09/16  ver 3.4  Verb mode for urls, etc.
)
LaTeX Info: Redefining \url on input line 5076.
\XeTeXLinkMargin=\dimen189
 ("C:\Users\Facu Molina\AppData\Local\Programs\MiKTeX\tex/generic/bitset\bitset.sty"
Package: bitset 2019/12/09 v1.3 Handle bit-vector datatype (HO)
 ("C:\Users\Facu Molina\AppData\Local\Programs\MiKTeX\tex/generic/bigintcalc\bigintcalc.sty"
Package: bigintcalc 2019/12/15 v1.5 Expandable calculations on big integers (HO)
))
\Fld@menulength=\count303
\Field@Width=\dimen190
\Fld@charsize=\dimen191
Package hyperref Info: Hyper figures OFF on input line 6347.
Package hyperref Info: Link nesting OFF on input line 6352.
Package hyperref Info: Hyper index ON on input line 6355.
Package hyperref Info: backreferencing OFF on input line 6362.
Package hyperref Info: Link coloring OFF on input line 6367.
Package hyperref Info: Link coloring with OCG OFF on input line 6372.
Package hyperref Info: PDF/A mode OFF on input line 6377.
LaTeX Info: Redefining \ref on input line 6417.
LaTeX Info: Redefining \pageref on input line 6421.
 ("C:\Users\Facu Molina\AppData\Local\Programs\MiKTeX\tex/generic/atbegshi\atbegshi.sty"
Package: atbegshi 2019/12/05 v1.19 At begin shipout hook (HO)
)
\Hy@abspage=\count304
\c@Item=\count305
\c@Hfootnote=\count306
)
Package hyperref Info: Driver (autodetected): hpdftex.
 ("C:\Users\Facu Molina\AppData\Local\Programs\MiKTeX\tex/latex/hyperref\hpdftex.def"
File: hpdftex.def 2020-05-15 v7.00e Hyperref driver for pdfTeX
 ("C:\Users\Facu Molina\AppData\Local\Programs\MiKTeX\tex/latex/atveryend\atveryend.sty"
Package: atveryend 2019-12-11 v1.11 Hooks at the very end of document (HO)
Package atveryend Info: \enddocument detected (standard20110627).
)
\Fld@listcount=\count307
\c@bookmark@seq@number=\count308
 ("C:\Users\Facu Molina\AppData\Local\Programs\MiKTeX\tex/latex/rerunfilecheck\rerunfilecheck.sty"
Package: rerunfilecheck 2019/12/05 v1.9 Rerun checks for auxiliary files (HO)
 ("C:\Users\Facu Molina\AppData\Local\Programs\MiKTeX\tex/generic/uniquecounter\uniquecounter.sty"
Package: uniquecounter 2019/12/15 v1.4 Provide unlimited unique counter (HO)
)
Package uniquecounter Info: New unique counter `rerunfilecheck' on input line 286.
)
\Hy@SectionHShift=\skip63
)
Package hyperref Info: Option `colorlinks' set `true' on input line 33.
 ("C:\Users\Facu Molina\AppData\Local\Programs\MiKTeX\tex/latex/circuitikz\circuitikz.sty"
Package: circuitikz 2020/08/07{} The CircuiTikz circuit drawing package version 1.2.3
 ("C:\Users\Facu Molina\AppData\Local\Programs\MiKTeX\tex/latex/pgf/frontendlayer\tikz.sty" ("C:\Users\Facu Molina\AppData\Local\Programs\MiKTeX\tex/latex/pgf/basiclayer\pgf.sty" ("C:\Users\Facu Molina\AppData\Local\Programs\MiKTeX\tex/latex/pgf/utilities\pgfrcs.sty" ("C:\Users\Facu Molina\AppData\Local\Programs\MiKTeX\tex/generic/pgf/utilities\pgfutil-common.tex"
\pgfutil@everybye=\toks30
\pgfutil@tempdima=\dimen192
\pgfutil@tempdimb=\dimen193
 ("C:\Users\Facu Molina\AppData\Local\Programs\MiKTeX\tex/generic/pgf/utilities\pgfutil-common-lists.tex")) ("C:\Users\Facu Molina\AppData\Local\Programs\MiKTeX\tex/generic/pgf/utilities\pgfutil-latex.def"
\pgfutil@abb=\box106
 ("C:\Users\Facu Molina\AppData\Local\Programs\MiKTeX\tex/latex/ms\everyshi.sty"
Package: everyshi 2001/05/15 v3.00 EveryShipout Package (MS)
)) ("C:\Users\Facu Molina\AppData\Local\Programs\MiKTeX\tex/generic/pgf/utilities\pgfrcs.code.tex" ("C:\Users\Facu Molina\AppData\Local\Programs\MiKTeX\tex/generic/pgf\pgf.revision.tex")
Package: pgfrcs 2020/01/08 v3.1.5b (3.1.5b)
))
Package: pgf 2020/01/08 v3.1.5b (3.1.5b)
 ("C:\Users\Facu Molina\AppData\Local\Programs\MiKTeX\tex/latex/pgf/basiclayer\pgfcore.sty" ("C:\Users\Facu Molina\AppData\Local\Programs\MiKTeX\tex/latex/pgf/systemlayer\pgfsys.sty" ("C:\Users\Facu Molina\AppData\Local\Programs\MiKTeX\tex/generic/pgf/systemlayer\pgfsys.code.tex"
Package: pgfsys 2020/01/08 v3.1.5b (3.1.5b)
 ("C:\Users\Facu Molina\AppData\Local\Programs\MiKTeX\tex/generic/pgf/utilities\pgfkeys.code.tex"
\pgfkeys@pathtoks=\toks31
\pgfkeys@temptoks=\toks32
 ("C:\Users\Facu Molina\AppData\Local\Programs\MiKTeX\tex/generic/pgf/utilities\pgfkeysfiltered.code.tex"
\pgfkeys@tmptoks=\toks33
))
\pgf@x=\dimen194
\pgf@y=\dimen195
\pgf@xa=\dimen196
\pgf@ya=\dimen197
\pgf@xb=\dimen198
\pgf@yb=\dimen199
\pgf@xc=\dimen256
\pgf@yc=\dimen257
\pgf@xd=\dimen258
\pgf@yd=\dimen259
\w@pgf@writea=\write3
\r@pgf@reada=\read3
\c@pgf@counta=\count309
\c@pgf@countb=\count310
\c@pgf@countc=\count311
\c@pgf@countd=\count312
\t@pgf@toka=\toks34
\t@pgf@tokb=\toks35
\t@pgf@tokc=\toks36
\pgf@sys@id@count=\count313
 ("C:\Users\Facu Molina\AppData\Local\Programs\MiKTeX\tex/generic/pgf/systemlayer\pgf.cfg"
File: pgf.cfg 2020/01/08 v3.1.5b (3.1.5b)
)
Driver file for pgf: pgfsys-pdftex.def
 ("C:\Users\Facu Molina\AppData\Local\Programs\MiKTeX\tex/generic/pgf/systemlayer\pgfsys-pdftex.def"
File: pgfsys-pdftex.def 2020/01/08 v3.1.5b (3.1.5b)
 ("C:\Users\Facu Molina\AppData\Local\Programs\MiKTeX\tex/generic/pgf/systemlayer\pgfsys-common-pdf.def"
File: pgfsys-common-pdf.def 2020/01/08 v3.1.5b (3.1.5b)
))) ("C:\Users\Facu Molina\AppData\Local\Programs\MiKTeX\tex/generic/pgf/systemlayer\pgfsyssoftpath.code.tex"
File: pgfsyssoftpath.code.tex 2020/01/08 v3.1.5b (3.1.5b)
\pgfsyssoftpath@smallbuffer@items=\count314
\pgfsyssoftpath@bigbuffer@items=\count315
) ("C:\Users\Facu Molina\AppData\Local\Programs\MiKTeX\tex/generic/pgf/systemlayer\pgfsysprotocol.code.tex"
File: pgfsysprotocol.code.tex 2020/01/08 v3.1.5b (3.1.5b)
)) ("C:\Users\Facu Molina\AppData\Local\Programs\MiKTeX\tex/generic/pgf/basiclayer\pgfcore.code.tex"
Package: pgfcore 2020/01/08 v3.1.5b (3.1.5b)
 ("C:\Users\Facu Molina\AppData\Local\Programs\MiKTeX\tex/generic/pgf/math\pgfmath.code.tex" ("C:\Users\Facu Molina\AppData\Local\Programs\MiKTeX\tex/generic/pgf/math\pgfmathcalc.code.tex" ("C:\Users\Facu Molina\AppData\Local\Programs\MiKTeX\tex/generic/pgf/math\pgfmathutil.code.tex") ("C:\Users\Facu Molina\AppData\Local\Programs\MiKTeX\tex/generic/pgf/math\pgfmathparser.code.tex"
\pgfmath@dimen=\dimen260
\pgfmath@count=\count316
\pgfmath@box=\box107
\pgfmath@toks=\toks37
\pgfmath@stack@operand=\toks38
\pgfmath@stack@operation=\toks39
) ("C:\Users\Facu Molina\AppData\Local\Programs\MiKTeX\tex/generic/pgf/math\pgfmathfunctions.code.tex" ("C:\Users\Facu Molina\AppData\Local\Programs\MiKTeX\tex/generic/pgf/math\pgfmathfunctions.basic.code.tex") ("C:\Users\Facu Molina\AppData\Local\Programs\MiKTeX\tex/generic/pgf/math\pgfmathfunctions.trigonometric.code.tex") ("C:\Users\Facu Molina\AppData\Local\Programs\MiKTeX\tex/generic/pgf/math\pgfmathfunctions.random.code.tex") ("C:\Users\Facu Molina\AppData\Local\Programs\MiKTeX\tex/generic/pgf/math\pgfmathfunctions.comparison.code.tex") ("C:\Users\Facu Molina\AppData\Local\Programs\MiKTeX\tex/generic/pgf/math\pgfmathfunctions.base.code.tex") ("C:\Users\Facu Molina\AppData\Local\Programs\MiKTeX\tex/generic/pgf/math\pgfmathfunctions.round.code.tex") ("C:\Users\Facu Molina\AppData\Local\Programs\MiKTeX\tex/generic/pgf/math\pgfmathfunctions.misc.code.tex") ("C:\Users\Facu Molina\AppData\Local\Programs\MiKTeX\tex/generic/pgf/math\pgfmathfunctions.integerarithmetics.code.tex"))) ("C:\Users\Facu Molina\AppData\Local\Programs\MiKTeX\tex/generic/pgf/math\pgfmathfloat.code.tex"
\c@pgfmathroundto@lastzeros=\count317
)) ("C:\Users\Facu Molina\AppData\Local\Programs\MiKTeX\tex/generic/pgf/math\pgfint.code.tex") ("C:\Users\Facu Molina\AppData\Local\Programs\MiKTeX\tex/generic/pgf/basiclayer\pgfcorepoints.code.tex"
File: pgfcorepoints.code.tex 2020/01/08 v3.1.5b (3.1.5b)
\pgf@picminx=\dimen261
\pgf@picmaxx=\dimen262
\pgf@picminy=\dimen263
\pgf@picmaxy=\dimen264
\pgf@pathminx=\dimen265
\pgf@pathmaxx=\dimen266
\pgf@pathminy=\dimen267
\pgf@pathmaxy=\dimen268
\pgf@xx=\dimen269
\pgf@xy=\dimen270
\pgf@yx=\dimen271
\pgf@yy=\dimen272
\pgf@zx=\dimen273
\pgf@zy=\dimen274
) ("C:\Users\Facu Molina\AppData\Local\Programs\MiKTeX\tex/generic/pgf/basiclayer\pgfcorepathconstruct.code.tex"
File: pgfcorepathconstruct.code.tex 2020/01/08 v3.1.5b (3.1.5b)
\pgf@path@lastx=\dimen275
\pgf@path@lasty=\dimen276
) ("C:\Users\Facu Molina\AppData\Local\Programs\MiKTeX\tex/generic/pgf/basiclayer\pgfcorepathusage.code.tex"
File: pgfcorepathusage.code.tex 2020/01/08 v3.1.5b (3.1.5b)
\pgf@shorten@end@additional=\dimen277
\pgf@shorten@start@additional=\dimen278
) ("C:\Users\Facu Molina\AppData\Local\Programs\MiKTeX\tex/generic/pgf/basiclayer\pgfcorescopes.code.tex"
File: pgfcorescopes.code.tex 2020/01/08 v3.1.5b (3.1.5b)
\pgfpic=\box108
\pgf@hbox=\box109
\pgf@layerbox@main=\box110
\pgf@picture@serial@count=\count318
) ("C:\Users\Facu Molina\AppData\Local\Programs\MiKTeX\tex/generic/pgf/basiclayer\pgfcoregraphicstate.code.tex"
File: pgfcoregraphicstate.code.tex 2020/01/08 v3.1.5b (3.1.5b)
\pgflinewidth=\dimen279
) ("C:\Users\Facu Molina\AppData\Local\Programs\MiKTeX\tex/generic/pgf/basiclayer\pgfcoretransformations.code.tex"
File: pgfcoretransformations.code.tex 2020/01/08 v3.1.5b (3.1.5b)
\pgf@pt@x=\dimen280
\pgf@pt@y=\dimen281
\pgf@pt@temp=\dimen282
) ("C:\Users\Facu Molina\AppData\Local\Programs\MiKTeX\tex/generic/pgf/basiclayer\pgfcorequick.code.tex"
File: pgfcorequick.code.tex 2020/01/08 v3.1.5b (3.1.5b)
) ("C:\Users\Facu Molina\AppData\Local\Programs\MiKTeX\tex/generic/pgf/basiclayer\pgfcoreobjects.code.tex"
File: pgfcoreobjects.code.tex 2020/01/08 v3.1.5b (3.1.5b)
) ("C:\Users\Facu Molina\AppData\Local\Programs\MiKTeX\tex/generic/pgf/basiclayer\pgfcorepathprocessing.code.tex"
File: pgfcorepathprocessing.code.tex 2020/01/08 v3.1.5b (3.1.5b)
) ("C:\Users\Facu Molina\AppData\Local\Programs\MiKTeX\tex/generic/pgf/basiclayer\pgfcorearrows.code.tex"
File: pgfcorearrows.code.tex 2020/01/08 v3.1.5b (3.1.5b)
\pgfarrowsep=\dimen283
) ("C:\Users\Facu Molina\AppData\Local\Programs\MiKTeX\tex/generic/pgf/basiclayer\pgfcoreshade.code.tex"
File: pgfcoreshade.code.tex 2020/01/08 v3.1.5b (3.1.5b)
\pgf@max=\dimen284
\pgf@sys@shading@range@num=\count319
\pgf@shadingcount=\count320
) ("C:\Users\Facu Molina\AppData\Local\Programs\MiKTeX\tex/generic/pgf/basiclayer\pgfcoreimage.code.tex"
File: pgfcoreimage.code.tex 2020/01/08 v3.1.5b (3.1.5b)
 ("C:\Users\Facu Molina\AppData\Local\Programs\MiKTeX\tex/generic/pgf/basiclayer\pgfcoreexternal.code.tex"
File: pgfcoreexternal.code.tex 2020/01/08 v3.1.5b (3.1.5b)
\pgfexternal@startupbox=\box111
)) ("C:\Users\Facu Molina\AppData\Local\Programs\MiKTeX\tex/generic/pgf/basiclayer\pgfcorelayers.code.tex"
File: pgfcorelayers.code.tex 2020/01/08 v3.1.5b (3.1.5b)
) ("C:\Users\Facu Molina\AppData\Local\Programs\MiKTeX\tex/generic/pgf/basiclayer\pgfcoretransparency.code.tex"
File: pgfcoretransparency.code.tex 2020/01/08 v3.1.5b (3.1.5b)
) ("C:\Users\Facu Molina\AppData\Local\Programs\MiKTeX\tex/generic/pgf/basiclayer\pgfcorepatterns.code.tex"
File: pgfcorepatterns.code.tex 2020/01/08 v3.1.5b (3.1.5b)
) ("C:\Users\Facu Molina\AppData\Local\Programs\MiKTeX\tex/generic/pgf/basiclayer\pgfcorerdf.code.tex"
File: pgfcorerdf.code.tex 2020/01/08 v3.1.5b (3.1.5b)
))) ("C:\Users\Facu Molina\AppData\Local\Programs\MiKTeX\tex/generic/pgf/modules\pgfmoduleshapes.code.tex"
File: pgfmoduleshapes.code.tex 2020/01/08 v3.1.5b (3.1.5b)
\pgfnodeparttextbox=\box112
) ("C:\Users\Facu Molina\AppData\Local\Programs\MiKTeX\tex/generic/pgf/modules\pgfmoduleplot.code.tex"
File: pgfmoduleplot.code.tex 2020/01/08 v3.1.5b (3.1.5b)
) ("C:\Users\Facu Molina\AppData\Local\Programs\MiKTeX\tex/latex/pgf/compatibility\pgfcomp-version-0-65.sty"
Package: pgfcomp-version-0-65 2020/01/08 v3.1.5b (3.1.5b)
\pgf@nodesepstart=\dimen285
\pgf@nodesepend=\dimen286
) ("C:\Users\Facu Molina\AppData\Local\Programs\MiKTeX\tex/latex/pgf/compatibility\pgfcomp-version-1-18.sty"
Package: pgfcomp-version-1-18 2020/01/08 v3.1.5b (3.1.5b)
)) ("C:\Users\Facu Molina\AppData\Local\Programs\MiKTeX\tex/latex/pgf/utilities\pgffor.sty" ("C:\Users\Facu Molina\AppData\Local\Programs\MiKTeX\tex/latex/pgf/utilities\pgfkeys.sty" ("C:\Users\Facu Molina\AppData\Local\Programs\MiKTeX\tex/generic/pgf/utilities\pgfkeys.code.tex")) ("C:\Users\Facu Molina\AppData\Local\Programs\MiKTeX\tex/latex/pgf/math\pgfmath.sty" ("C:\Users\Facu Molina\AppData\Local\Programs\MiKTeX\tex/generic/pgf/math\pgfmath.code.tex")) ("C:\Users\Facu Molina\AppData\Local\Programs\MiKTeX\tex/generic/pgf/utilities\pgffor.code.tex"
Package: pgffor 2020/01/08 v3.1.5b (3.1.5b)
 ("C:\Users\Facu Molina\AppData\Local\Programs\MiKTeX\tex/generic/pgf/math\pgfmath.code.tex")
\pgffor@iter=\dimen287
\pgffor@skip=\dimen288
\pgffor@stack=\toks40
\pgffor@toks=\toks41
)) ("C:\Users\Facu Molina\AppData\Local\Programs\MiKTeX\tex/generic/pgf/frontendlayer/tikz\tikz.code.tex"
Package: tikz 2020/01/08 v3.1.5b (3.1.5b)
 ("C:\Users\Facu Molina\AppData\Local\Programs\MiKTeX\tex/generic/pgf/libraries\pgflibraryplothandlers.code.tex"
File: pgflibraryplothandlers.code.tex 2020/01/08 v3.1.5b (3.1.5b)
\pgf@plot@mark@count=\count321
\pgfplotmarksize=\dimen289
)
\tikz@lastx=\dimen290
\tikz@lasty=\dimen291
\tikz@lastxsaved=\dimen292
\tikz@lastysaved=\dimen293
\tikz@lastmovetox=\dimen294
\tikz@lastmovetoy=\dimen295
\tikzleveldistance=\dimen296
\tikzsiblingdistance=\dimen297
\tikz@figbox=\box113
\tikz@figbox@bg=\box114
\tikz@tempbox=\box115
\tikz@tempbox@bg=\box116
\tikztreelevel=\count322
\tikznumberofchildren=\count323
\tikznumberofcurrentchild=\count324
\tikz@fig@count=\count325
 ("C:\Users\Facu Molina\AppData\Local\Programs\MiKTeX\tex/generic/pgf/modules\pgfmodulematrix.code.tex"
File: pgfmodulematrix.code.tex 2020/01/08 v3.1.5b (3.1.5b)
\pgfmatrixcurrentrow=\count326
\pgfmatrixcurrentcolumn=\count327
\pgf@matrix@numberofcolumns=\count328
)
\tikz@expandcount=\count329

("C:\Users\Facu Molina\AppData\Local\Programs\MiKTeX\tex/generic/pgf/frontendlayer/tikz/libraries\tikzlibrarytopaths.code.tex"
File: tikzlibrarytopaths.code.tex 2020/01/08 v3.1.5b (3.1.5b)
))) ("C:\Users\Facu Molina\AppData\Local\Programs\MiKTeX\tex/generic/pgf/frontendlayer/tikz/libraries\tikzlibrarycalc.code.tex"
File: tikzlibrarycalc.code.tex 2020/01/08 v3.1.5b (3.1.5b)
) ("C:\Users\Facu Molina\AppData\Local\Programs\MiKTeX\tex/generic/pgf/libraries\pgflibraryarrows.meta.code.tex"
File: pgflibraryarrows.meta.code.tex 2020/01/08 v3.1.5b (3.1.5b)
\pgfarrowinset=\dimen298
\pgfarrowlength=\dimen299
\pgfarrowwidth=\dimen300
\pgfarrowlinewidth=\dimen301
) ("C:\Users\Facu Molina\AppData\Local\Programs\MiKTeX\tex/generic/pgf/frontendlayer/tikz/libraries\tikzlibrarybending.code.tex"
File: tikzlibrarybending.code.tex 2020/01/08 v3.1.5b (3.1.5b)
 ("C:\Users\Facu Molina\AppData\Local\Programs\MiKTeX\tex/generic/pgf/modules\pgfmodulebending.code.tex"
File: pgfmodulebending.code.tex 2020/01/08 v3.1.5b (3.1.5b)
 ("C:\Users\Facu Molina\AppData\Local\Programs\MiKTeX\tex/generic/pgf/modules\pgfmodulenonlineartransformations.code.tex"
File: pgfmodulenonlineartransformations.code.tex 2020/01/08 v3.1.5b (3.1.5b)
\pgftransformnonlinearflatness=\dimen302
) ("C:\Users\Facu Molina\AppData\Local\Programs\MiKTeX\tex/generic/pgf/libraries\pgflibrarycurvilinear.code.tex"
File: pgflibrarycurvilinear.code.tex 2020/01/08 v3.1.5b (3.1.5b)
\pgf@curvilinear@time@a=\dimen303
\pgf@curvilinear@length@a=\dimen304
\pgf@curvilinear@length@b=\dimen305
\pgf@curvilinear@length@c=\dimen306
\pgf@curvilinear@length@d=\dimen307
)
\pgf@arrows@the@rigidity=\dimen308
)) ("C:\Users\Facu Molina\AppData\Local\Programs\MiKTeX\tex/generic/pgf/frontendlayer/tikz/libraries\tikzlibraryfpu.code.tex" ("C:\Users\Facu Molina\AppData\Local\Programs\MiKTeX\tex/generic/pgf/libraries\pgflibraryfpu.code.tex")) ("C:\Users\Facu Molina\AppData\Local\Programs\MiKTeX\tex/generic/circuitikz\pgfcirc.defines.tex"
\pgf@circ@count@a=\count330
\pgf@circ@count@b=\count331
\pgf@circ@count@c=\count332
\pgf@circ@res@up=\dimen309
\pgf@circ@res@down=\dimen310
\pgf@circ@res@zero=\dimen311
\pgf@circ@res@left=\dimen312
\pgf@circ@res@right=\dimen313
\pgf@circ@res@other=\dimen314
\pgf@circ@res@step=\dimen315
\pgf@circ@res@temp=\dimen316
\pgf@circ@Rlen=\dimen317
\pgf@circ@scaled@Rlen=\dimen318
\pgfstartlinewidth=\dimen319
) ("C:\Users\Facu Molina\AppData\Local\Programs\MiKTeX\tex/generic/circuitikz\pgfcircutils.tex") ("C:\Users\Facu Molina\AppData\Local\Programs\MiKTeX\tex/generic/circuitikz\pgfcircshapes.tex") ("C:\Users\Facu Molina\AppData\Local\Programs\MiKTeX\tex/generic/circuitikz\pgfcircmonopoles.tex") ("C:\Users\Facu Molina\AppData\Local\Programs\MiKTeX\tex/generic/circuitikz\pgfcircbipoles.tex") ("C:\Users\Facu Molina\AppData\Local\Programs\MiKTeX\tex/generic/circuitikz\pgfcirctripoles.tex"
\pgf@circ@res@count=\count333
) ("C:\Users\Facu Molina\AppData\Local\Programs\MiKTeX\tex/generic/circuitikz\pgfcircquadpoles.tex") ("C:\Users\Facu Molina\AppData\Local\Programs\MiKTeX\tex/generic/circuitikz\pgfcircmultipoles.tex") ("C:\Users\Facu Molina\AppData\Local\Programs\MiKTeX\tex/generic/circuitikz\pgfcirclabel.tex") ("C:\Users\Facu Molina\AppData\Local\Programs\MiKTeX\tex/generic/circuitikz\pgfcircvoltage.tex"
\pgfcirc@labelshift=\dimen320
) ("C:\Users\Facu Molina\AppData\Local\Programs\MiKTeX\tex/generic/circuitikz\pgfcirccurrent.tex") ("C:\Users\Facu Molina\AppData\Local\Programs\MiKTeX\tex/generic/circuitikz\pgfcircflow.tex") ("C:\Users\Facu Molina\AppData\Local\Programs\MiKTeX\tex/generic/circuitikz\pgfcircpath.tex") ("C:\Users\Facu Molina\AppData\Local\Programs\MiKTeX\tex/latex/xstring\xstring.sty" ("C:\Users\Facu Molina\AppData\Local\Programs\MiKTeX\tex/generic/xstring\xstring.tex"
\integerpart=\count334
\decimalpart=\count335
)
Package: xstring 2019/02/06 v1.83 String manipulations (CT)
)) ("C:\Users\Facu Molina\AppData\Local\Programs\MiKTeX\tex/latex/fancyhdr\fancyhdr.sty"
Package: fancyhdr 2019/01/31 v3.10 Extensive control of page headers and footers
\f@nch@headwidth=\skip64
\f@nch@O@elh=\skip65
\f@nch@O@erh=\skip66
\f@nch@O@olh=\skip67
\f@nch@O@orh=\skip68
\f@nch@O@elf=\skip69
\f@nch@O@erf=\skip70
\f@nch@O@olf=\skip71
\f@nch@O@orf=\skip72
) ("C:\Users\Facu Molina\AppData\Local\Programs\MiKTeX\tex/latex/units\units.sty"
Package: units 1998/08/04 v0.9b Typesetting units
 ("C:\Users\Facu Molina\AppData\Local\Programs\MiKTeX\tex/latex/base\ifthen.sty"
Package: ifthen 2014/09/29 v1.1c Standard LaTeX ifthen package (DPC)
) ("C:\Users\Facu Molina\AppData\Local\Programs\MiKTeX\tex/latex/units\nicefrac.sty"
Package: nicefrac 1998/08/04 v0.9b Nice fractions
\L@UnitsRaiseDisplaystyle=\skip73
\L@UnitsRaiseTextstyle=\skip74
\L@UnitsRaiseScriptstyle=\skip75
)) ("C:\Users\Facu Molina\AppData\Local\Programs\MiKTeX\tex/latex/booktabs\booktabs.sty"
Package: booktabs 2020/01/12 v1.61803398 Publication quality tables
\heavyrulewidth=\dimen321
\lightrulewidth=\dimen322
\cmidrulewidth=\dimen323
\belowrulesep=\dimen324
\belowbottomsep=\dimen325
\aboverulesep=\dimen326
\abovetopsep=\dimen327
\cmidrulesep=\dimen328
\cmidrulekern=\dimen329
\defaultaddspace=\dimen330
\@cmidla=\count336
\@cmidlb=\count337
\@aboverulesep=\dimen331
\@belowrulesep=\dimen332
\@thisruleclass=\count338
\@lastruleclass=\count339
\@thisrulewidth=\dimen333
) ("C:\Users\Facu Molina\AppData\Local\Programs\MiKTeX\tex/generic/pgf/frontendlayer/tikz/libraries\tikzlibrarybabel.code.tex"
File: tikzlibrarybabel.code.tex 2020/01/08 v3.1.5b (3.1.5b)
)) (d:/Documents\GitHub\TC-Grupo6\TP4\Informe\build\main.aux)
\openout1 = `main.aux'.

LaTeX Font Info:    Checking defaults for OML/cmm/m/it on input line 4.
LaTeX Font Info:    ... okay on input line 4.
LaTeX Font Info:    Checking defaults for OMS/cmsy/m/n on input line 4.
LaTeX Font Info:    ... okay on input line 4.
LaTeX Font Info:    Checking defaults for OT1/cmr/m/n on input line 4.
LaTeX Font Info:    ... okay on input line 4.
LaTeX Font Info:    Checking defaults for T1/cmr/m/n on input line 4.
LaTeX Font Info:    ... okay on input line 4.
LaTeX Font Info:    Checking defaults for TS1/cmr/m/n on input line 4.
LaTeX Font Info:    ... okay on input line 4.
LaTeX Font Info:    Checking defaults for OMX/cmex/m/n on input line 4.
LaTeX Font Info:    ... okay on input line 4.
LaTeX Font Info:    Checking defaults for U/cmr/m/n on input line 4.
LaTeX Font Info:    ... okay on input line 4.
LaTeX Font Info:    Checking defaults for PD1/pdf/m/n on input line 4.
LaTeX Font Info:    ... okay on input line 4.
 ("C:\Users\Facu Molina\AppData\Local\Programs\MiKTeX\tex/context/base/mkii\supp-pdf.mkii"
[Loading MPS to PDF converter (version 2006.09.02).]
\scratchcounter=\count340
\scratchdimen=\dimen334
\scratchbox=\box117
\nofMPsegments=\count341
\nofMParguments=\count342
\everyMPshowfont=\toks42
\MPscratchCnt=\count343
\MPscratchDim=\dimen335
\MPnumerator=\count344
\makeMPintoPDFobject=\count345
\everyMPtoPDFconversion=\toks43
) ("C:\Users\Facu Molina\AppData\Local\Programs\MiKTeX\tex/latex/epstopdf-pkg\epstopdf-base.sty"
Package: epstopdf-base 2020-01-24 v2.11 Base part for package epstopdf
Package epstopdf-base Info: Redefining graphics rule for `.eps' on input line 485.
)
*geometry* driver: auto-detecting
*geometry* detected driver: pdftex
*geometry* verbose mode - [ preamble ] result:
* driver: pdftex
* paper: a4paper
* layout: <same size as paper>
* layoutoffset:(h,v)=(0.0pt,0.0pt)
* modes: 
* h-part:(L,W,R)=(56.9055pt, 512.1496pt, 28.45277pt)
* v-part:(T,H,B)=(71.13188pt, 711.3189pt, 62.59607pt)
* \paperwidth=597.50787pt
* \paperheight=845.04684pt
* \textwidth=512.1496pt
* \textheight=711.3189pt
* \oddsidemargin=-15.36449pt
* \evensidemargin=-15.36449pt
* \topmargin=-38.1381pt
* \headheight=12.0pt
* \headsep=25.0pt
* \topskip=10.0pt
* \footskip=30.0pt
* \marginparwidth=57.0pt
* \marginparsep=11.0pt
* \columnsep=10.0pt
* \skip\footins=28.45274pt
* \hoffset=0.0pt
* \voffset=0.0pt
* \mag=1000
* \@twocolumnfalse
* \@twosidefalse
* \@mparswitchfalse
* \@reversemarginfalse
* (1in=72.27pt=25.4mm, 1cm=28.453pt)

Package caption Info: Begin \AtBeginDocument code.
Package caption Info: float package is loaded.
Package caption Info: hyperref package is loaded.
Package caption Info: wrapfig package is loaded.
Package caption Info: End \AtBeginDocument code.
("C:\Users\Facu Molina\AppData\Local\Programs\MiKTeX\tex/latex/translator\translator-basic-dictionary-English.dict"
Dictionary: translator-basic-dictionary, Language: English 
) ("C:\Users\Facu Molina\AppData\Local\Programs\MiKTeX\tex/latex/siunitx\siunitx-abbreviations.cfg"
File: siunitx-abbreviations.cfg 2017/11/26 v2.7k siunitx: Abbreviated units
)
\AtBeginShipoutBox=\box118
Package hyperref Info: Link coloring ON on input line 4.
 ("C:\Users\Facu Molina\AppData\Local\Programs\MiKTeX\tex/latex/hyperref\nameref.sty"
Package: nameref 2019/09/16 v2.46 Cross-referencing by name of section
 ("C:\Users\Facu Molina\AppData\Local\Programs\MiKTeX\tex/latex/refcount\refcount.sty"
Package: refcount 2019/12/15 v3.6 Data extraction from label references (HO)
) ("C:\Users\Facu Molina\AppData\Local\Programs\MiKTeX\tex/generic/gettitlestring\gettitlestring.sty"
Package: gettitlestring 2019/12/15 v1.6 Cleanup title references (HO)
)
\c@section@level=\count346
)
LaTeX Info: Redefining \ref on input line 4.
LaTeX Info: Redefining \pageref on input line 4.
LaTeX Info: Redefining \nameref on input line 4.
 (main.out) (main.out)
\@outlinefile=\write4
\openout4 = `main.out'.

 ABD: EveryShipout initializing macros
LaTeX Font Info:    Trying to load font information for U+msa on input line 4.
 ("C:\Users\Facu Molina\AppData\Local\Programs\MiKTeX\tex/latex/amsfonts\umsa.fd"
File: umsa.fd 2013/01/14 v3.01 AMS symbols A
)
LaTeX Font Info:    Trying to load font information for U+msb on input line 4.
 ("C:\Users\Facu Molina\AppData\Local\Programs\MiKTeX\tex/latex/amsfonts\umsb.fd"
File: umsb.fd 2013/01/14 v3.01 AMS symbols B
) (Caratula.tex [1

{C:/Users/Facu Molina/AppData/Local/MiKTeX/pdftex/config/pdftex.map}])

Package hyperref Warning: old toc file detected, not used; run LaTeX again.

\tf@toc=\write5
\openout5 = `main.toc'.

pdfTeX warning (ext4): destination with the same identifier (name{page.1}) has been already used, duplicate ignored
<to be read again> 
                   \relax 
l.9 \newpage
             [1] (../Ejercicio1-FilterTool/Ejercicio-1.tex
<../Ejercicio1-FilterTool/Imagenes/imagen-general-1.png, id=202, 932.48375pt x 862.22125pt>
File: ../Ejercicio1-FilterTool/Imagenes/imagen-general-1.png Graphic file (type png)
<use ../Ejercicio1-FilterTool/Imagenes/imagen-general-1.png>
Package pdftex.def Info: ../Ejercicio1-FilterTool/Imagenes/imagen-general-1.png  used on input line 10.
(pdftex.def)             Requested size: 435.33028pt x 402.52066pt.


LaTeX Warning: Reference `ImagenGeneral' on page 2 undefined on input line 27.

[2 <../Ejercicio1-FilterTool/Imagenes/imagen-general-1.png>]

LaTeX Warning: Reference `ImagenGeneral' on page 3 undefined on input line 46.


LaTeX Warning: Reference `ImagenGeneral' on page 3 undefined on input line 50.

<../Ejercicio1-FilterTool/Imagenes/opciones.png, id=213, 246.9225pt x 533.74406pt>
File: ../Ejercicio1-FilterTool/Imagenes/opciones.png Graphic file (type png)
<use ../Ejercicio1-FilterTool/Imagenes/opciones.png>
Package pdftex.def Info: ../Ejercicio1-FilterTool/Imagenes/opciones.png  used on input line 63.
(pdftex.def)             Requested size: 123.46094pt x 266.87137pt.

LaTeX Warning: Reference `ImagenGeneral' on page 3 undefined on input line 69.

[3 <../Ejercicio1-FilterTool/Imagenes/opciones.png>]

LaTeX Warning: Reference `ImagenGeneral' on page 4 undefined on input line 84.

[4]
<../Ejercicio1-FilterTool/Imagenes/imagen-general-2-varias funciones.png, id=226, 696.35156pt x 623.32875pt>
File: ../Ejercicio1-FilterTool/Imagenes/imagen-general-2-varias funciones.png Graphic file (type png)
<use ../Ejercicio1-FilterTool/Imagenes/imagen-general-2-varias funciones.png>
Package pdftex.def Info: ../Ejercicio1-FilterTool/Imagenes/imagen-general-2-varias funciones.png  used on input line 130.
(pdftex.def)             Requested size: 435.33028pt x 389.67462pt.


LaTeX Warning: Reference `ImagenGeneral' on page 5 undefined on input line 145.

[5 <../Ejercicio1-FilterTool/Imagenes/imagen-general-2-varias funciones.png>]
<../Ejercicio1-FilterTool/Imagenes/con-plantilla.png, id=233, 922.44624pt x 850.17625pt>
File: ../Ejercicio1-FilterTool/Imagenes/con-plantilla.png Graphic file (type png)
<use ../Ejercicio1-FilterTool/Imagenes/con-plantilla.png>
Package pdftex.def Info: ../Ejercicio1-FilterTool/Imagenes/con-plantilla.png  used on input line 158.
(pdftex.def)             Requested size: 435.33028pt x 401.21745pt.


LaTeX Warning: Reference `Etapa2' on page 6 undefined on input line 166.

<../Ejercicio1-FilterTool/Imagenes/SOS.png, id=234, 273.02pt x 279.0425pt>
File: ../Ejercicio1-FilterTool/Imagenes/SOS.png Graphic file (type png)
<use ../Ejercicio1-FilterTool/Imagenes/SOS.png>
Package pdftex.def Info: ../Ejercicio1-FilterTool/Imagenes/SOS.png  used on input line 178.
(pdftex.def)             Requested size: 136.50966pt x 139.5209pt.
[6 <../Ejercicio1-FilterTool/Imagenes/con-plantilla.png>]
<../Ejercicio1-FilterTool/Imagenes/sosEdit.png, id=242, 276.03125pt x 428.60126pt>
File: ../Ejercicio1-FilterTool/Imagenes/sosEdit.png Graphic file (type png)
<use ../Ejercicio1-FilterTool/Imagenes/sosEdit.png>
Package pdftex.def Info: ../Ejercicio1-FilterTool/Imagenes/sosEdit.png  used on input line 202.
(pdftex.def)             Requested size: 138.01527pt x 214.3001pt.


LaTeX Warning: Reference `Etapa2' on page 7 undefined on input line 211.

[7 <../Ejercicio1-FilterTool/Imagenes/SOS.png> <../Ejercicio1-FilterTool/Imagenes/sosEdit.png>]

LaTeX Warning: Reference `Etapa2' on page 8 undefined on input line 220.

<../Ejercicio1-FilterTool/Imagenes/comparame-com-plantilla.png, id=254, 691.08188pt x 621.07031pt>
File: ../Ejercicio1-FilterTool/Imagenes/comparame-com-plantilla.png Graphic file (type png)
<use ../Ejercicio1-FilterTool/Imagenes/comparame-com-plantilla.png>
Package pdftex.def Info: ../Ejercicio1-FilterTool/Imagenes/comparame-com-plantilla.png  used on input line 233.
(pdftex.def)             Requested size: 435.33028pt x 391.22897pt.
<../Ejercicio1-FilterTool/Imagenes/comparacion.png, id=255, 697.10437pt x 650.43pt>
File: ../Ejercicio1-FilterTool/Imagenes/comparacion.png Graphic file (type png)
<use ../Ejercicio1-FilterTool/Imagenes/comparacion.png>
Package pdftex.def Info: ../Ejercicio1-FilterTool/Imagenes/comparacion.png  used on input line 241.
(pdftex.def)             Requested size: 435.33028pt x 406.1803pt.
[8 <../Ejercicio1-FilterTool/Imagenes/comparame-com-plantilla.png>]
<../Ejercicio1-FilterTool/Imagenes/stage-plot.png, id=262, 700.11563pt x 621.82312pt>
File: ../Ejercicio1-FilterTool/Imagenes/stage-plot.png Graphic file (type png)
<use ../Ejercicio1-FilterTool/Imagenes/stage-plot.png>
Package pdftex.def Info: ../Ejercicio1-FilterTool/Imagenes/stage-plot.png  used on input line 256.
(pdftex.def)             Requested size: 435.33028pt x 386.65544pt.
 [9 <../Ejercicio1-FilterTool/Imagenes/comparacion.png>]) [10 <../Ejercicio1-FilterTool/Imagenes/stage-plot.png>] (../Ejercicio2-DisenoDeCeldas/Ejercicio-2.tex

LaTeX Warning: Reference `table:Plantilla' on page 11 undefined on input line 7.


LaTeX Warning: Reference `fig:Plantilla' on page 11 undefined on input line 7.

<../Ejercicio2-DisenoDeCeldas/1CeldaSallenKey/images/plantilla.png, id=275, 295.85532pt x 187.45032pt>
File: ../Ejercicio2-DisenoDeCeldas/1CeldaSallenKey/images/plantilla.png Graphic file (type png)
<use ../Ejercicio2-DisenoDeCeldas/1CeldaSallenKey/images/plantilla.png>
Package pdftex.def Info: ../Ejercicio2-DisenoDeCeldas/1CeldaSallenKey/images/plantilla.png  used on input line 28.
(pdftex.def)             Requested size: 256.0748pt x 162.25096pt.

LaTeX Warning: Reference `eq:SK1' on page 11 undefined on input line 33.


../Ejercicio2-DisenoDeCeldas/Ejercicio-2.tex:33: Package inputenc Error: Unicode character − (U+2212)
(inputenc)                not set up for use with LaTeX.

See the inputenc package documentation for explanation.
Type  H <return>  for immediate help.
 ...                                              
                                                  
l.33 ...a cumplir que las que las primeras $2n −
                                                   1$ derivadas del módulo ...
You may provide a definition with
\DeclareUnicodeCharacter 


LaTeX Warning: Reference `eq:SK4' on page 11 undefined on input line 59.

[11 <../Ejercicio2-DisenoDeCeldas/1CeldaSallenKey/images/plantilla.png>]
<../Ejercicio2-DisenoDeCeldas/1CeldaSallenKey/images/AtenuacionButter.png, id=291, 382.3083pt x 223.3143pt>
File: ../Ejercicio2-DisenoDeCeldas/1CeldaSallenKey/images/AtenuacionButter.png Graphic file (type png)
<use ../Ejercicio2-DisenoDeCeldas/1CeldaSallenKey/images/AtenuacionButter.png>
Package pdftex.def Info: ../Ejercicio2-DisenoDeCeldas/1CeldaSallenKey/images/AtenuacionButter.png  used on input line 65.
(pdftex.def)             Requested size: 256.0748pt x 149.58571pt.
<../Ejercicio2-DisenoDeCeldas/1CeldaSallenKey/images/PolesButter.png, id=292, 382.3083pt x 223.3143pt>
File: ../Ejercicio2-DisenoDeCeldas/1CeldaSallenKey/images/PolesButter.png Graphic file (type png)
<use ../Ejercicio2-DisenoDeCeldas/1CeldaSallenKey/images/PolesButter.png>
Package pdftex.def Info: ../Ejercicio2-DisenoDeCeldas/1CeldaSallenKey/images/PolesButter.png  used on input line 73.
(pdftex.def)             Requested size: 256.0748pt x 149.58571pt.

Overfull \hbox (10.09198pt too wide) in paragraph at lines 82--83
[]\OT1/cmr/m/n/10 Al im-ple-men-tar un dise~no en cas-cada es im-por-tante cuidar el or-den de conexion de las cel-das. Si bien matematicamente
 []

<../Ejercicio2-DisenoDeCeldas/1CeldaSallenKey/images/Etapas.png, id=293, 883.3pt x 260.975pt>
File: ../Ejercicio2-DisenoDeCeldas/1CeldaSallenKey/images/Etapas.png Graphic file (type png)
<use ../Ejercicio2-DisenoDeCeldas/1CeldaSallenKey/images/Etapas.png>
Package pdftex.def Info: ../Ejercicio2-DisenoDeCeldas/1CeldaSallenKey/images/Etapas.png  used on input line 88.
(pdftex.def)             Requested size: 353.31374pt x 104.38815pt.
[12 <../Ejercicio2-DisenoDeCeldas/1CeldaSallenKey/images/AtenuacionButter.png> <../Ejercicio2-DisenoDeCeldas/1CeldaSallenKey/images/PolesButter.png>]
<../Ejercicio2-DisenoDeCeldas/1CeldaSallenKey/images/LowPassRC.png, id=303, 1613.02625pt x 1176.395pt>
File: ../Ejercicio2-DisenoDeCeldas/1CeldaSallenKey/images/LowPassRC.png Graphic file (type png)
<use ../Ejercicio2-DisenoDeCeldas/1CeldaSallenKey/images/LowPassRC.png>
Package pdftex.def Info: ../Ejercicio2-DisenoDeCeldas/1CeldaSallenKey/images/LowPassRC.png  used on input line 98.
(pdftex.def)             Requested size: 256.0748pt x 186.75511pt.


LaTeX Warning: Reference `fig:1LPGain' on page 13 undefined on input line 103.


LaTeX Warning: Reference `fig:SK_H' on page 13 undefined on input line 135.

<../Ejercicio2-DisenoDeCeldas/1CeldaSallenKey/images/SallenKeyH.png, id=304, 2206.2425pt x 1417.295pt>
File: ../Ejercicio2-DisenoDeCeldas/1CeldaSallenKey/images/SallenKeyH.png Graphic file (type png)
<use ../Ejercicio2-DisenoDeCeldas/1CeldaSallenKey/images/SallenKeyH.png>
Package pdftex.def Info: ../Ejercicio2-DisenoDeCeldas/1CeldaSallenKey/images/SallenKeyH.png  used on input line 139.
(pdftex.def)             Requested size: 384.1122pt x 246.7544pt.
[13 <../Ejercicio2-DisenoDeCeldas/1CeldaSallenKey/images/Etapas.png> <../Ejercicio2-DisenoDeCeldas/1CeldaSallenKey/images/LowPassRC.png>]

LaTeX Warning: Reference `eq:SK8' on page 14 undefined on input line 185.

[14 <../Ejercicio2-DisenoDeCeldas/1CeldaSallenKey/images/SallenKeyH.png>] [15]
<../Ejercicio2-DisenoDeCeldas/1CeldaSallenKey/images/circLTspiceSK.png, id=333, 970.3753pt x 437.38406pt>
File: ../Ejercicio2-DisenoDeCeldas/1CeldaSallenKey/images/circLTspiceSK.png Graphic file (type png)
<use ../Ejercicio2-DisenoDeCeldas/1CeldaSallenKey/images/circLTspiceSK.png>
Package pdftex.def Info: ../Ejercicio2-DisenoDeCeldas/1CeldaSallenKey/images/circLTspiceSK.png  used on input line 336.
(pdftex.def)             Requested size: 358.50314pt x 161.5893pt.
 [16]
<../Ejercicio2-DisenoDeCeldas/1CeldaSallenKey/images/SKGain.png, id=342, 505.1673pt x 237.7683pt>
File: ../Ejercicio2-DisenoDeCeldas/1CeldaSallenKey/images/SKGain.png Graphic file (type png)
<use ../Ejercicio2-DisenoDeCeldas/1CeldaSallenKey/images/SKGain.png>
Package pdftex.def Info: ../Ejercicio2-DisenoDeCeldas/1CeldaSallenKey/images/SKGain.png  used on input line 343.
(pdftex.def)             Requested size: 358.50314pt x 168.74046pt.
<../Ejercicio2-DisenoDeCeldas/1CeldaSallenKey/images/SKphase.png, id=343, 505.1673pt x 244.9953pt>
File: ../Ejercicio2-DisenoDeCeldas/1CeldaSallenKey/images/SKphase.png Graphic file (type png)
<use ../Ejercicio2-DisenoDeCeldas/1CeldaSallenKey/images/SKphase.png>
Package pdftex.def Info: ../Ejercicio2-DisenoDeCeldas/1CeldaSallenKey/images/SKphase.png  used on input line 350.
(pdftex.def)             Requested size: 358.50314pt x 173.86937pt.


LaTeX Warning: Reference `fig:SKGain' on page 17 undefined on input line 355.

../Ejercicio2-DisenoDeCeldas/Ejercicio-2.tex:355: Missing $ inserted.
<inserted text> 
                $
l.355 ...a descendiendo mas allá de los -180\circ
                                                  .
I've inserted a begin-math/end-math symbol since I think
you left one out. Proceed, with fingers crossed.

../Ejercicio2-DisenoDeCeldas/Ejercicio-2.tex:356: Missing $ inserted.
<inserted text> 
                $
l.356 
      
I've inserted a begin-math/end-math symbol since I think
you left one out. Proceed, with fingers crossed.

[17 <../Ejercicio2-DisenoDeCeldas/1CeldaSallenKey/images/circLTspiceSK.png> <../Ejercicio2-DisenoDeCeldas/1CeldaSallenKey/images/SKGain.png> <../Ejercicio2-DisenoDeCeldas/1CeldaSallenKey/images/SKphase.png>]
<../Ejercicio2-DisenoDeCeldas/1CeldaSallenKey/images/simuMagNormalizados.png, id=353, 1395.71437pt x 659.46375pt>
File: ../Ejercicio2-DisenoDeCeldas/1CeldaSallenKey/images/simuMagNormalizados.png Graphic file (type png)
<use ../Ejercicio2-DisenoDeCeldas/1CeldaSallenKey/images/simuMagNormalizados.png>
Package pdftex.def Info: ../Ejercicio2-DisenoDeCeldas/1CeldaSallenKey/images/simuMagNormalizados.png  used on input line 361.
(pdftex.def)             Requested size: 358.50314pt x 169.38362pt.
<../Ejercicio2-DisenoDeCeldas/1CeldaSallenKey/images/simuFaseNormalizados.png, id=354, 1424.32124pt x 663.22781pt>
File: ../Ejercicio2-DisenoDeCeldas/1CeldaSallenKey/images/simuFaseNormalizados.png Graphic file (type png)
<use ../Ejercicio2-DisenoDeCeldas/1CeldaSallenKey/images/simuFaseNormalizados.png>
Package pdftex.def Info: ../Ejercicio2-DisenoDeCeldas/1CeldaSallenKey/images/simuFaseNormalizados.png  used on input line 368.
(pdftex.def)             Requested size: 358.50314pt x 166.92987pt.
<../Ejercicio2-DisenoDeCeldas/1CeldaSallenKey/images/MCSinPreset.png, id=355, 462.528pt x 346.896pt>
File: ../Ejercicio2-DisenoDeCeldas/1CeldaSallenKey/images/MCSinPreset.png Graphic file (type png)
<use ../Ejercicio2-DisenoDeCeldas/1CeldaSallenKey/images/MCSinPreset.png>
Package pdftex.def Info: ../Ejercicio2-DisenoDeCeldas/1CeldaSallenKey/images/MCSinPreset.png  used on input line 375.
(pdftex.def)             Requested size: 358.50314pt x 268.88925pt.
 [18 <../Ejercicio2-DisenoDeCeldas/1CeldaSallenKey/images/simuMagNormalizados.png> <../Ejercicio2-DisenoDeCeldas/1CeldaSallenKey/images/simuFaseNormalizados.png>]
<../Ejercicio2-DisenoDeCeldas/1CeldaSallenKey/images/MAG1stOrder.png, id=363, 1410.0178pt x 666.99188pt>
File: ../Ejercicio2-DisenoDeCeldas/1CeldaSallenKey/images/MAG1stOrder.png Graphic file (type png)
<use ../Ejercicio2-DisenoDeCeldas/1CeldaSallenKey/images/MAG1stOrder.png>
Package pdftex.def Info: ../Ejercicio2-DisenoDeCeldas/1CeldaSallenKey/images/MAG1stOrder.png  used on input line 382.
(pdftex.def)             Requested size: 358.50314pt x 169.58707pt.
<../Ejercicio2-DisenoDeCeldas/1CeldaSallenKey/images/SKsimu.png, id=364, 1422.81563pt x 666.99188pt>
File: ../Ejercicio2-DisenoDeCeldas/1CeldaSallenKey/images/SKsimu.png Graphic file (type png)
<use ../Ejercicio2-DisenoDeCeldas/1CeldaSallenKey/images/SKsimu.png>
Package pdftex.def Info: ../Ejercicio2-DisenoDeCeldas/1CeldaSallenKey/images/SKsimu.png  used on input line 389.
(pdftex.def)             Requested size: 358.50314pt x 168.06044pt.


LaTeX Warning: Reference `fig:MCE96' on page 19 undefined on input line 394.

[19 <../Ejercicio2-DisenoDeCeldas/1CeldaSallenKey/images/MCSinPreset.png> <../Ejercicio2-DisenoDeCeldas/1CeldaSallenKey/images/MAG1stOrder.png> <../Ejercicio2-DisenoDeCeldas/1CeldaSallenKey/images/SKsimu.png>]
<../Ejercicio2-DisenoDeCeldas/1CeldaSallenKey/images/MCE24.png, id=373, 462.528pt x 346.896pt>
File: ../Ejercicio2-DisenoDeCeldas/1CeldaSallenKey/images/MCE24.png Graphic file (type png)
<use ../Ejercicio2-DisenoDeCeldas/1CeldaSallenKey/images/MCE24.png>
Package pdftex.def Info: ../Ejercicio2-DisenoDeCeldas/1CeldaSallenKey/images/MCE24.png  used on input line 398.
(pdftex.def)             Requested size: 358.50314pt x 268.88925pt.
<../Ejercicio2-DisenoDeCeldas/1CeldaSallenKey/images/Zin.png, id=374, 1444.64719pt x 672.26157pt>
File: ../Ejercicio2-DisenoDeCeldas/1CeldaSallenKey/images/Zin.png Graphic file (type png)
<use ../Ejercicio2-DisenoDeCeldas/1CeldaSallenKey/images/Zin.png>
Package pdftex.def Info: ../Ejercicio2-DisenoDeCeldas/1CeldaSallenKey/images/Zin.png  used on input line 407.
(pdftex.def)             Requested size: 358.50314pt x 166.82378pt.
 [20 <../Ejercicio2-DisenoDeCeldas/1CeldaSallenKey/images/MCE24.png> <../Ejercicio2-DisenoDeCeldas/1CeldaSallenKey/images/Zin.png>]
<../Ejercicio2-DisenoDeCeldas/1CeldaSallenKey/images/SallenKeyGain.png, id=382, 2371.86125pt x 1430.34375pt>
File: ../Ejercicio2-DisenoDeCeldas/1CeldaSallenKey/images/SallenKeyGain.png Graphic file (type png)
<use ../Ejercicio2-DisenoDeCeldas/1CeldaSallenKey/images/SallenKeyGain.png>
Package pdftex.def Info: ../Ejercicio2-DisenoDeCeldas/1CeldaSallenKey/images/SallenKeyGain.png  used on input line 426.
(pdftex.def)             Requested size: 358.50314pt x 216.1792pt.
 [21 <../Ejercicio2-DisenoDeCeldas/1CeldaSallenKey/images/SallenKeyGain.png>]
<../Ejercicio2-DisenoDeCeldas/2CELDARAUCH/Informe/circuito3.png, id=389, 428.802pt x 292.09125pt>
File: ../Ejercicio2-DisenoDeCeldas/2CELDARAUCH/Informe/circuito3.png Graphic file (type png)
<use ../Ejercicio2-DisenoDeCeldas/2CELDARAUCH/Informe/circuito3.png>
Package pdftex.def Info: ../Ejercicio2-DisenoDeCeldas/2CELDARAUCH/Informe/circuito3.png  used on input line 467.
(pdftex.def)             Requested size: 257.28317pt x 175.25609pt.
<../Ejercicio2-DisenoDeCeldas/2CELDARAUCH/Informe/circuito.png, id=390, 428.802pt x 292.09125pt>
File: ../Ejercicio2-DisenoDeCeldas/2CELDARAUCH/Informe/circuito.png Graphic file (type png)
<use ../Ejercicio2-DisenoDeCeldas/2CELDARAUCH/Informe/circuito.png>
Package pdftex.def Info: ../Ejercicio2-DisenoDeCeldas/2CELDARAUCH/Informe/circuito.png  used on input line 476.
(pdftex.def)             Requested size: 257.28317pt x 175.25609pt.
 [22 <../Ejercicio2-DisenoDeCeldas/2CELDARAUCH/Informe/circuito3.png> <../Ejercicio2-DisenoDeCeldas/2CELDARAUCH/Informe/circuito.png>]

LaTeX Warning: Reference `ej22eqche' on page 23 undefined on input line 502.


LaTeX Warning: Reference `ej22eqhf' on page 23 undefined on input line 561.

[23]

LaTeX Warning: Reference `ej22eqvalor' on page 24 undefined on input line 576.

[24]
<../Ejercicio2-DisenoDeCeldas/2CELDARAUCH/Informe/monte.PNG, id=422, 779.3115pt x 296.307pt>
File: ../Ejercicio2-DisenoDeCeldas/2CELDARAUCH/Informe/monte.PNG Graphic file (type png)
<use ../Ejercicio2-DisenoDeCeldas/2CELDARAUCH/Informe/monte.PNG>
Package pdftex.def Info: ../Ejercicio2-DisenoDeCeldas/2CELDARAUCH/Informe/monte.PNG  used on input line 644.
(pdftex.def)             Requested size: 506.54646pt x 192.59726pt.
<../Ejercicio2-DisenoDeCeldas/2CELDARAUCH/Informe/disp1.png, id=423, 642.4pt x 481.8pt>
File: ../Ejercicio2-DisenoDeCeldas/2CELDARAUCH/Informe/disp1.png Graphic file (type png)
<use ../Ejercicio2-DisenoDeCeldas/2CELDARAUCH/Informe/disp1.png>
Package pdftex.def Info: ../Ejercicio2-DisenoDeCeldas/2CELDARAUCH/Informe/disp1.png  used on input line 653.
(pdftex.def)             Requested size: 321.19922pt x 240.8994pt.
<../Ejercicio2-DisenoDeCeldas/2CELDARAUCH/Informe/disp2.png, id=424, 642.4pt x 481.8pt>
File: ../Ejercicio2-DisenoDeCeldas/2CELDARAUCH/Informe/disp2.png Graphic file (type png)
<use ../Ejercicio2-DisenoDeCeldas/2CELDARAUCH/Informe/disp2.png>
Package pdftex.def Info: ../Ejercicio2-DisenoDeCeldas/2CELDARAUCH/Informe/disp2.png  used on input line 660.
(pdftex.def)             Requested size: 321.19922pt x 240.8994pt.
 [25 <../Ejercicio2-DisenoDeCeldas/2CELDARAUCH/Informe/monte.PNG> <../Ejercicio2-DisenoDeCeldas/2CELDARAUCH/Informe/disp1.png (PNG copy)>]
<../Ejercicio2-DisenoDeCeldas/2CELDARAUCH/Informe/bodemag.png, id=432, 741.52031pt x 395.22656pt>
File: ../Ejercicio2-DisenoDeCeldas/2CELDARAUCH/Informe/bodemag.png Graphic file (type png)
<use ../Ejercicio2-DisenoDeCeldas/2CELDARAUCH/Informe/bodemag.png>
Package pdftex.def Info: ../Ejercicio2-DisenoDeCeldas/2CELDARAUCH/Informe/bodemag.png  used on input line 674.
(pdftex.def)             Requested size: 444.91562pt x 237.13776pt.
<../Ejercicio2-DisenoDeCeldas/2CELDARAUCH/Informe/bodepha.png, id=433, 741.52031pt x 395.22656pt>
File: ../Ejercicio2-DisenoDeCeldas/2CELDARAUCH/Informe/bodepha.png Graphic file (type png)
<use ../Ejercicio2-DisenoDeCeldas/2CELDARAUCH/Informe/bodepha.png>
Package pdftex.def Info: ../Ejercicio2-DisenoDeCeldas/2CELDARAUCH/Informe/bodepha.png  used on input line 681.
(pdftex.def)             Requested size: 444.91562pt x 237.13776pt.
 [26 <../Ejercicio2-DisenoDeCeldas/2CELDARAUCH/Informe/disp2.png (PNG copy)> <../Ejercicio2-DisenoDeCeldas/2CELDARAUCH/Informe/bodemag.png (PNG copy)>]
<../Ejercicio2-DisenoDeCeldas/2CELDARAUCH/Informe/zin.png, id=440, 675.27281pt x 395.22656pt>
File: ../Ejercicio2-DisenoDeCeldas/2CELDARAUCH/Informe/zin.png Graphic file (type png)
<use ../Ejercicio2-DisenoDeCeldas/2CELDARAUCH/Informe/zin.png>
Package pdftex.def Info: ../Ejercicio2-DisenoDeCeldas/2CELDARAUCH/Informe/zin.png  used on input line 695.
(pdftex.def)             Requested size: 337.63557pt x 197.6128pt.
 [27 <../Ejercicio2-DisenoDeCeldas/2CELDARAUCH/Informe/bodepha.png (PNG copy)> <../Ejercicio2-DisenoDeCeldas/2CELDARAUCH/Informe/zin.png (PNG copy)>]
<../Ejercicio2-DisenoDeCeldas/3CeldaSedra/Imagenes/Celda Deliyannis.png, id=447, 264.08662pt x 246.32025pt>
File: ../Ejercicio2-DisenoDeCeldas/3CeldaSedra/Imagenes/Celda Deliyannis.png Graphic file (type png)
<use ../Ejercicio2-DisenoDeCeldas/3CeldaSedra/Imagenes/Celda Deliyannis.png>
Package pdftex.def Info: ../Ejercicio2-DisenoDeCeldas/3CeldaSedra/Imagenes/Celda Deliyannis.png  used on input line 734.
(pdftex.def)             Requested size: 409.72124pt x 382.19084pt.


LaTeX Warning: `h' float specifier changed to `ht'.

<../Ejercicio2-DisenoDeCeldas/3CeldaSedra/Imagenes/Transformaciones SGB.png, id=448, 307.1475pt x 334.851pt>
File: ../Ejercicio2-DisenoDeCeldas/3CeldaSedra/Imagenes/Transformaciones SGB.png Graphic file (type png)
<use ../Ejercicio2-DisenoDeCeldas/3CeldaSedra/Imagenes/Transformaciones SGB.png>
Package pdftex.def Info: ../Ejercicio2-DisenoDeCeldas/3CeldaSedra/Imagenes/Transformaciones SGB.png  used on input line 744.
(pdftex.def)             Requested size: 409.72124pt x 446.70534pt.

LaTeX Warning: `h' float specifier changed to `ht'.


LaTeX Warning: Reference `transSGM' on page 28 undefined on input line 750.


LaTeX Warning: Reference `transSGM' on page 28 undefined on input line 750.

[28]
<../Ejercicio2-DisenoDeCeldas/3CeldaSedra/Imagenes/HP biquad.png, id=458, 343.58362pt x 231.86626pt>
File: ../Ejercicio2-DisenoDeCeldas/3CeldaSedra/Imagenes/HP biquad.png Graphic file (type png)
<use ../Ejercicio2-DisenoDeCeldas/3CeldaSedra/Imagenes/HP biquad.png>
Package pdftex.def Info: ../Ejercicio2-DisenoDeCeldas/3CeldaSedra/Imagenes/HP biquad.png  used on input line 773.
(pdftex.def)             Requested size: 307.29288pt x 207.38632pt.


LaTeX Warning: `h' float specifier changed to `ht'.

<../Ejercicio2-DisenoDeCeldas/3CeldaSedra/Imagenes/LP biquad.png, id=459, 353.52075pt x 235.17862pt>
File: ../Ejercicio2-DisenoDeCeldas/3CeldaSedra/Imagenes/LP biquad.png Graphic file (type png)
<use ../Ejercicio2-DisenoDeCeldas/3CeldaSedra/Imagenes/LP biquad.png>
Package pdftex.def Info: ../Ejercicio2-DisenoDeCeldas/3CeldaSedra/Imagenes/LP biquad.png  used on input line 780.
(pdftex.def)             Requested size: 307.29288pt x 204.43507pt.

LaTeX Warning: `h' float specifier changed to `ht'.


LaTeX Warning: Reference `eq transferencia general' on page 29 undefined on input line 788.

[29 <../Ejercicio2-DisenoDeCeldas/3CeldaSedra/Imagenes/Celda Deliyannis.png>] [30 <../Ejercicio2-DisenoDeCeldas/3CeldaSedra/Imagenes/Transformaciones SGB.png>] [31 <../Ejercicio2-DisenoDeCeldas/3CeldaSedra/Imagenes/HP biquad.png> <../Ejercicio2-DisenoDeCeldas/3CeldaSedra/Imagenes/LP biquad.png>]) [32]
Package atveryend Info: Empty hook `BeforeClearDocument' on input line 20.
Package atveryend Info: Empty hook `AfterLastShipout' on input line 20.
 (d:/Documents\GitHub\TC-Grupo6\TP4\Informe\build\main.aux)
Package atveryend Info: Executing hook `AtVeryEndDocument' on input line 20.
Package atveryend Info: Executing hook `AtEndAfterFileList' on input line 20.
Package rerunfilecheck Info: File `main.out' has not changed.
(rerunfilecheck)             Checksum: F338AA306C6A36A94022D0540CD48CFE;3436.


LaTeX Warning: There were undefined references.


LaTeX Warning: Label(s) may have changed. Rerun to get cross-references right.

Package atveryend Info: Empty hook `AtVeryVeryEnd' on input line 20.
 ) 
Here is how much of TeX's memory you used:
 35780 strings out of 480790
 850712 string characters out of 2894453
 1239936 words of memory out of 3000000
 51032 multiletter control sequences out of 15000+200000
 546180 words of font info for 77 fonts, out of 3000000 for 9000
 1141 hyphenation exceptions out of 8191
 71i,17n,73p,1379b,801s stack positions out of 5000i,500n,10000p,200000b,50000s
{C:/Users/Facu Molina/AppData/Local/Programs/MiKTeX/fonts/enc/dvips/cm-super/cm-super-ts1.enc}<C:/Users/Facu Molina/AppData/Local/Programs/MiKTeX/fonts/type1/public/amsfonts/cm/cmbx10.pfb><C:/Users/Facu Molina/AppData/Local/Programs/MiKTeX/fonts/type1/public/amsfonts/cm/cmbx12.pfb><C:/Users/Facu Molina/AppData/Local/Programs/MiKTeX/fonts/type1/public/amsfonts/cm/cmcsc10.pfb><C:/Users/Facu Molina/AppData/Local/Programs/MiKTeX/fonts/type1/public/amsfonts/cm/cmex10.pfb><C:/Users/Facu Molina/AppData/Local/Programs/MiKTeX/fonts/type1/public/amsfonts/cm/cmmi10.pfb><C:/Users/Facu Molina/AppData/Local/Programs/MiKTeX/fonts/type1/public/amsfonts/cm/cmmi12.pfb><C:/Users/Facu Molina/AppData/Local/Programs/MiKTeX/fonts/type1/public/amsfonts/cm/cmmi5.pfb><C:/Users/Facu Molina/AppData/Local/Programs/MiKTeX/fonts/type1/public/amsfonts/cm/cmmi7.pfb><C:/Users/Facu Molina/AppData/Local/Programs/MiKTeX/fonts/type1/public/amsfonts/cm/cmmi8.pfb><C:/Users/Facu Molina/AppData/Local/Programs/MiKTeX/fonts/type1/public/amsfonts/cm/cmr10.pfb><C:/Users/Facu Molina/AppData/Local/Programs/MiKTeX/fonts/type1/public/amsfonts/cm/cmr12.pfb><C:/Users/Facu Molina/AppData/Local/Programs/MiKTeX/fonts/type1/public/amsfonts/cm/cmr5.pfb><C:/Users/Facu Molina/AppData/Local/Programs/MiKTeX/fonts/type1/public/amsfonts/cm/cmr7.pfb><C:/Users/Facu Molina/AppData/Local/Programs/MiKTeX/fonts/type1/public/amsfonts/cm/cmr8.pfb><C:/Users/Facu Molina/AppData/Local/Programs/MiKTeX/fonts/type1/public/amsfonts/cm/cmsy10.pfb><C:/Users/Facu Molina/AppData/Local/Programs/MiKTeX/fonts/type1/public/amsfonts/cm/cmsy7.pfb><C:/Users/Facu Molina/AppData/Local/Programs/MiKTeX/fonts/type1/public/amsfonts/cm/cmti10.pfb><C:/Users/Facu Molina/AppData/Local/Programs/MiKTeX/fonts/type1/public/amsfonts/cm/cmti12.pfb><C:/Users/Facu Molina/AppData/Local/Programs/MiKTeX/fonts/type1/public/cm-super/sfrm1000.pfb>
Output written on d:/Documents\GitHub\TC-Grupo6\TP4\Informe\build\main.pdf (33 pages, 1649421 bytes).
PDF statistics:
 601 PDF objects out of 1000 (max. 8388607)
 174 named destinations out of 1000 (max. 500000)
 563 words of extra memory for PDF output out of 10000 (max. 10000000)

