This is pdfTeX, Version 3.14159265-2.6-1.40.21 (MiKTeX 20.7) (preloaded format=pdflatex 2020.8.21)  30 AUG 2020 12:43
entering extended mode
**"d:/Disco HDD/Documentos/Facultad/ITBA/4° año/2° cuatri/22.01 - Teoría de Circuitos/Cursada/Trabajos Prácticos/TC-Grupo6/TP2/Ejercicio 1 - Caracterizacion de Opams/Ejercicio-1.tex"
("d:/Disco HDD/Documentos/Facultad/ITBA/4° año/2° cuatri/22.01 - Teoría de Circuitos/Cursada/Trabajos Prácticos/TC-Grupo6/TP2/Ejercicio 1 - Caracterizacion de Opams/Ejercicio-1.tex"
LaTeX2e <2018-12-01>
d:/Disco HDD/Documentos/Facultad/ITBA/4° año/2° cuatri/22.01 - Teoría de Circuitos/Cursada/Trabajos Prácticos/TC-Grupo6/TP2/Ejercicio 1 - Caracterizacion de Opams/Ejercicio-1.tex:1: Undefined control sequence.
l.1 \section
            {Caracterización de Amplificadores Operacionales}
The control sequence at the end of the top line
of your error message was never \def'ed. If you have
misspelled it (e.g., `\hobx'), type `I' and the correct
spelling (e.g., `I\hbox'). Otherwise just continue,
and I'll forget about whatever was undefined.


d:/Disco HDD/Documentos/Facultad/ITBA/4° año/2° cuatri/22.01 - Teoría de Circuitos/Cursada/Trabajos Prácticos/TC-Grupo6/TP2/Ejercicio 1 - Caracterizacion de Opams/Ejercicio-1.tex:1: LaTeX Error: Missing \begin{document}.

See the LaTeX manual or LaTeX Companion for explanation.
Type  H <return>  for immediate help.
 ...                                              
                                                  
l.1 \section{C
              aracterización de Amplificadores Operacionales}
You're in trouble here.  Try typing  <return>  to proceed.
If that doesn't work, type  X <return>  to quit.

Missing character: There is no C in font nullfont!
Missing character: There is no a in font nullfont!
Missing character: There is no r in font nullfont!
Missing character: There is no a in font nullfont!
Missing character: There is no c in font nullfont!
Missing character: There is no t in font nullfont!
Missing character: There is no e in font nullfont!
Missing character: There is no r in font nullfont!
Missing character: There is no i in font nullfont!
Missing character: There is no z in font nullfont!
Missing character: There is no a in font nullfont!
Missing character: There is no c in font nullfont!
Missing character: There is no i in font nullfont!
LaTeX Font Info:    Try loading font information for +cmr on input line 1.
LaTeX Font Info:    No file cmr.fd. on input line 1.

LaTeX Font Warning: Font shape `/cmr/m/n' undefined
(Font)              using `/cmr/m/n' instead on input line 1.

d:/Disco HDD/Documentos/Facultad/ITBA/4° año/2° cuatri/22.01 - Teoría de Circuitos/Cursada/Trabajos Prácticos/TC-Grupo6/TP2/Ejercicio 1 - Caracterizacion de Opams/Ejercicio-1.tex:1: Corrupted NFSS tables.
wrong@fontshape ...message {Corrupted NFSS tables}
                                                  error@fontshape else let f...
l.1 \section{Caracterizació
                            n de Amplificadores Operacionales}
This error message was generated by an \errmessage
command, so I can't give any explicit help.
Pretend that you're Hercule Poirot: Examine all clues,
and deduce the truth by order and method.


LaTeX Font Warning: Font shape `/cmr/m/n' undefined
(Font)              using `OT1/cmr/m/n' instead on input line 1.

Missing character: There is no n in font nullfont!
Missing character: There is no d in font nullfont!
Missing character: There is no e in font nullfont!
Missing character: There is no A in font nullfont!
Missing character: There is no m in font nullfont!
Missing character: There is no p in font nullfont!
Missing character: There is no l in font nullfont!
Missing character: There is no i in font nullfont!
Missing character: There is no f in font nullfont!
Missing character: There is no i in font nullfont!
Missing character: There is no c in font nullfont!
Missing character: There is no a in font nullfont!
Missing character: There is no d in font nullfont!
Missing character: There is no o in font nullfont!
Missing character: There is no r in font nullfont!
Missing character: There is no e in font nullfont!
Missing character: There is no s in font nullfont!
Missing character: There is no O in font nullfont!
Missing character: There is no p in font nullfont!
Missing character: There is no e in font nullfont!
Missing character: There is no r in font nullfont!
Missing character: There is no a in font nullfont!
Missing character: There is no c in font nullfont!
Missing character: There is no i in font nullfont!
Missing character: There is no o in font nullfont!
Missing character: There is no n in font nullfont!
Missing character: There is no a in font nullfont!
Missing character: There is no l in font nullfont!
Missing character: There is no e in font nullfont!
Missing character: There is no s in font nullfont!
)
! Emergency stop.
<*> ...- Caracterizacion de Opams/Ejercicio-1.tex"
                                                  
*** (job aborted, no legal \end found)

 
Here is how much of TeX's memory you used:
 17 strings out of 492961
 1010 string characters out of 3134379
 54769 words of memory out of 3000000
 3965 multiletter control sequences out of 15000+200000
 3640 words of font info for 14 fonts, out of 3000000 for 9000
 1141 hyphenation exceptions out of 8191
 16i,1n,16p,273b,91s stack positions out of 5000i,500n,10000p,200000b,50000s
!  ==> Fatal error occurred, no output PDF file produced!
