\BOOKMARK [1][-]{section.1}{Filtro con GIC}{}% 1
\BOOKMARK [2][-]{subsection.1.1}{Introducci\363n al GIC}{section.1}% 2
\BOOKMARK [2][-]{subsection.1.2}{Dise\361o de un Filtro Pasa-Todo}{section.1}% 3
\BOOKMARK [3][-]{subsubsection.1.2.1}{Respuesta en frecuencia}{subsection.1.2}% 4
\BOOKMARK [3][-]{subsubsection.1.2.2}{Funcionamiento de Resistencias}{subsection.1.2}% 5
\BOOKMARK [3][-]{subsubsection.1.2.3}{An\341lisis de Sensibilidad}{subsection.1.2}% 6
\BOOKMARK [3][-]{subsubsection.1.2.4}{Impedancia del Circuito}{subsection.1.2}% 7
\BOOKMARK [3][-]{subsubsection.1.2.5}{Implementaci\363n del Circuito}{subsection.1.2}% 8
\BOOKMARK [3][-]{subsubsection.1.2.6}{Elecci\363n de Amplificador Operacional}{subsection.1.2}% 9
\BOOKMARK [2][-]{subsection.1.3}{An\341lisis de Resultados}{section.1}% 10
\BOOKMARK [3][-]{subsubsection.1.3.1}{Respuesta en Frecuencia}{subsection.1.3}% 11
\BOOKMARK [3][-]{subsubsection.1.3.2}{Impedancia de Entrada}{subsection.1.3}% 12
\BOOKMARK [3][-]{subsubsection.1.3.3}{Impedancia de Salida}{subsection.1.3}% 13
\BOOKMARK [2][-]{subsection.1.4}{Respuesta al Escal\363n}{section.1}% 14
\BOOKMARK [2][-]{subsection.1.5}{Limitaciones del Circuito}{section.1}% 15
\BOOKMARK [3][-]{subsubsection.1.5.1}{Limitaci\363n por Tensi\363n}{subsection.1.5}% 16
\BOOKMARK [3][-]{subsubsection.1.5.2}{Limitaci\363n por Frecuencia}{subsection.1.5}% 17
\BOOKMARK [3][-]{subsubsection.1.5.3}{Limitaci\363n por Se\361al}{subsection.1.5}% 18
\BOOKMARK [2][-]{subsection.1.6}{Conclusi\363n}{section.1}% 19
\BOOKMARK [1][-]{section.2}{Introducci\363n a Dise\361o de Filtros}{}% 20
\BOOKMARK [1][-]{section.3}{Amplificador de Instrumentaci\363n}{}% 21
\BOOKMARK [2][-]{subsection.3.1}{Amplificador de Instrumentaci\363n}{section.3}% 22
\BOOKMARK [1][-]{section.4}{Control de Tonos y Ecualizador de Fase}{}% 23
\BOOKMARK [2][-]{subsection.4.1}{Ecualizador de Fase}{section.4}% 24
\BOOKMARK [2][-]{subsection.4.2}{An\341lisis matem\341tico}{section.4}% 25
\BOOKMARK [2][-]{subsection.4.3}{Elecci\363n de componentes}{section.4}% 26
\BOOKMARK [2][-]{subsection.4.4}{Simulaciones}{section.4}% 27
\BOOKMARK [3][-]{subsubsection.4.4.1}{Frecuencias bajas}{subsection.4.4}% 28
\BOOKMARK [3][-]{subsubsection.4.4.2}{Frecuencias medias}{subsection.4.4}% 29
\BOOKMARK [3][-]{subsubsection.4.4.3}{Frecuencias altas}{subsection.4.4}% 30
