This is pdfTeX, Version 3.14159265-2.6-1.40.21 (MiKTeX 20.7) (preloaded format=pdflatex 2020.8.21)  12 OCT 2020 20:18
entering extended mode
**"d:/Disco HDD/Documentos/Facultad/ITBA/4° año/2° cuatri/22.01 - Teoría de Circuitos/Cursada/Trabajos Prácticos/TC-Grupo6/TP3/Informe/main.tex"
("d:/Disco HDD/Documentos/Facultad/ITBA/4° año/2° cuatri/22.01 - Teoría de Circuitos/Cursada/Trabajos Prácticos/TC-Grupo6/TP3/Informe/main.tex"
LaTeX2e <2018-12-01>
("d:/Disco HDD\Documentos\Facultad\ITBA\4° año\2° cuatri\22.01 - Teoría de Circuitos\Cursada\Trabajos Prácticos\TC-Grupo6\TP3\Informe\preamble.tex" ("C:\Program Files\MiKTeX 2.9\tex/latex/base\article.cls"
Document Class: article 2018/09/03 v1.4i Standard LaTeX document class
("C:\Program Files\MiKTeX 2.9\tex/latex/base\size10.clo"
File: size10.clo 2018/09/03 v1.4i Standard LaTeX file (size option)
)
\c@part=\count80
\c@section=\count81
\c@subsection=\count82
\c@subsubsection=\count83
\c@paragraph=\count84
\c@subparagraph=\count85
\c@figure=\count86
\c@table=\count87
\abovecaptionskip=\skip41
\belowcaptionskip=\skip42
\bibindent=\dimen102
) ("C:\Program Files\MiKTeX 2.9\tex/latex/base\inputenc.sty"
Package: inputenc 2018/08/11 v1.3c Input encoding file
\inpenc@prehook=\toks14
\inpenc@posthook=\toks15
) ("C:\Program Files\MiKTeX 2.9\tex/generic/babel\babel.sty"
Package: babel 2020/07/13 3.47 The Babel package
 ("C:\Program Files\MiKTeX 2.9\tex/generic/babel\babel.def"
File: babel.def 2020/07/13 3.47 Babel common definitions
\babel@savecnt=\count88
\U@D=\dimen103
\l@babelnohyphens=\language82
 ("C:\Program Files\MiKTeX 2.9\tex/generic/babel\txtbabel.def")
\bbl@readstream=\read1
)
\bbl@dirlevel=\count89

*************************************
* Local config file bblopts.cfg used
*
("C:\Program Files\MiKTeX 2.9\tex/latex/arabi\bblopts.cfg"
File: bblopts.cfg 2005/09/08 v0.1 add Arabic and Farsi to "declared" options of babel
) ("C:\Program Files\MiKTeX 2.9\tex/latex/babel-spanish\spanish.ldf"
Language: spanish.ldf 2016/03/03 v5.0p Spanish support from the babel system
\es@quottoks=\toks16
\es@quotdepth=\count90
) ("C:\Program Files\MiKTeX 2.9\tex/latex/babel-english\english.ldf"
Language: english 2017/06/06 v3.3r English support from the babel system
Package babel Info: \l@canadian = using hyphenrules for english
(babel)             (\language0) on input line 102.
Package babel Info: \l@australian = using hyphenrules for ukenglish
(babel)             (\language76) on input line 105.
Package babel Info: \l@newzealand = using hyphenrules for ukenglish
(babel)             (\language76) on input line 108.
)) ("C:\Program Files\MiKTeX 2.9\tex/latex/xcolor\xcolor.sty"
Package: xcolor 2016/05/11 v2.12 LaTeX color extensions (UK)
 ("C:\Program Files\MiKTeX 2.9\tex/latex/graphics-cfg\color.cfg"
File: color.cfg 2016/01/02 v1.6 sample color configuration
)
Package xcolor Info: Driver file: pdftex.def on input line 225.
 ("C:\Program Files\MiKTeX 2.9\tex/latex/graphics-def\pdftex.def"
File: pdftex.def 2018/01/08 v1.0l Graphics/color driver for pdftex
) ("C:\Program Files\MiKTeX 2.9\tex/latex/colortbl\colortbl.sty"
Package: colortbl 2018/12/12 v1.0d Color table columns (DPC)
 ("C:\Program Files\MiKTeX 2.9\tex/latex/tools\array.sty"
Package: array 2019/08/31 v2.4l Tabular extension package (FMi)
\col@sep=\dimen104
\ar@mcellbox=\box27
\extrarowheight=\dimen105
\NC@list=\toks17
\extratabsurround=\skip43
\backup@length=\skip44
\ar@cellbox=\box28
)
\everycr=\toks18
\minrowclearance=\skip45
)
\rownum=\count91
Package xcolor Info: Model `cmy' substituted by `cmy0' on input line 1348.
Package xcolor Info: Model `hsb' substituted by `rgb' on input line 1352.
Package xcolor Info: Model `RGB' extended on input line 1364.
Package xcolor Info: Model `HTML' substituted by `rgb' on input line 1366.
Package xcolor Info: Model `Hsb' substituted by `hsb' on input line 1367.
Package xcolor Info: Model `tHsb' substituted by `hsb' on input line 1368.
Package xcolor Info: Model `HSB' substituted by `hsb' on input line 1369.
Package xcolor Info: Model `Gray' substituted by `gray' on input line 1370.
Package xcolor Info: Model `wave' substituted by `hsb' on input line 1371.
) ("C:\Program Files\MiKTeX 2.9\tex/latex/geometry\geometry.sty"
Package: geometry 2018/04/16 v5.8 Page Geometry
 ("C:\Program Files\MiKTeX 2.9\tex/latex/graphics\keyval.sty"
Package: keyval 2014/10/28 v1.15 key=value parser (DPC)
\KV@toks@=\toks19
) ("C:\Program Files\MiKTeX 2.9\tex/generic/iftex\ifpdf.sty"
Package: ifpdf 2019/10/25 v3.4 ifpdf legacy package. Use iftex instead.
 ("C:\Program Files\MiKTeX 2.9\tex/generic/iftex\iftex.sty"
Package: iftex 2020/03/06 v1.0d TeX engine tests
)) ("C:\Program Files\MiKTeX 2.9\tex/generic/iftex\ifvtex.sty"
Package: ifvtex 2019/10/25 v1.7 ifvtex legacy package. Use iftex instead.
) ("C:\Program Files\MiKTeX 2.9\tex/generic/iftex\ifxetex.sty"
Package: ifxetex 2019/10/25 v0.7 ifxetex legacy package. Use iftex instead.
)
\Gm@cnth=\count92
\Gm@cntv=\count93
\c@Gm@tempcnt=\count94
\Gm@bindingoffset=\dimen106
\Gm@wd@mp=\dimen107
\Gm@odd@mp=\dimen108
\Gm@even@mp=\dimen109
\Gm@layoutwidth=\dimen110
\Gm@layoutheight=\dimen111
\Gm@layouthoffset=\dimen112
\Gm@layoutvoffset=\dimen113
\Gm@dimlist=\toks20
 ("C:\Program Files\MiKTeX 2.9\tex/latex/geometry\geometry.cfg")) ("C:\Program Files\MiKTeX 2.9\tex/latex/caption\caption.sty"
Package: caption 2020/05/30 v3.4k Customizing captions (AR)
 ("C:\Program Files\MiKTeX 2.9\tex/latex/caption\caption3.sty"
Package: caption3 2020/07/20 v1.12b caption3 kernel (AR)
Package caption3 Info: TeX engine: e-TeX on input line 61.
\captionmargin=\dimen114
\captionmargin@=\dimen115
\captionwidth=\dimen116
\caption@tempdima=\dimen117
\caption@indent=\dimen118
\caption@parindent=\dimen119
\caption@hangindent=\dimen120
Package caption Info: Standard document class detected.
)
\c@caption@flags=\count95
\c@continuedfloat=\count96
) ("C:\Program Files\MiKTeX 2.9\tex/latex/siunitx\siunitx.sty" ("C:\Program Files\MiKTeX 2.9\tex/latex/l3kernel\expl3.sty"
Package: expl3 2020-08-07 L3 programming layer (loader) 
 ("C:\Program Files\MiKTeX 2.9\tex/latex/l3kernel\expl3-code.tex"
Package: expl3 2020-08-07 L3 programming layer (code)
\c_max_int=\count97
\l_tmpa_int=\count98
\l_tmpb_int=\count99
\g_tmpa_int=\count100
\g_tmpb_int=\count101
\l__seq_internal_a_int=\count102
\l__seq_internal_b_int=\count103
\g__kernel_prg_map_int=\count104
\c__ior_term_noprompt_ior=\count105
\c_log_iow=\count106
\l_iow_line_count_int=\count107
\l__iow_line_target_int=\count108
\l__iow_one_indent_int=\count109
\l__iow_indent_int=\count110
\c_zero_dim=\dimen121
\c_max_dim=\dimen122
\l_tmpa_dim=\dimen123
\l_tmpb_dim=\dimen124
\g_tmpa_dim=\dimen125
\g_tmpb_dim=\dimen126
\c_zero_skip=\skip46
\c_max_skip=\skip47
\l_tmpa_skip=\skip48
\l_tmpb_skip=\skip49
\g_tmpa_skip=\skip50
\g_tmpb_skip=\skip51
\c_zero_muskip=\muskip10
\c_max_muskip=\muskip11
\l_tmpa_muskip=\muskip12
\l_tmpb_muskip=\muskip13
\g_tmpa_muskip=\muskip14
\g_tmpb_muskip=\muskip15
\l_keys_choice_int=\count111
\l__intarray_loop_int=\count112
\c__intarray_sp_dim=\dimen127
\g__intarray_font_int=\count113
\c__fp_leading_shift_int=\count114
\c__fp_middle_shift_int=\count115
\c__fp_trailing_shift_int=\count116
\c__fp_big_leading_shift_int=\count117
\c__fp_big_middle_shift_int=\count118
\c__fp_big_trailing_shift_int=\count119
\c__fp_Bigg_leading_shift_int=\count120
\c__fp_Bigg_middle_shift_int=\count121
\c__fp_Bigg_trailing_shift_int=\count122
\c__kernel_randint_max_int=\count123
\g__fp_array_int=\count124
\l__fp_array_loop_int=\count125
\g__cctab_allocate_int=\count126
\l__sort_length_int=\count127
\l__sort_min_int=\count128
\l__sort_top_int=\count129
\l__sort_max_int=\count130
\l__sort_true_max_int=\count131
\l__sort_block_int=\count132
\l__sort_begin_int=\count133
\l__sort_end_int=\count134
\l__sort_A_int=\count135
\l__sort_B_int=\count136
\l__sort_C_int=\count137
\l__str_internal_int=\count138
\c__str_replacement_char_int=\count139
\l__tl_analysis_normal_int=\count140
\l__tl_analysis_index_int=\count141
\l__tl_analysis_nesting_int=\count142
\l__tl_analysis_type_int=\count143
\l__regex_internal_a_int=\count144
\l__regex_internal_b_int=\count145
\l__regex_internal_c_int=\count146
\l__regex_balance_int=\count147
\l__regex_group_level_int=\count148
\l__regex_mode_int=\count149
\c__regex_cs_in_class_mode_int=\count150
\c__regex_cs_mode_int=\count151
\l__regex_catcodes_int=\count152
\l__regex_default_catcodes_int=\count153
\c__regex_catcode_D_int=\count154
\c__regex_catcode_S_int=\count155
\c__regex_catcode_L_int=\count156
\c__regex_catcode_O_int=\count157
\c__regex_catcode_A_int=\count158
\c__regex_all_catcodes_int=\count159
\l__regex_show_lines_int=\count160
\l__regex_min_state_int=\count161
\l__regex_max_state_int=\count162
\l__regex_left_state_int=\count163
\l__regex_right_state_int=\count164
\l__regex_capturing_group_int=\count165
\l__regex_min_pos_int=\count166
\l__regex_max_pos_int=\count167
\l__regex_curr_pos_int=\count168
\l__regex_start_pos_int=\count169
\l__regex_success_pos_int=\count170
\l__regex_curr_char_int=\count171
\l__regex_curr_catcode_int=\count172
\l__regex_last_char_int=\count173
\l__regex_case_changed_char_int=\count174
\l__regex_curr_state_int=\count175
\l__regex_step_int=\count176
\l__regex_min_active_int=\count177
\l__regex_max_active_int=\count178
\l__regex_replacement_csnames_int=\count179
\l__regex_match_count_int=\count180
\l__regex_min_submatch_int=\count181
\l__regex_submatch_int=\count182
\l__regex_zeroth_submatch_int=\count183
\g__regex_trace_regex_int=\count184
\c_empty_box=\box29
\l_tmpa_box=\box30
\l_tmpb_box=\box31
\g_tmpa_box=\box32
\g_tmpb_box=\box33
\l__box_top_dim=\dimen128
\l__box_bottom_dim=\dimen129
\l__box_left_dim=\dimen130
\l__box_right_dim=\dimen131
\l__box_top_new_dim=\dimen132
\l__box_bottom_new_dim=\dimen133
\l__box_left_new_dim=\dimen134
\l__box_right_new_dim=\dimen135
\l__box_internal_box=\box34
\l__coffin_internal_box=\box35
\l__coffin_internal_dim=\dimen136
\l__coffin_offset_x_dim=\dimen137
\l__coffin_offset_y_dim=\dimen138
\l__coffin_x_dim=\dimen139
\l__coffin_y_dim=\dimen140
\l__coffin_x_prime_dim=\dimen141
\l__coffin_y_prime_dim=\dimen142
\c_empty_coffin=\box36
\l__coffin_aligned_coffin=\box37
\l__coffin_aligned_internal_coffin=\box38
\l_tmpa_coffin=\box39
\l_tmpb_coffin=\box40
\g_tmpa_coffin=\box41
\g_tmpb_coffin=\box42
\l__coffin_bounding_shift_dim=\dimen143
\l__coffin_left_corner_dim=\dimen144
\l__coffin_right_corner_dim=\dimen145
\l__coffin_bottom_corner_dim=\dimen146
\l__coffin_top_corner_dim=\dimen147
\l__coffin_scaled_total_height_dim=\dimen148
\l__coffin_scaled_width_dim=\dimen149
\c__coffin_empty_coffin=\box43
\l__coffin_display_coffin=\box44
\l__coffin_display_coord_coffin=\box45
\l__coffin_display_pole_coffin=\box46
\l__coffin_display_offset_dim=\dimen150
\l__coffin_display_x_dim=\dimen151
\l__coffin_display_y_dim=\dimen152
\g__char_data_ior=\read2
 ("C:\Program Files\MiKTeX 2.9\tex/latex/l3kernel\l3deprecation.def"
File: l3deprecation.def 2019-04-06 v L3 Deprecated functions
)) ("C:\Program Files\MiKTeX 2.9\tex/latex/l3backend\l3backend-pdfmode.def"
File: l3backend-pdfmode.def 2020-08-07 L3 backend support: PDF mode
\l__kernel_color_stack_int=\count185
\l__pdf_internal_box=\box47
)) ("C:\Program Files\MiKTeX 2.9\tex/latex/l3packages/xparse\xparse.sty"
Package: xparse 2020-05-15 L3 Experimental document command parser
 ("C:\Program Files\MiKTeX 2.9\tex/latex/l3packages/xparse\xparse-generic.tex"
\l__xparse_current_arg_int=\count186
\g__xparse_grabber_int=\count187
\l__xparse_m_args_int=\count188
\l__xparse_v_nesting_int=\count189
))
Package: siunitx 2020/02/25 v2.8b A comprehensive (SI) units package
 ("C:\Program Files\MiKTeX 2.9\tex/latex/amsmath\amstext.sty"
Package: amstext 2000/06/29 v2.01 AMS text
 ("C:\Program Files\MiKTeX 2.9\tex/latex/amsmath\amsgen.sty"
File: amsgen.sty 1999/11/30 v2.0 generic functions
\@emptytoks=\toks21
\ex@=\dimen153
)) ("C:\Program Files\MiKTeX 2.9\tex/latex/l3packages/l3keys2e\l3keys2e.sty"
Package: l3keys2e 2020-05-15 LaTeX2e option processing using LaTeX3 keys
)
\l__siunitx_tmp_box=\box48
\l__siunitx_tmp_dim=\dimen154
\l__siunitx_tmp_int=\count190
\l__siunitx_number_mantissa_length_int=\count191
\l__siunitx_number_uncert_length_int=\count192
\l__siunitx_round_int=\count193
\l__siunitx_process_decimal_int=\count194
\l__siunitx_process_uncertainty_int=\count195
\l__siunitx_process_fixed_int=\count196
\l__siunitx_process_integer_min_int=\count197
\l__siunitx_process_precision_int=\count198
\l__siunitx_group_min_int=\count199
\l__siunitx_angle_marker_box=\box49
\l__siunitx_angle_unit_box=\box50
\l__siunitx_angle_marker_dim=\dimen155
\l__siunitx_angle_unit_dim=\dimen156
\l__siunitx_unit_int=\count266
\l__siunitx_unit_denominator_int=\count267
\l__siunitx_unit_numerator_int=\count268
\l__siunitx_unit_prefix_int=\count269
\l__siunitx_unit_prefix_base_int=\count270
\l__siunitx_unit_prefix_gram_int=\count271
\l__siunitx_number_product_int=\count272
\c__siunitx_one_fill_skip=\skip52
\l__siunitx_table_unit_align_skip=\skip53
\l__siunitx_table_exponent_dim=\dimen157
\l__siunitx_table_integer_dim=\dimen158
\l__siunitx_table_mantissa_dim=\dimen159
\l__siunitx_table_marker_dim=\dimen160
\l__siunitx_table_result_dim=\dimen161
\l__siunitx_table_uncert_dim=\dimen162
\l__siunitx_table_fill_pre_dim=\dimen163
\l__siunitx_table_fill_post_dim=\dimen164
\l__siunitx_table_fill_mid_dim=\dimen165
\l__siunitx_table_pre_box=\box51
\l__siunitx_table_post_box=\box52
\l__siunitx_table_mantissa_box=\box53
\l__siunitx_table_result_box=\box54
\l__siunitx_table_number_align_skip=\skip54
\l__siunitx_table_text_align_skip=\skip55
 ("C:\Program Files\MiKTeX 2.9\tex/latex/translator\translator.sty"
Package: translator 2020-08-03 v1.12c Easy translation of strings in LaTeX
)) ("C:\Program Files\MiKTeX 2.9\tex/latex/amsmath\amsmath.sty"
Package: amsmath 2020/01/20 v2.17e AMS math features
\@mathmargin=\skip56

For additional information on amsmath, use the `?' option.
("C:\Program Files\MiKTeX 2.9\tex/latex/amsmath\amsbsy.sty"
Package: amsbsy 1999/11/29 v1.2d Bold Symbols
\pmbraise@=\dimen166
) ("C:\Program Files\MiKTeX 2.9\tex/latex/amsmath\amsopn.sty"
Package: amsopn 2016/03/08 v2.02 operator names
)
\inf@bad=\count273
LaTeX Info: Redefining \frac on input line 227.
\uproot@=\count274
\leftroot@=\count275
LaTeX Info: Redefining \overline on input line 389.
\classnum@=\count276
\DOTSCASE@=\count277
LaTeX Info: Redefining \ldots on input line 486.
LaTeX Info: Redefining \dots on input line 489.
LaTeX Info: Redefining \cdots on input line 610.
\Mathstrutbox@=\box55
\strutbox@=\box56
\big@size=\dimen167
LaTeX Font Info:    Redeclaring font encoding OML on input line 733.
LaTeX Font Info:    Redeclaring font encoding OMS on input line 734.
\macc@depth=\count278
\c@MaxMatrixCols=\count279
\dotsspace@=\muskip16
\c@parentequation=\count280
\dspbrk@lvl=\count281
\tag@help=\toks22
\row@=\count282
\column@=\count283
\maxfields@=\count284
\andhelp@=\toks23
\eqnshift@=\dimen168
\alignsep@=\dimen169
\tagshift@=\dimen170
\tagwidth@=\dimen171
\totwidth@=\dimen172
\lineht@=\dimen173
\@envbody=\toks24
\multlinegap=\skip57
\multlinetaggap=\skip58
\mathdisplay@stack=\toks25
LaTeX Info: Redefining \[ on input line 2859.
LaTeX Info: Redefining \] on input line 2860.
) ("C:\Program Files\MiKTeX 2.9\tex/latex/amsfonts\amsfonts.sty"
Package: amsfonts 2013/01/14 v3.01 Basic AMSFonts support
\symAMSa=\mathgroup4
\symAMSb=\mathgroup5
LaTeX Font Info:    Overwriting math alphabet `\mathfrak' in version `bold'
(Font)                  U/euf/m/n --> U/euf/b/n on input line 106.
) ("C:\Program Files\MiKTeX 2.9\tex/latex/amsfonts\amssymb.sty"
Package: amssymb 2013/01/14 v3.01 AMS font symbols
) ("C:\Program Files\MiKTeX 2.9\tex/latex/float\float.sty"
Package: float 2001/11/08 v1.3d Float enhancements (AL)
\c@float@type=\count285
\float@exts=\toks26
\float@box=\box57
\@float@everytoks=\toks27
\@floatcapt=\box58
) ("C:\Program Files\MiKTeX 2.9\tex/latex/base\textcomp.sty"
Package: textcomp 2018/08/11 v2.0j Standard LaTeX package
Package textcomp Info: Sub-encoding information:
(textcomp)               5 = only ISO-Adobe without \textcurrency
(textcomp)               4 = 5 + \texteuro
(textcomp)               3 = 4 + \textohm
(textcomp)               2 = 3 + \textestimated + \textcurrency
(textcomp)               1 = TS1 - \textcircled - \t
(textcomp)               0 = TS1 (full)
(textcomp)             Font families with sub-encoding setting implement
(textcomp)             only a restricted character set as indicated.
(textcomp)             Family '?' is the default used for unknown fonts.
(textcomp)             See the documentation for details.
Package textcomp Info: Setting ? sub-encoding to TS1/1 on input line 79.
 ("C:\Program Files\MiKTeX 2.9\tex/latex/base\ts1enc.def"
File: ts1enc.def 2001/06/05 v3.0e (jk/car/fm) Standard LaTeX file
Now handling font encoding TS1 ...
... processing UTF-8 mapping file for font encoding TS1
 ("C:\Program Files\MiKTeX 2.9\tex/latex/base\ts1enc.dfu"
File: ts1enc.dfu 2018/10/05 v1.2f UTF-8 support for inputenc
   defining Unicode char U+00A2 (decimal 162)
   defining Unicode char U+00A3 (decimal 163)
   defining Unicode char U+00A4 (decimal 164)
   defining Unicode char U+00A5 (decimal 165)
   defining Unicode char U+00A6 (decimal 166)
   defining Unicode char U+00A7 (decimal 167)
   defining Unicode char U+00A8 (decimal 168)
   defining Unicode char U+00A9 (decimal 169)
   defining Unicode char U+00AA (decimal 170)
   defining Unicode char U+00AC (decimal 172)
   defining Unicode char U+00AE (decimal 174)
   defining Unicode char U+00AF (decimal 175)
   defining Unicode char U+00B0 (decimal 176)
   defining Unicode char U+00B1 (decimal 177)
   defining Unicode char U+00B2 (decimal 178)
   defining Unicode char U+00B3 (decimal 179)
   defining Unicode char U+00B4 (decimal 180)
   defining Unicode char U+00B5 (decimal 181)
   defining Unicode char U+00B6 (decimal 182)
   defining Unicode char U+00B7 (decimal 183)
   defining Unicode char U+00B9 (decimal 185)
   defining Unicode char U+00BA (decimal 186)
   defining Unicode char U+00BC (decimal 188)
   defining Unicode char U+00BD (decimal 189)
   defining Unicode char U+00BE (decimal 190)
   defining Unicode char U+00D7 (decimal 215)
   defining Unicode char U+00F7 (decimal 247)
   defining Unicode char U+0192 (decimal 402)
   defining Unicode char U+02C7 (decimal 711)
   defining Unicode char U+02D8 (decimal 728)
   defining Unicode char U+02DD (decimal 733)
   defining Unicode char U+0E3F (decimal 3647)
   defining Unicode char U+2016 (decimal 8214)
   defining Unicode char U+2020 (decimal 8224)
   defining Unicode char U+2021 (decimal 8225)
   defining Unicode char U+2022 (decimal 8226)
   defining Unicode char U+2030 (decimal 8240)
   defining Unicode char U+2031 (decimal 8241)
   defining Unicode char U+203B (decimal 8251)
   defining Unicode char U+203D (decimal 8253)
   defining Unicode char U+2044 (decimal 8260)
   defining Unicode char U+204E (decimal 8270)
   defining Unicode char U+2052 (decimal 8274)
   defining Unicode char U+20A1 (decimal 8353)
   defining Unicode char U+20A4 (decimal 8356)
   defining Unicode char U+20A6 (decimal 8358)
   defining Unicode char U+20A9 (decimal 8361)
   defining Unicode char U+20AB (decimal 8363)
   defining Unicode char U+20AC (decimal 8364)
   defining Unicode char U+20B1 (decimal 8369)
   defining Unicode char U+2103 (decimal 8451)
   defining Unicode char U+2116 (decimal 8470)
   defining Unicode char U+2117 (decimal 8471)
   defining Unicode char U+211E (decimal 8478)
   defining Unicode char U+2120 (decimal 8480)
   defining Unicode char U+2122 (decimal 8482)
   defining Unicode char U+2126 (decimal 8486)
   defining Unicode char U+2127 (decimal 8487)
   defining Unicode char U+212E (decimal 8494)
   defining Unicode char U+2190 (decimal 8592)
   defining Unicode char U+2191 (decimal 8593)
   defining Unicode char U+2192 (decimal 8594)
   defining Unicode char U+2193 (decimal 8595)
   defining Unicode char U+2329 (decimal 9001)
   defining Unicode char U+232A (decimal 9002)
   defining Unicode char U+2422 (decimal 9250)
   defining Unicode char U+25E6 (decimal 9702)
   defining Unicode char U+25EF (decimal 9711)
   defining Unicode char U+266A (decimal 9834)
   defining Unicode char U+FEFF (decimal 65279)
))
LaTeX Info: Redefining \oldstylenums on input line 334.
Package textcomp Info: Setting cmr sub-encoding to TS1/0 on input line 349.
Package textcomp Info: Setting cmss sub-encoding to TS1/0 on input line 350.
Package textcomp Info: Setting cmtt sub-encoding to TS1/0 on input line 351.
Package textcomp Info: Setting cmvtt sub-encoding to TS1/0 on input line 352.
Package textcomp Info: Setting cmbr sub-encoding to TS1/0 on input line 353.
Package textcomp Info: Setting cmtl sub-encoding to TS1/0 on input line 354.
Package textcomp Info: Setting ccr sub-encoding to TS1/0 on input line 355.
Package textcomp Info: Setting ptm sub-encoding to TS1/4 on input line 356.
Package textcomp Info: Setting pcr sub-encoding to TS1/4 on input line 357.
Package textcomp Info: Setting phv sub-encoding to TS1/4 on input line 358.
Package textcomp Info: Setting ppl sub-encoding to TS1/3 on input line 359.
Package textcomp Info: Setting pag sub-encoding to TS1/4 on input line 360.
Package textcomp Info: Setting pbk sub-encoding to TS1/4 on input line 361.
Package textcomp Info: Setting pnc sub-encoding to TS1/4 on input line 362.
Package textcomp Info: Setting pzc sub-encoding to TS1/4 on input line 363.
Package textcomp Info: Setting bch sub-encoding to TS1/4 on input line 364.
Package textcomp Info: Setting put sub-encoding to TS1/5 on input line 365.
Package textcomp Info: Setting uag sub-encoding to TS1/5 on input line 366.
Package textcomp Info: Setting ugq sub-encoding to TS1/5 on input line 367.
Package textcomp Info: Setting ul8 sub-encoding to TS1/4 on input line 368.
Package textcomp Info: Setting ul9 sub-encoding to TS1/4 on input line 369.
Package textcomp Info: Setting augie sub-encoding to TS1/5 on input line 370.
Package textcomp Info: Setting dayrom sub-encoding to TS1/3 on input line 371.
Package textcomp Info: Setting dayroms sub-encoding to TS1/3 on input line 372.
Package textcomp Info: Setting pxr sub-encoding to TS1/0 on input line 373.
Package textcomp Info: Setting pxss sub-encoding to TS1/0 on input line 374.
Package textcomp Info: Setting pxtt sub-encoding to TS1/0 on input line 375.
Package textcomp Info: Setting txr sub-encoding to TS1/0 on input line 376.
Package textcomp Info: Setting txss sub-encoding to TS1/0 on input line 377.
Package textcomp Info: Setting txtt sub-encoding to TS1/0 on input line 378.
Package textcomp Info: Setting lmr sub-encoding to TS1/0 on input line 379.
Package textcomp Info: Setting lmdh sub-encoding to TS1/0 on input line 380.
Package textcomp Info: Setting lmss sub-encoding to TS1/0 on input line 381.
Package textcomp Info: Setting lmssq sub-encoding to TS1/0 on input line 382.
Package textcomp Info: Setting lmvtt sub-encoding to TS1/0 on input line 383.
Package textcomp Info: Setting lmtt sub-encoding to TS1/0 on input line 384.
Package textcomp Info: Setting qhv sub-encoding to TS1/0 on input line 385.
Package textcomp Info: Setting qag sub-encoding to TS1/0 on input line 386.
Package textcomp Info: Setting qbk sub-encoding to TS1/0 on input line 387.
Package textcomp Info: Setting qcr sub-encoding to TS1/0 on input line 388.
Package textcomp Info: Setting qcs sub-encoding to TS1/0 on input line 389.
Package textcomp Info: Setting qpl sub-encoding to TS1/0 on input line 390.
Package textcomp Info: Setting qtm sub-encoding to TS1/0 on input line 391.
Package textcomp Info: Setting qzc sub-encoding to TS1/0 on input line 392.
Package textcomp Info: Setting qhvc sub-encoding to TS1/0 on input line 393.
Package textcomp Info: Setting futs sub-encoding to TS1/4 on input line 394.
Package textcomp Info: Setting futx sub-encoding to TS1/4 on input line 395.
Package textcomp Info: Setting futj sub-encoding to TS1/4 on input line 396.
Package textcomp Info: Setting hlh sub-encoding to TS1/3 on input line 397.
Package textcomp Info: Setting hls sub-encoding to TS1/3 on input line 398.
Package textcomp Info: Setting hlst sub-encoding to TS1/3 on input line 399.
Package textcomp Info: Setting hlct sub-encoding to TS1/5 on input line 400.
Package textcomp Info: Setting hlx sub-encoding to TS1/5 on input line 401.
Package textcomp Info: Setting hlce sub-encoding to TS1/5 on input line 402.
Package textcomp Info: Setting hlcn sub-encoding to TS1/5 on input line 403.
Package textcomp Info: Setting hlcw sub-encoding to TS1/5 on input line 404.
Package textcomp Info: Setting hlcf sub-encoding to TS1/5 on input line 405.
Package textcomp Info: Setting pplx sub-encoding to TS1/3 on input line 406.
Package textcomp Info: Setting pplj sub-encoding to TS1/3 on input line 407.
Package textcomp Info: Setting ptmx sub-encoding to TS1/4 on input line 408.
Package textcomp Info: Setting ptmj sub-encoding to TS1/4 on input line 409.
) ("C:\Program Files\MiKTeX 2.9\tex/latex/graphics\graphicx.sty"
Package: graphicx 2017/06/01 v1.1a Enhanced LaTeX Graphics (DPC,SPQR)
 ("C:\Program Files\MiKTeX 2.9\tex/latex/graphics\graphics.sty"
Package: graphics 2017/06/25 v1.2c Standard LaTeX Graphics (DPC,SPQR)
 ("C:\Program Files\MiKTeX 2.9\tex/latex/graphics\trig.sty"
Package: trig 2016/01/03 v1.10 sin cos tan (DPC)
) ("C:\Program Files\MiKTeX 2.9\tex/latex/graphics-cfg\graphics.cfg"
File: graphics.cfg 2016/06/04 v1.11 sample graphics configuration
)
Package graphics Info: Driver file: pdftex.def on input line 99.
)
\Gin@req@height=\dimen174
\Gin@req@width=\dimen175
) ("C:\Program Files\MiKTeX 2.9\tex/latex/wrapfig\wrapfig.sty"
\wrapoverhang=\dimen176
\WF@size=\dimen177
\c@WF@wrappedlines=\count286
\WF@box=\box59
\WF@everypar=\toks28
Package: wrapfig 2003/01/31  v 3.6
) ("C:\Program Files\MiKTeX 2.9\tex/latex/caption\subcaption.sty"
Package: subcaption 2020/01/22 v1.3d Sub-captions (AR)
\c@subfigure=\count287
\c@subtable=\count288
) ("C:\Program Files\MiKTeX 2.9\tex/latex/tools\multicol.sty"
Package: multicol 2019/12/09 v1.8y multicolumn formatting (FMi)
\c@tracingmulticols=\count289
\mult@box=\box60
\multicol@leftmargin=\dimen178
\c@unbalance=\count290
\c@collectmore=\count291
\doublecol@number=\count292
\multicoltolerance=\count293
\multicolpretolerance=\count294
\full@width=\dimen179
\page@free=\dimen180
\premulticols=\dimen181
\postmulticols=\dimen182
\multicolsep=\skip59
\multicolbaselineskip=\skip60
\partial@page=\box61
\last@line=\box62
\maxbalancingoverflow=\dimen183
\mult@rightbox=\box63
\mult@grightbox=\box64
\mult@gfirstbox=\box65
\mult@firstbox=\box66
\@tempa=\box67
\@tempa=\box68
\@tempa=\box69
\@tempa=\box70
\@tempa=\box71
\@tempa=\box72
\@tempa=\box73
\@tempa=\box74
\@tempa=\box75
\@tempa=\box76
\@tempa=\box77
\@tempa=\box78
\@tempa=\box79
\@tempa=\box80
\@tempa=\box81
\@tempa=\box82
\@tempa=\box83
\@tempa=\box84
\@tempa=\box85
\@tempa=\box86
\@tempa=\box87
\@tempa=\box88
\@tempa=\box89
\@tempa=\box90
\@tempa=\box91
\@tempa=\box92
\@tempa=\box93
\@tempa=\box94
\@tempa=\box95
\@tempa=\box96
\@tempa=\box97
\@tempa=\box98
\@tempa=\box99
\@tempa=\box100
\@tempa=\box101
\@tempa=\box102
\@tempa=\box103
\c@minrows=\count295
\c@columnbadness=\count296
\c@finalcolumnbadness=\count297
\last@try=\dimen184
\multicolovershoot=\dimen185
\multicolundershoot=\dimen186
\mult@nat@firstbox=\box104
\colbreak@box=\box105
\mc@col@check@num=\count298
) ("C:\Program Files\MiKTeX 2.9\tex/latex/multirow\multirow.sty"
Package: multirow 2019/05/31 v2.5 Span multiple rows of a table
\multirow@colwidth=\skip61
\multirow@cntb=\count299
\multirow@dima=\skip62
\bigstrutjot=\dimen187
) ("C:\Program Files\MiKTeX 2.9\tex/latex/hyperref\hyperref.sty"
Package: hyperref 2020-05-15 v7.00e Hypertext links for LaTeX
 ("C:\Program Files\MiKTeX 2.9\tex/generic/ltxcmds\ltxcmds.sty"
Package: ltxcmds 2019/12/15 v1.24 LaTeX kernel commands for general use (HO)
) ("C:\Program Files\MiKTeX 2.9\tex/generic/pdftexcmds\pdftexcmds.sty"
Package: pdftexcmds 2020-06-27 v0.33 Utility functions of pdfTeX for LuaTeX (HO)
 ("C:\Program Files\MiKTeX 2.9\tex/generic/infwarerr\infwarerr.sty"
Package: infwarerr 2019/12/03 v1.5 Providing info/warning/error messages (HO)
)
Package pdftexcmds Info: \pdf@primitive is available.
Package pdftexcmds Info: \pdf@ifprimitive is available.
Package pdftexcmds Info: \pdfdraftmode found.
) ("C:\Program Files\MiKTeX 2.9\tex/generic/kvsetkeys\kvsetkeys.sty"
Package: kvsetkeys 2019/12/15 v1.18 Key value parser (HO)
) ("C:\Program Files\MiKTeX 2.9\tex/generic/kvdefinekeys\kvdefinekeys.sty"
Package: kvdefinekeys 2019-12-19 v1.6 Define keys (HO)
) ("C:\Program Files\MiKTeX 2.9\tex/generic/pdfescape\pdfescape.sty"
Package: pdfescape 2019/12/09 v1.15 Implements pdfTeX's escape features (HO)
) ("C:\Program Files\MiKTeX 2.9\tex/latex/hycolor\hycolor.sty"
Package: hycolor 2020-01-27 v1.10 Color options for hyperref/bookmark (HO)
) ("C:\Program Files\MiKTeX 2.9\tex/latex/letltxmacro\letltxmacro.sty"
Package: letltxmacro 2019/12/03 v1.6 Let assignment for LaTeX macros (HO)
) ("C:\Program Files\MiKTeX 2.9\tex/latex/auxhook\auxhook.sty"
Package: auxhook 2019-12-17 v1.6 Hooks for auxiliary files (HO)
) ("C:\Program Files\MiKTeX 2.9\tex/latex/kvoptions\kvoptions.sty"
Package: kvoptions 2019/11/29 v3.13 Key value format for package options (HO)
)
\@linkdim=\dimen188
\Hy@linkcounter=\count300
\Hy@pagecounter=\count301
 ("C:\Program Files\MiKTeX 2.9\tex/latex/hyperref\pd1enc.def"
File: pd1enc.def 2020-05-15 v7.00e Hyperref: PDFDocEncoding definition (HO)
Now handling font encoding PD1 ...
... no UTF-8 mapping file for font encoding PD1
) ("C:\Program Files\MiKTeX 2.9\tex/generic/intcalc\intcalc.sty"
Package: intcalc 2019/12/15 v1.3 Expandable calculations with integers (HO)
) ("C:\Program Files\MiKTeX 2.9\tex/generic/etexcmds\etexcmds.sty"
Package: etexcmds 2019/12/15 v1.7 Avoid name clashes with e-TeX commands (HO)
)
\Hy@SavedSpaceFactor=\count302
 ("C:\Program Files\MiKTeX 2.9\tex/latex/00miktex\hyperref.cfg"
File: hyperref.cfg 2002/06/06 v1.2 hyperref configuration of TeXLive
)
Package hyperref Info: Hyper figures OFF on input line 4464.
Package hyperref Info: Link nesting OFF on input line 4469.
Package hyperref Info: Hyper index ON on input line 4472.
Package hyperref Info: Plain pages OFF on input line 4479.
Package hyperref Info: Backreferencing OFF on input line 4484.
Package hyperref Info: Implicit mode ON; LaTeX internals redefined.
Package hyperref Info: Bookmarks ON on input line 4717.
\c@Hy@tempcnt=\count303
 ("C:\Program Files\MiKTeX 2.9\tex/latex/url\url.sty"
\Urlmuskip=\muskip17
Package: url 2013/09/16  ver 3.4  Verb mode for urls, etc.
)
LaTeX Info: Redefining \url on input line 5076.
\XeTeXLinkMargin=\dimen189
 ("C:\Program Files\MiKTeX 2.9\tex/generic/bitset\bitset.sty"
Package: bitset 2019/12/09 v1.3 Handle bit-vector datatype (HO)
 ("C:\Program Files\MiKTeX 2.9\tex/generic/bigintcalc\bigintcalc.sty"
Package: bigintcalc 2019/12/15 v1.5 Expandable calculations on big integers (HO)
))
\Fld@menulength=\count304
\Field@Width=\dimen190
\Fld@charsize=\dimen191
Package hyperref Info: Hyper figures OFF on input line 6347.
Package hyperref Info: Link nesting OFF on input line 6352.
Package hyperref Info: Hyper index ON on input line 6355.
Package hyperref Info: backreferencing OFF on input line 6362.
Package hyperref Info: Link coloring OFF on input line 6367.
Package hyperref Info: Link coloring with OCG OFF on input line 6372.
Package hyperref Info: PDF/A mode OFF on input line 6377.
LaTeX Info: Redefining \ref on input line 6417.
LaTeX Info: Redefining \pageref on input line 6421.
 ("C:\Program Files\MiKTeX 2.9\tex/generic/atbegshi\atbegshi.sty"
Package: atbegshi 2019/12/05 v1.19 At begin shipout hook (HO)
)
\Hy@abspage=\count305
\c@Item=\count306
\c@Hfootnote=\count307
)
Package hyperref Info: Driver (autodetected): hpdftex.
 ("C:\Program Files\MiKTeX 2.9\tex/latex/hyperref\hpdftex.def"
File: hpdftex.def 2020-05-15 v7.00e Hyperref driver for pdfTeX
 ("C:\Program Files\MiKTeX 2.9\tex/latex/atveryend\atveryend.sty"
Package: atveryend 2019-12-11 v1.11 Hooks at the very end of document (HO)
Package atveryend Info: \enddocument detected (standard20110627).
)
\Fld@listcount=\count308
\c@bookmark@seq@number=\count309
 ("C:\Program Files\MiKTeX 2.9\tex/latex/rerunfilecheck\rerunfilecheck.sty"
Package: rerunfilecheck 2019/12/05 v1.9 Rerun checks for auxiliary files (HO)
 ("C:\Program Files\MiKTeX 2.9\tex/generic/uniquecounter\uniquecounter.sty"
Package: uniquecounter 2019/12/15 v1.4 Provide unlimited unique counter (HO)
)
Package uniquecounter Info: New unique counter `rerunfilecheck' on input line 286.
)
\Hy@SectionHShift=\skip63
)
Package hyperref Info: Option `colorlinks' set `true' on input line 33.
 ("C:\Program Files\MiKTeX 2.9\tex/latex/circuitikz\circuitikz.sty"
Package: circuitikz 2020/08/07{} The CircuiTikz circuit drawing package version 1.2.3
 ("C:\Program Files\MiKTeX 2.9\tex/latex/pgf/frontendlayer\tikz.sty" ("C:\Program Files\MiKTeX 2.9\tex/latex/pgf/basiclayer\pgf.sty" ("C:\Program Files\MiKTeX 2.9\tex/latex/pgf/utilities\pgfrcs.sty" ("C:\Program Files\MiKTeX 2.9\tex/generic/pgf/utilities\pgfutil-common.tex"
\pgfutil@everybye=\toks29
\pgfutil@tempdima=\dimen192
\pgfutil@tempdimb=\dimen193
 ("C:\Program Files\MiKTeX 2.9\tex/generic/pgf/utilities\pgfutil-common-lists.tex")) ("C:\Program Files\MiKTeX 2.9\tex/generic/pgf/utilities\pgfutil-latex.def"
\pgfutil@abb=\box106
 ("C:\Program Files\MiKTeX 2.9\tex/latex/ms\everyshi.sty"
Package: everyshi 2001/05/15 v3.00 EveryShipout Package (MS)
)) ("C:\Program Files\MiKTeX 2.9\tex/generic/pgf/utilities\pgfrcs.code.tex" ("C:\Program Files\MiKTeX 2.9\tex/generic/pgf\pgf.revision.tex")
Package: pgfrcs 2020/01/08 v3.1.5b (3.1.5b)
))
Package: pgf 2020/01/08 v3.1.5b (3.1.5b)
 ("C:\Program Files\MiKTeX 2.9\tex/latex/pgf/basiclayer\pgfcore.sty" ("C:\Program Files\MiKTeX 2.9\tex/latex/pgf/systemlayer\pgfsys.sty" ("C:\Program Files\MiKTeX 2.9\tex/generic/pgf/systemlayer\pgfsys.code.tex"
Package: pgfsys 2020/01/08 v3.1.5b (3.1.5b)
 ("C:\Program Files\MiKTeX 2.9\tex/generic/pgf/utilities\pgfkeys.code.tex"
\pgfkeys@pathtoks=\toks30
\pgfkeys@temptoks=\toks31
 ("C:\Program Files\MiKTeX 2.9\tex/generic/pgf/utilities\pgfkeysfiltered.code.tex"
\pgfkeys@tmptoks=\toks32
))
\pgf@x=\dimen194
\pgf@y=\dimen195
\pgf@xa=\dimen196
\pgf@ya=\dimen197
\pgf@xb=\dimen198
\pgf@yb=\dimen199
\pgf@xc=\dimen256
\pgf@yc=\dimen257
\pgf@xd=\dimen258
\pgf@yd=\dimen259
\w@pgf@writea=\write3
\r@pgf@reada=\read3
\c@pgf@counta=\count310
\c@pgf@countb=\count311
\c@pgf@countc=\count312
\c@pgf@countd=\count313
\t@pgf@toka=\toks33
\t@pgf@tokb=\toks34
\t@pgf@tokc=\toks35
\pgf@sys@id@count=\count314
 ("C:\Program Files\MiKTeX 2.9\tex/generic/pgf/systemlayer\pgf.cfg"
File: pgf.cfg 2020/01/08 v3.1.5b (3.1.5b)
)
Driver file for pgf: pgfsys-pdftex.def
 ("C:\Program Files\MiKTeX 2.9\tex/generic/pgf/systemlayer\pgfsys-pdftex.def"
File: pgfsys-pdftex.def 2020/01/08 v3.1.5b (3.1.5b)
 ("C:\Program Files\MiKTeX 2.9\tex/generic/pgf/systemlayer\pgfsys-common-pdf.def"
File: pgfsys-common-pdf.def 2020/01/08 v3.1.5b (3.1.5b)
))) ("C:\Program Files\MiKTeX 2.9\tex/generic/pgf/systemlayer\pgfsyssoftpath.code.tex"
File: pgfsyssoftpath.code.tex 2020/01/08 v3.1.5b (3.1.5b)
\pgfsyssoftpath@smallbuffer@items=\count315
\pgfsyssoftpath@bigbuffer@items=\count316
) ("C:\Program Files\MiKTeX 2.9\tex/generic/pgf/systemlayer\pgfsysprotocol.code.tex"
File: pgfsysprotocol.code.tex 2020/01/08 v3.1.5b (3.1.5b)
)) ("C:\Program Files\MiKTeX 2.9\tex/generic/pgf/basiclayer\pgfcore.code.tex"
Package: pgfcore 2020/01/08 v3.1.5b (3.1.5b)
 ("C:\Program Files\MiKTeX 2.9\tex/generic/pgf/math\pgfmath.code.tex" ("C:\Program Files\MiKTeX 2.9\tex/generic/pgf/math\pgfmathcalc.code.tex" ("C:\Program Files\MiKTeX 2.9\tex/generic/pgf/math\pgfmathutil.code.tex") ("C:\Program Files\MiKTeX 2.9\tex/generic/pgf/math\pgfmathparser.code.tex"
\pgfmath@dimen=\dimen260
\pgfmath@count=\count317
\pgfmath@box=\box107
\pgfmath@toks=\toks36
\pgfmath@stack@operand=\toks37
\pgfmath@stack@operation=\toks38
) ("C:\Program Files\MiKTeX 2.9\tex/generic/pgf/math\pgfmathfunctions.code.tex" ("C:\Program Files\MiKTeX 2.9\tex/generic/pgf/math\pgfmathfunctions.basic.code.tex") ("C:\Program Files\MiKTeX 2.9\tex/generic/pgf/math\pgfmathfunctions.trigonometric.code.tex") ("C:\Program Files\MiKTeX 2.9\tex/generic/pgf/math\pgfmathfunctions.random.code.tex") ("C:\Program Files\MiKTeX 2.9\tex/generic/pgf/math\pgfmathfunctions.comparison.code.tex") ("C:\Program Files\MiKTeX 2.9\tex/generic/pgf/math\pgfmathfunctions.base.code.tex") ("C:\Program Files\MiKTeX 2.9\tex/generic/pgf/math\pgfmathfunctions.round.code.tex") ("C:\Program Files\MiKTeX 2.9\tex/generic/pgf/math\pgfmathfunctions.misc.code.tex") ("C:\Program Files\MiKTeX 2.9\tex/generic/pgf/math\pgfmathfunctions.integerarithmetics.code.tex"))) ("C:\Program Files\MiKTeX 2.9\tex/generic/pgf/math\pgfmathfloat.code.tex"
\c@pgfmathroundto@lastzeros=\count318
)) ("C:\Program Files\MiKTeX 2.9\tex/generic/pgf/math\pgfint.code.tex") ("C:\Program Files\MiKTeX 2.9\tex/generic/pgf/basiclayer\pgfcorepoints.code.tex"
File: pgfcorepoints.code.tex 2020/01/08 v3.1.5b (3.1.5b)
\pgf@picminx=\dimen261
\pgf@picmaxx=\dimen262
\pgf@picminy=\dimen263
\pgf@picmaxy=\dimen264
\pgf@pathminx=\dimen265
\pgf@pathmaxx=\dimen266
\pgf@pathminy=\dimen267
\pgf@pathmaxy=\dimen268
\pgf@xx=\dimen269
\pgf@xy=\dimen270
\pgf@yx=\dimen271
\pgf@yy=\dimen272
\pgf@zx=\dimen273
\pgf@zy=\dimen274
) ("C:\Program Files\MiKTeX 2.9\tex/generic/pgf/basiclayer\pgfcorepathconstruct.code.tex"
File: pgfcorepathconstruct.code.tex 2020/01/08 v3.1.5b (3.1.5b)
\pgf@path@lastx=\dimen275
\pgf@path@lasty=\dimen276
) ("C:\Program Files\MiKTeX 2.9\tex/generic/pgf/basiclayer\pgfcorepathusage.code.tex"
File: pgfcorepathusage.code.tex 2020/01/08 v3.1.5b (3.1.5b)
\pgf@shorten@end@additional=\dimen277
\pgf@shorten@start@additional=\dimen278
) ("C:\Program Files\MiKTeX 2.9\tex/generic/pgf/basiclayer\pgfcorescopes.code.tex"
File: pgfcorescopes.code.tex 2020/01/08 v3.1.5b (3.1.5b)
\pgfpic=\box108
\pgf@hbox=\box109
\pgf@layerbox@main=\box110
\pgf@picture@serial@count=\count319
) ("C:\Program Files\MiKTeX 2.9\tex/generic/pgf/basiclayer\pgfcoregraphicstate.code.tex"
File: pgfcoregraphicstate.code.tex 2020/01/08 v3.1.5b (3.1.5b)
\pgflinewidth=\dimen279
) ("C:\Program Files\MiKTeX 2.9\tex/generic/pgf/basiclayer\pgfcoretransformations.code.tex"
File: pgfcoretransformations.code.tex 2020/01/08 v3.1.5b (3.1.5b)
\pgf@pt@x=\dimen280
\pgf@pt@y=\dimen281
\pgf@pt@temp=\dimen282
) ("C:\Program Files\MiKTeX 2.9\tex/generic/pgf/basiclayer\pgfcorequick.code.tex"
File: pgfcorequick.code.tex 2020/01/08 v3.1.5b (3.1.5b)
) ("C:\Program Files\MiKTeX 2.9\tex/generic/pgf/basiclayer\pgfcoreobjects.code.tex"
File: pgfcoreobjects.code.tex 2020/01/08 v3.1.5b (3.1.5b)
) ("C:\Program Files\MiKTeX 2.9\tex/generic/pgf/basiclayer\pgfcorepathprocessing.code.tex"
File: pgfcorepathprocessing.code.tex 2020/01/08 v3.1.5b (3.1.5b)
) ("C:\Program Files\MiKTeX 2.9\tex/generic/pgf/basiclayer\pgfcorearrows.code.tex"
File: pgfcorearrows.code.tex 2020/01/08 v3.1.5b (3.1.5b)
\pgfarrowsep=\dimen283
) ("C:\Program Files\MiKTeX 2.9\tex/generic/pgf/basiclayer\pgfcoreshade.code.tex"
File: pgfcoreshade.code.tex 2020/01/08 v3.1.5b (3.1.5b)
\pgf@max=\dimen284
\pgf@sys@shading@range@num=\count320
\pgf@shadingcount=\count321
) ("C:\Program Files\MiKTeX 2.9\tex/generic/pgf/basiclayer\pgfcoreimage.code.tex"
File: pgfcoreimage.code.tex 2020/01/08 v3.1.5b (3.1.5b)
 ("C:\Program Files\MiKTeX 2.9\tex/generic/pgf/basiclayer\pgfcoreexternal.code.tex"
File: pgfcoreexternal.code.tex 2020/01/08 v3.1.5b (3.1.5b)
\pgfexternal@startupbox=\box111
)) ("C:\Program Files\MiKTeX 2.9\tex/generic/pgf/basiclayer\pgfcorelayers.code.tex"
File: pgfcorelayers.code.tex 2020/01/08 v3.1.5b (3.1.5b)
) ("C:\Program Files\MiKTeX 2.9\tex/generic/pgf/basiclayer\pgfcoretransparency.code.tex"
File: pgfcoretransparency.code.tex 2020/01/08 v3.1.5b (3.1.5b)
) ("C:\Program Files\MiKTeX 2.9\tex/generic/pgf/basiclayer\pgfcorepatterns.code.tex"
File: pgfcorepatterns.code.tex 2020/01/08 v3.1.5b (3.1.5b)
) ("C:\Program Files\MiKTeX 2.9\tex/generic/pgf/basiclayer\pgfcorerdf.code.tex"
File: pgfcorerdf.code.tex 2020/01/08 v3.1.5b (3.1.5b)
))) ("C:\Program Files\MiKTeX 2.9\tex/generic/pgf/modules\pgfmoduleshapes.code.tex"
File: pgfmoduleshapes.code.tex 2020/01/08 v3.1.5b (3.1.5b)
\pgfnodeparttextbox=\box112
) ("C:\Program Files\MiKTeX 2.9\tex/generic/pgf/modules\pgfmoduleplot.code.tex"
File: pgfmoduleplot.code.tex 2020/01/08 v3.1.5b (3.1.5b)
) ("C:\Program Files\MiKTeX 2.9\tex/latex/pgf/compatibility\pgfcomp-version-0-65.sty"
Package: pgfcomp-version-0-65 2020/01/08 v3.1.5b (3.1.5b)
\pgf@nodesepstart=\dimen285
\pgf@nodesepend=\dimen286
) ("C:\Program Files\MiKTeX 2.9\tex/latex/pgf/compatibility\pgfcomp-version-1-18.sty"
Package: pgfcomp-version-1-18 2020/01/08 v3.1.5b (3.1.5b)
)) ("C:\Program Files\MiKTeX 2.9\tex/latex/pgf/utilities\pgffor.sty" ("C:\Program Files\MiKTeX 2.9\tex/latex/pgf/utilities\pgfkeys.sty" ("C:\Program Files\MiKTeX 2.9\tex/generic/pgf/utilities\pgfkeys.code.tex")) ("C:\Program Files\MiKTeX 2.9\tex/latex/pgf/math\pgfmath.sty" ("C:\Program Files\MiKTeX 2.9\tex/generic/pgf/math\pgfmath.code.tex")) ("C:\Program Files\MiKTeX 2.9\tex/generic/pgf/utilities\pgffor.code.tex"
Package: pgffor 2020/01/08 v3.1.5b (3.1.5b)
 ("C:\Program Files\MiKTeX 2.9\tex/generic/pgf/math\pgfmath.code.tex")
\pgffor@iter=\dimen287
\pgffor@skip=\dimen288
\pgffor@stack=\toks39
\pgffor@toks=\toks40
)) ("C:\Program Files\MiKTeX 2.9\tex/generic/pgf/frontendlayer/tikz\tikz.code.tex"
Package: tikz 2020/01/08 v3.1.5b (3.1.5b)
 ("C:\Program Files\MiKTeX 2.9\tex/generic/pgf/libraries\pgflibraryplothandlers.code.tex"
File: pgflibraryplothandlers.code.tex 2020/01/08 v3.1.5b (3.1.5b)
\pgf@plot@mark@count=\count322
\pgfplotmarksize=\dimen289
)
\tikz@lastx=\dimen290
\tikz@lasty=\dimen291
\tikz@lastxsaved=\dimen292
\tikz@lastysaved=\dimen293
\tikz@lastmovetox=\dimen294
\tikz@lastmovetoy=\dimen295
\tikzleveldistance=\dimen296
\tikzsiblingdistance=\dimen297
\tikz@figbox=\box113
\tikz@figbox@bg=\box114
\tikz@tempbox=\box115
\tikz@tempbox@bg=\box116
\tikztreelevel=\count323
\tikznumberofchildren=\count324
\tikznumberofcurrentchild=\count325
\tikz@fig@count=\count326
 ("C:\Program Files\MiKTeX 2.9\tex/generic/pgf/modules\pgfmodulematrix.code.tex"
File: pgfmodulematrix.code.tex 2020/01/08 v3.1.5b (3.1.5b)
\pgfmatrixcurrentrow=\count327
\pgfmatrixcurrentcolumn=\count328
\pgf@matrix@numberofcolumns=\count329
)
\tikz@expandcount=\count330
 ("C:\Program Files\MiKTeX 2.9\tex/generic/pgf/frontendlayer/tikz/libraries\tikzlibrarytopaths.code.tex"
File: tikzlibrarytopaths.code.tex 2020/01/08 v3.1.5b (3.1.5b)
))) ("C:\Program Files\MiKTeX 2.9\tex/generic/pgf/frontendlayer/tikz/libraries\tikzlibrarycalc.code.tex"
File: tikzlibrarycalc.code.tex 2020/01/08 v3.1.5b (3.1.5b)
) ("C:\Program Files\MiKTeX 2.9\tex/generic/pgf/libraries\pgflibraryarrows.meta.code.tex"
File: pgflibraryarrows.meta.code.tex 2020/01/08 v3.1.5b (3.1.5b)
\pgfarrowinset=\dimen298
\pgfarrowlength=\dimen299
\pgfarrowwidth=\dimen300
\pgfarrowlinewidth=\dimen301
) ("C:\Program Files\MiKTeX 2.9\tex/generic/pgf/frontendlayer/tikz/libraries\tikzlibrarybending.code.tex"
File: tikzlibrarybending.code.tex 2020/01/08 v3.1.5b (3.1.5b)
 ("C:\Program Files\MiKTeX 2.9\tex/generic/pgf/modules\pgfmodulebending.code.tex"
File: pgfmodulebending.code.tex 2020/01/08 v3.1.5b (3.1.5b)
 ("C:\Program Files\MiKTeX 2.9\tex/generic/pgf/modules\pgfmodulenonlineartransformations.code.tex"
File: pgfmodulenonlineartransformations.code.tex 2020/01/08 v3.1.5b (3.1.5b)
\pgftransformnonlinearflatness=\dimen302
) ("C:\Program Files\MiKTeX 2.9\tex/generic/pgf/libraries\pgflibrarycurvilinear.code.tex"
File: pgflibrarycurvilinear.code.tex 2020/01/08 v3.1.5b (3.1.5b)
\pgf@curvilinear@time@a=\dimen303
\pgf@curvilinear@length@a=\dimen304
\pgf@curvilinear@length@b=\dimen305
\pgf@curvilinear@length@c=\dimen306
\pgf@curvilinear@length@d=\dimen307
)
\pgf@arrows@the@rigidity=\dimen308
)) ("C:\Program Files\MiKTeX 2.9\tex/generic/pgf/frontendlayer/tikz/libraries\tikzlibraryfpu.code.tex" ("C:\Program Files\MiKTeX 2.9\tex/generic/pgf/libraries\pgflibraryfpu.code.tex")) ("C:\Program Files\MiKTeX 2.9\tex/generic/circuitikz\pgfcirc.defines.tex"
\pgf@circ@count@a=\count331
\pgf@circ@count@b=\count332
\pgf@circ@count@c=\count333
\pgf@circ@res@up=\dimen309
\pgf@circ@res@down=\dimen310
\pgf@circ@res@zero=\dimen311
\pgf@circ@res@left=\dimen312
\pgf@circ@res@right=\dimen313
\pgf@circ@res@other=\dimen314
\pgf@circ@res@step=\dimen315
\pgf@circ@res@temp=\dimen316
\pgf@circ@Rlen=\dimen317
\pgf@circ@scaled@Rlen=\dimen318
\pgfstartlinewidth=\dimen319
) ("C:\Program Files\MiKTeX 2.9\tex/generic/circuitikz\pgfcircutils.tex") ("C:\Program Files\MiKTeX 2.9\tex/generic/circuitikz\pgfcircshapes.tex") ("C:\Program Files\MiKTeX 2.9\tex/generic/circuitikz\pgfcircmonopoles.tex") ("C:\Program Files\MiKTeX 2.9\tex/generic/circuitikz\pgfcircbipoles.tex") ("C:\Program Files\MiKTeX 2.9\tex/generic/circuitikz\pgfcirctripoles.tex"
\pgf@circ@res@count=\count334
) ("C:\Program Files\MiKTeX 2.9\tex/generic/circuitikz\pgfcircquadpoles.tex") ("C:\Program Files\MiKTeX 2.9\tex/generic/circuitikz\pgfcircmultipoles.tex") ("C:\Program Files\MiKTeX 2.9\tex/generic/circuitikz\pgfcirclabel.tex") ("C:\Program Files\MiKTeX 2.9\tex/generic/circuitikz\pgfcircvoltage.tex"
\pgfcirc@labelshift=\dimen320
) ("C:\Program Files\MiKTeX 2.9\tex/generic/circuitikz\pgfcirccurrent.tex") ("C:\Program Files\MiKTeX 2.9\tex/generic/circuitikz\pgfcircflow.tex") ("C:\Program Files\MiKTeX 2.9\tex/generic/circuitikz\pgfcircpath.tex") ("C:\Program Files\MiKTeX 2.9\tex/latex/xstring\xstring.sty" ("C:\Program Files\MiKTeX 2.9\tex/generic/xstring\xstring.tex"
\integerpart=\count335
\decimalpart=\count336
)
Package: xstring 2019/02/06 v1.83 String manipulations (CT)
)) ("C:\Program Files\MiKTeX 2.9\tex/latex/fancyhdr\fancyhdr.sty"
Package: fancyhdr 2019/01/31 v3.10 Extensive control of page headers and footers
\f@nch@headwidth=\skip64
\f@nch@O@elh=\skip65
\f@nch@O@erh=\skip66
\f@nch@O@olh=\skip67
\f@nch@O@orh=\skip68
\f@nch@O@elf=\skip69
\f@nch@O@erf=\skip70
\f@nch@O@olf=\skip71
\f@nch@O@orf=\skip72
) ("C:\Program Files\MiKTeX 2.9\tex/latex/units\units.sty"
Package: units 1998/08/04 v0.9b Typesetting units
 ("C:\Program Files\MiKTeX 2.9\tex/latex/base\ifthen.sty"
Package: ifthen 2014/09/29 v1.1c Standard LaTeX ifthen package (DPC)
) ("C:\Program Files\MiKTeX 2.9\tex/latex/units\nicefrac.sty"
Package: nicefrac 1998/08/04 v0.9b Nice fractions
\L@UnitsRaiseDisplaystyle=\skip73
\L@UnitsRaiseTextstyle=\skip74
\L@UnitsRaiseScriptstyle=\skip75
))
("C:\Program Files\MiKTeX 2.9\tex/latex/booktabs\booktabs.sty"
Package: booktabs 2019/10/08 v1.6180339 publication quality tables
\heavyrulewidth=\dimen321
\lightrulewidth=\dimen322
\cmidrulewidth=\dimen323
\belowrulesep=\dimen324
\belowbottomsep=\dimen325
\aboverulesep=\dimen326
\abovetopsep=\dimen327
\cmidrulesep=\dimen328
\cmidrulekern=\dimen329
\defaultaddspace=\dimen330
\@cmidla=\count337
\@cmidlb=\count338
\@aboverulesep=\dimen331
\@belowrulesep=\dimen332
\@thisruleclass=\count339
\@lastruleclass=\count340
\@thisrulewidth=\dimen333
) ("C:\Program Files\MiKTeX 2.9\tex/generic/pgf/frontendlayer/tikz/libraries\tikzlibrarybabel.code.tex"
File: tikzlibrarybabel.code.tex 2020/01/08 v3.1.5b (3.1.5b)
)) ("d:/Disco HDD\Documentos\Facultad\ITBA\4° año\2° cuatri\22.01 - Teoría de Circuitos\Cursada\Trabajos Prácticos\TC-Grupo6\TP3\Informe\main.aux"

LaTeX Warning: Label `Y' multiply defined.


LaTeX Warning: Label `trans_ideal_aplicada' multiply defined.

)
\openout1 = `main.aux'.

LaTeX Font Info:    Checking defaults for OML/cmm/m/it on input line 4.
LaTeX Font Info:    ... okay on input line 4.
LaTeX Font Info:    Checking defaults for T1/cmr/m/n on input line 4.
LaTeX Font Info:    ... okay on input line 4.
LaTeX Font Info:    Checking defaults for OT1/cmr/m/n on input line 4.
LaTeX Font Info:    ... okay on input line 4.
LaTeX Font Info:    Checking defaults for OMS/cmsy/m/n on input line 4.
LaTeX Font Info:    ... okay on input line 4.
LaTeX Font Info:    Checking defaults for OMX/cmex/m/n on input line 4.
LaTeX Font Info:    ... okay on input line 4.
LaTeX Font Info:    Checking defaults for U/cmr/m/n on input line 4.
LaTeX Font Info:    ... okay on input line 4.
LaTeX Font Info:    Checking defaults for TS1/cmr/m/n on input line 4.
LaTeX Font Info:    Try loading font information for TS1+cmr on input line 4.
 ("C:\Program Files\MiKTeX 2.9\tex/latex/base\ts1cmr.fd"
File: ts1cmr.fd 2014/09/29 v2.5h Standard LaTeX font definitions
)
LaTeX Font Info:    ... okay on input line 4.
LaTeX Font Info:    Checking defaults for PD1/pdf/m/n on input line 4.
LaTeX Font Info:    ... okay on input line 4.
 ("C:\Program Files\MiKTeX 2.9\tex/context/base/mkii\supp-pdf.mkii"
[Loading MPS to PDF converter (version 2006.09.02).]
\scratchcounter=\count341
\scratchdimen=\dimen334
\scratchbox=\box117
\nofMPsegments=\count342
\nofMParguments=\count343
\everyMPshowfont=\toks41
\MPscratchCnt=\count344
\MPscratchDim=\dimen335
\MPnumerator=\count345
\makeMPintoPDFobject=\count346
\everyMPtoPDFconversion=\toks42
) ("C:\Program Files\MiKTeX 2.9\tex/latex/epstopdf-pkg\epstopdf-base.sty"
Package: epstopdf-base 2020-01-24 v2.11 Base part for package epstopdf
Package epstopdf-base Info: Redefining graphics rule for `.eps' on input line 485.
)
*geometry* driver: auto-detecting
*geometry* detected driver: pdftex
*geometry* verbose mode - [ preamble ] result:
* driver: pdftex
* paper: a4paper
* layout: <same size as paper>
* layoutoffset:(h,v)=(0.0pt,0.0pt)
* modes: 
* h-part:(L,W,R)=(56.9055pt, 512.1496pt, 28.45277pt)
* v-part:(T,H,B)=(71.13188pt, 711.3189pt, 62.59607pt)
* \paperwidth=597.50787pt
* \paperheight=845.04684pt
* \textwidth=512.1496pt
* \textheight=711.3189pt
* \oddsidemargin=-15.36449pt
* \evensidemargin=-15.36449pt
* \topmargin=-38.1381pt
* \headheight=12.0pt
* \headsep=25.0pt
* \topskip=10.0pt
* \footskip=30.0pt
* \marginparwidth=57.0pt
* \marginparsep=11.0pt
* \columnsep=10.0pt
* \skip\footins=28.45274pt
* \hoffset=0.0pt
* \voffset=0.0pt
* \mag=1000
* \@twocolumnfalse
* \@twosidefalse
* \@mparswitchfalse
* \@reversemarginfalse
* (1in=72.27pt=25.4mm, 1cm=28.453pt)

Package caption Info: Begin \AtBeginDocument code.
Package caption Info: float package is loaded.
Package caption Info: hyperref package is loaded.
Package caption Info: wrapfig package is loaded.
Package caption Info: End \AtBeginDocument code.
("C:\Program Files\MiKTeX 2.9\tex/latex/translator\translator-basic-dictionary-English.dict"
Dictionary: translator-basic-dictionary, Language: English 
) ("C:\Program Files\MiKTeX 2.9\tex/latex/siunitx\siunitx-abbreviations.cfg"
File: siunitx-abbreviations.cfg 2017/11/26 v2.7k siunitx: Abbreviated units
)
\AtBeginShipoutBox=\box118
Package hyperref Info: Link coloring ON on input line 4.
 ("C:\Program Files\MiKTeX 2.9\tex/latex/hyperref\nameref.sty"
Package: nameref 2019/09/16 v2.46 Cross-referencing by name of section
 ("C:\Program Files\MiKTeX 2.9\tex/latex/refcount\refcount.sty"
Package: refcount 2019/12/15 v3.6 Data extraction from label references (HO)
) ("C:\Program Files\MiKTeX 2.9\tex/generic/gettitlestring\gettitlestring.sty"
Package: gettitlestring 2019/12/15 v1.6 Cleanup title references (HO)
)
\c@section@level=\count347
)
LaTeX Info: Redefining \ref on input line 4.
LaTeX Info: Redefining \pageref on input line 4.
LaTeX Info: Redefining \nameref on input line 4.
 ("d:/Disco HDD\Documentos\Facultad\ITBA\4° año\2° cuatri\22.01 - Teoría de Circuitos\Cursada\Trabajos Prácticos\TC-Grupo6\TP3\Informe\main.out") ("d:/Disco HDD\Documentos\Facultad\ITBA\4° año\2° cuatri\22.01 - Teoría de Circuitos\Cursada\Trabajos Prácticos\TC-Grupo6\TP3\Informe\main.out")
\@outlinefile=\write4
\openout4 = `main.out'.

 ABD: EveryShipout initializing macros
LaTeX Font Info:    Try loading font information for U+msa on input line 4.
 ("C:\Program Files\MiKTeX 2.9\tex/latex/amsfonts\umsa.fd"
File: umsa.fd 2013/01/14 v3.01 AMS symbols A
)
LaTeX Font Info:    Try loading font information for U+msb on input line 4.
 ("C:\Program Files\MiKTeX 2.9\tex/latex/amsfonts\umsb.fd"
File: umsb.fd 2013/01/14 v3.01 AMS symbols B
) ("d:/Disco HDD\Documentos\Facultad\ITBA\4° año\2° cuatri\22.01 - Teoría de Circuitos\Cursada\Trabajos Prácticos\TC-Grupo6\TP3\Informe\Caratula.tex" [1

{C:/Users/germa/AppData/Local/MiKTeX/2.9/pdftex/config/pdftex.map}]) ("d:/Disco HDD\Documentos\Facultad\ITBA\4° año\2° cuatri\22.01 - Teoría de Circuitos\Cursada\Trabajos Prácticos\TC-Grupo6\TP3\Informe\main.toc")
\tf@toc=\write5
\openout5 = `main.toc'.

pdfTeX warning (ext4): destination with the same identifier (name{page.1}) has been already used, duplicate ignored
<to be read again> 
                   \relax 
l.10 \newpage
              [1] (../Ejercicio1-FiltroConGIC/Ejercicio-1.tex
<../Ejercicio1-FiltroConGIC/Informe/giccir.jpg, id=148, 513.92pt x 279.0425pt>
File: ../Ejercicio1-FiltroConGIC/Informe/giccir.jpg Graphic file (type jpg)
<use ../Ejercicio1-FiltroConGIC/Informe/giccir.jpg>
Package pdftex.def Info: ../Ejercicio1-FiltroConGIC/Informe/giccir.jpg  used on input line 10.
(pdftex.def)             Requested size: 359.74153pt x 195.3284pt.
<../Ejercicio1-FiltroConGIC/Informe/circuito.png, id=149, 476.982pt x 239.6955pt>
File: ../Ejercicio1-FiltroConGIC/Informe/circuito.png Graphic file (type png)
<use ../Ejercicio1-FiltroConGIC/Informe/circuito.png>
Package pdftex.def Info: ../Ejercicio1-FiltroConGIC/Informe/circuito.png  used on input line 28.
(pdftex.def)             Requested size: 333.88512pt x 167.78569pt.
 [2 <../Ejercicio1-FiltroConGIC/Informe/giccir.jpg>] [3 <../Ejercicio1-FiltroConGIC/Informe/circuito.png>]
<../Ejercicio1-FiltroConGIC/Informe/polor6.png, id=178, 502.87875pt x 305.64188pt>
File: ../Ejercicio1-FiltroConGIC/Informe/polor6.png Graphic file (type png)
<use ../Ejercicio1-FiltroConGIC/Informe/polor6.png>
Package pdftex.def Info: ../Ejercicio1-FiltroConGIC/Informe/polor6.png  used on input line 117.
(pdftex.def)             Requested size: 402.30354pt x 244.51381pt.
<../Ejercicio1-FiltroConGIC/Informe/polor6-1.png, id=179, 526.96875pt x 395.22656pt>
File: ../Ejercicio1-FiltroConGIC/Informe/polor6-1.png Graphic file (type png)
<use ../Ejercicio1-FiltroConGIC/Informe/polor6-1.png>
Package pdftex.def Info: ../Ejercicio1-FiltroConGIC/Informe/polor6-1.png  used on input line 121.
(pdftex.def)             Requested size: 368.8756pt x 276.6567pt.


Package caption Warning: The option `hypcap=true' will be ignored for this
(caption)                particular \caption on input line 122.
See the caption package documentation for explanation.


Overfull \hbox (25.00003pt too wide) in paragraph at lines 115--124
[]$[]$
 []


Overfull \hbox (25.00003pt too wide) in paragraph at lines 115--124
[]$ 
 []

[4 <../Ejercicio1-FiltroConGIC/Informe/polor6.png (PNG copy)>] [5 <../Ejercicio1-FiltroConGIC/Informe/polor6-1.png (PNG copy)>] [6]
<../Ejercicio1-FiltroConGIC/Informe/rfmag.png, id=202, 526.96875pt x 395.22656pt>
File: ../Ejercicio1-FiltroConGIC/Informe/rfmag.png Graphic file (type png)
<use ../Ejercicio1-FiltroConGIC/Informe/rfmag.png>
Package pdftex.def Info: ../Ejercicio1-FiltroConGIC/Informe/rfmag.png  used on input line 250.
(pdftex.def)             Requested size: 368.8756pt x 276.6567pt.
<../Ejercicio1-FiltroConGIC/Informe/rfpha.png, id=203, 526.96875pt x 395.22656pt>
File: ../Ejercicio1-FiltroConGIC/Informe/rfpha.png Graphic file (type png)
<use ../Ejercicio1-FiltroConGIC/Informe/rfpha.png>
Package pdftex.def Info: ../Ejercicio1-FiltroConGIC/Informe/rfpha.png  used on input line 251.
(pdftex.def)             Requested size: 368.8756pt x 276.6567pt.
 [7]
<../Ejercicio1-FiltroConGIC/Informe/desphaOsc.png, id=211, 505.89pt x 233.673pt>
File: ../Ejercicio1-FiltroConGIC/Informe/desphaOsc.png Graphic file (type png)
<use ../Ejercicio1-FiltroConGIC/Informe/desphaOsc.png>
Package pdftex.def Info: ../Ejercicio1-FiltroConGIC/Informe/desphaOsc.png  used on input line 260.
(pdftex.def)             Requested size: 505.88875pt x 233.67242pt.


LaTeX Warning: `h' float specifier changed to `ht'.

[8 <../Ejercicio1-FiltroConGIC/Informe/rfmag.png (PNG copy)> <../Ejercicio1-FiltroConGIC/Informe/rfpha.png (PNG copy)>]
<../Ejercicio1-FiltroConGIC/Informe/zin.png, id=218, 892.83563pt x 364.36125pt>
File: ../Ejercicio1-FiltroConGIC/Informe/zin.png Graphic file (type png)
<use ../Ejercicio1-FiltroConGIC/Informe/zin.png>
Package pdftex.def Info: ../Ejercicio1-FiltroConGIC/Informe/zin.png  used on input line 275.
(pdftex.def)             Requested size: 535.7055pt x 218.61842pt.

Overfull \hbox (23.55591pt too wide) in paragraph at lines 275--276
 [][] 
 []


LaTeX Warning: `h' float specifier changed to `ht'.

<../Ejercicio1-FiltroConGIC/Informe/zout.png, id=219, 789.70032pt x 395.22656pt>
File: ../Ejercicio1-FiltroConGIC/Informe/zout.png Graphic file (type png)
<use ../Ejercicio1-FiltroConGIC/Informe/zout.png>
Package pdftex.def Info: ../Ejercicio1-FiltroConGIC/Informe/zout.png  used on input line 292.
(pdftex.def)             Requested size: 473.82385pt x 237.13776pt.
[9 <../Ejercicio1-FiltroConGIC/Informe/desphaOsc.png (PNG copy)>] [10 <../Ejercicio1-FiltroConGIC/Informe/zin.png (PNG copy)> <../Ejercicio1-FiltroConGIC/Informe/zout.png (PNG copy)>]
<../Ejercicio1-FiltroConGIC/Informe/re.png, id=232, 526.96875pt x 395.22656pt>
File: ../Ejercicio1-FiltroConGIC/Informe/re.png Graphic file (type png)
<use ../Ejercicio1-FiltroConGIC/Informe/re.png>
Package pdftex.def Info: ../Ejercicio1-FiltroConGIC/Informe/re.png  used on input line 315.
(pdftex.def)             Requested size: 421.57556pt x 316.18167pt.
<../Ejercicio1-FiltroConGIC/Informe/re1.png, id=233, 508.299pt x 233.673pt>
File: ../Ejercicio1-FiltroConGIC/Informe/re1.png Graphic file (type png)
<use ../Ejercicio1-FiltroConGIC/Informe/re1.png>
Package pdftex.def Info: ../Ejercicio1-FiltroConGIC/Informe/re1.png  used on input line 324.
(pdftex.def)             Requested size: 406.63974pt x 186.93864pt.
 [11 <../Ejercicio1-FiltroConGIC/Informe/re.png (PNG copy)> <../Ejercicio1-FiltroConGIC/Informe/re1.png (PNG copy)>]
<../Ejercicio1-FiltroConGIC/Informe/re1k.png, id=241, 508.299pt x 233.673pt>
File: ../Ejercicio1-FiltroConGIC/Informe/re1k.png Graphic file (type png)
<use ../Ejercicio1-FiltroConGIC/Informe/re1k.png>
Package pdftex.def Info: ../Ejercicio1-FiltroConGIC/Informe/re1k.png  used on input line 337.
(pdftex.def)             Requested size: 406.63974pt x 186.93864pt.
<../Ejercicio1-FiltroConGIC/Informe/limtensionpng.png, id=243, 508.299pt x 233.673pt>
File: ../Ejercicio1-FiltroConGIC/Informe/limtensionpng.png Graphic file (type png)
<use ../Ejercicio1-FiltroConGIC/Informe/limtensionpng.png>
Package pdftex.def Info: ../Ejercicio1-FiltroConGIC/Informe/limtensionpng.png  used on input line 352.
(pdftex.def)             Requested size: 406.63974pt x 186.93864pt.
 [12 <../Ejercicio1-FiltroConGIC/Informe/re1k.png (PNG copy)> <../Ejercicio1-FiltroConGIC/Informe/limtensionpng.png (PNG copy)>]) [13] [14] (../Ejercicio3-AmplificadorDeInstrumentacion/Ejercicio-3.tex) [15] (../Ejercicio4-EcualizadorDeFase/Ejercicio-4.tex
<../Ejercicio4-EcualizadorDeFase/Informe/Ecualizador_de_Fase.png, id=265, 623.32875pt x 492.84125pt>
File: ../Ejercicio4-EcualizadorDeFase/Informe/Ecualizador_de_Fase.png Graphic file (type png)
<use ../Ejercicio4-EcualizadorDeFase/Informe/Ecualizador_de_Fase.png>
Package pdftex.def Info: ../Ejercicio4-EcualizadorDeFase/Informe/Ecualizador_de_Fase.png  used on input line 11.
(pdftex.def)             Requested size: 230.46574pt x 182.22055pt.
<../Ejercicio4-EcualizadorDeFase/Informe/EcSinPot.png, id=269, 733.74126pt x 492.84125pt>
File: ../Ejercicio4-EcualizadorDeFase/Informe/EcSinPot.png Graphic file (type png)
<use ../Ejercicio4-EcualizadorDeFase/Informe/EcSinPot.png>
Package pdftex.def Info: ../Ejercicio4-EcualizadorDeFase/Informe/EcSinPot.png  used on input line 50.
(pdftex.def)             Requested size: 230.46574pt x 154.7946pt.
 [16 <../Ejercicio4-EcualizadorDeFase/Informe/Ecualizador_de_Fase.png>]
<../Ejercicio4-EcualizadorDeFase/Informe/1cambioEstrella.png, id=282, 1581.91pt x 492.84125pt>
File: ../Ejercicio4-EcualizadorDeFase/Informe/1cambioEstrella.png Graphic file (type png)
<use ../Ejercicio4-EcualizadorDeFase/Informe/1cambioEstrella.png>
Package pdftex.def Info: ../Ejercicio4-EcualizadorDeFase/Informe/1cambioEstrella.png  used on input line 87.
(pdftex.def)             Requested size: 460.9315pt x 143.60463pt.
 [17 <../Ejercicio4-EcualizadorDeFase/Informe/EcSinPot.png> <../Ejercicio4-EcualizadorDeFase/Informe/1cambioEstrella.png>]
<../Ejercicio4-EcualizadorDeFase/Informe/2cambioTriangulo.png, id=296, 1406.25375pt x 412.54124pt>
File: ../Ejercicio4-EcualizadorDeFase/Informe/2cambioTriangulo.png Graphic file (type png)
<use ../Ejercicio4-EcualizadorDeFase/Informe/2cambioTriangulo.png>
Package pdftex.def Info: ../Ejercicio4-EcualizadorDeFase/Informe/2cambioTriangulo.png  used on input line 123.
(pdftex.def)             Requested size: 460.9315pt x 135.21368pt.
<../Ejercicio4-EcualizadorDeFase/Informe/EcFinal.png, id=298, 573.14125pt x 302.12875pt>
File: ../Ejercicio4-EcualizadorDeFase/Informe/EcFinal.png Graphic file (type png)
<use ../Ejercicio4-EcualizadorDeFase/Informe/EcFinal.png>
Package pdftex.def Info: ../Ejercicio4-EcualizadorDeFase/Informe/EcFinal.png  used on input line 141.
(pdftex.def)             Requested size: 230.46574pt x 121.49016pt.


LaTeX Warning: `h' float specifier changed to `ht'.

[18 <../Ejercicio4-EcualizadorDeFase/Informe/2cambioTriangulo.png>] [19 <../Ejercicio4-EcualizadorDeFase/Informe/EcFinal.png>]
<../Ejercicio4-EcualizadorDeFase/Informe/circuito_no_ideal.png, id=343, 487.06969pt x 292.09125pt>
File: ../Ejercicio4-EcualizadorDeFase/Informe/circuito_no_ideal.png Graphic file (type png)
<use ../Ejercicio4-EcualizadorDeFase/Informe/circuito_no_ideal.png>
Package pdftex.def Info: ../Ejercicio4-EcualizadorDeFase/Informe/circuito_no_ideal.png  used on input line 231.
(pdftex.def)             Requested size: 230.46574pt x 138.20547pt.
 [20 <../Ejercicio4-EcualizadorDeFase/Informe/circuito_no_ideal.png>]) [21]
Package atveryend Info: Empty hook `BeforeClearDocument' on input line 30.
Package atveryend Info: Empty hook `AfterLastShipout' on input line 30.
 ("d:/Disco HDD\Documentos\Facultad\ITBA\4° año\2° cuatri\22.01 - Teoría de Circuitos\Cursada\Trabajos Prácticos\TC-Grupo6\TP3\Informe\main.aux")
Package atveryend Info: Executing hook `AtVeryEndDocument' on input line 30.
Package atveryend Info: Executing hook `AtEndAfterFileList' on input line 30.
Package rerunfilecheck Info: File `main.out' has not changed.
(rerunfilecheck)             Checksum: FBE8A7D1D3F61A4BFDC6F77A235CA7A6;1965.


LaTeX Warning: There were multiply-defined labels.

Package atveryend Info: Empty hook `AtVeryVeryEnd' on input line 30.
 ) 
Here is how much of TeX's memory you used:
 45848 strings out of 492961
 1037772 string characters out of 3134379
 1234968 words of memory out of 3000000
 48977 multiletter control sequences out of 15000+200000
 548648 words of font info for 81 fonts, out of 3000000 for 9000
 1141 hyphenation exceptions out of 8191
 64i,16n,69p,1428b,809s stack positions out of 5000i,500n,10000p,200000b,50000s
 <C:\Users\germa\AppData\Local\MiKTeX\2.9\fonts/pk/ljfour/jknappen/ec/dpi600\tcrm0800.pk> <C:\Users\germa\AppData\Local\MiKTeX\2.9\fonts/pk/ljfour/jknappen/ec/dpi600\tcrm1000.pk><C:/Program Files/MiKTeX 2.9/fonts/type1/public/amsfonts/cm/cmbx10.pfb><C:/Program Files/MiKTeX 2.9/fonts/type1/public/amsfonts/cm/cmbx12.pfb><C:/Program Files/MiKTeX 2.9/fonts/type1/public/amsfonts/cm/cmcsc10.pfb><C:/Program Files/MiKTeX 2.9/fonts/type1/public/amsfonts/cm/cmex10.pfb><C:/Program Files/MiKTeX 2.9/fonts/type1/public/amsfonts/cmextra/cmex7.pfb><C:/Program Files/MiKTeX 2.9/fonts/type1/public/amsfonts/cm/cmmi10.pfb><C:/Program Files/MiKTeX 2.9/fonts/type1/public/amsfonts/cm/cmmi12.pfb><C:/Program Files/MiKTeX 2.9/fonts/type1/public/amsfonts/cm/cmmi5.pfb><C:/Program Files/MiKTeX 2.9/fonts/type1/public/amsfonts/cm/cmmi7.pfb><C:/Program Files/MiKTeX 2.9/fonts/type1/public/amsfonts/cm/cmmi8.pfb><C:/Program Files/MiKTeX 2.9/fonts/type1/public/amsfonts/cm/cmr10.pfb><C:/Program Files/MiKTeX 2.9/fonts/type1/public/amsfonts/cm/cmr12.pfb><C:/Program Files/MiKTeX 2.9/fonts/type1/public/amsfonts/cm/cmr5.pfb><C:/Program Files/MiKTeX 2.9/fonts/type1/public/amsfonts/cm/cmr7.pfb><C:/Program Files/MiKTeX 2.9/fonts/type1/public/amsfonts/cm/cmr8.pfb><C:/Program Files/MiKTeX 2.9/fonts/type1/public/amsfonts/cm/cmsy10.pfb><C:/Program Files/MiKTeX 2.9/fonts/type1/public/amsfonts/cm/cmsy5.pfb><C:/Program Files/MiKTeX 2.9/fonts/type1/public/amsfonts/cm/cmsy7.pfb><C:/Program Files/MiKTeX 2.9/fonts/type1/public/amsfonts/cm/cmti10.pfb><C:/Program Files/MiKTeX 2.9/fonts/type1/public/amsfonts/cm/cmti12.pfb><C:/Program Files/MiKTeX 2.9/fonts/type1/public/amsfonts/symbols/msam10.pfb>
Output written on "d:/Disco HDD\Documentos\Facultad\ITBA\4° año\2° cuatri\22.01 - Teoría de Circuitos\Cursada\Trabajos Prácticos\TC-Grupo6\TP3\Informe\main.pdf" (22 pages, 726129 bytes).
PDF statistics:
 484 PDF objects out of 1000 (max. 8388607)
 126 named destinations out of 1000 (max. 500000)
 308 words of extra memory for PDF output out of 10000 (max. 10000000)

