This is pdfTeX, Version 3.14159265-2.6-1.40.19 (MiKTeX 2.9.6840 64-bit) (preloaded format=pdflatex 2018.11.21)  10 SEP 2020 22:27
entering extended mode
**./main.tex
(main.tex
LaTeX2e <2018-04-01> patch level 5
(preamble.tex
("C:\Users\Paulo\AppData\Local\Programs\MiKTeX 2.9\tex\latex\base\article.cls"
Document Class: article 2014/09/29 v1.4h Standard LaTeX document class
("C:\Users\Paulo\AppData\Local\Programs\MiKTeX 2.9\tex\latex\base\size10.clo"
File: size10.clo 2014/09/29 v1.4h Standard LaTeX file (size option)
)
\c@part=\count80
\c@section=\count81
\c@subsection=\count82
\c@subsubsection=\count83
\c@paragraph=\count84
\c@subparagraph=\count85
\c@figure=\count86
\c@table=\count87
\abovecaptionskip=\skip41
\belowcaptionskip=\skip42
\bibindent=\dimen102
) ("C:\Users\Paulo\AppData\Local\Programs\MiKTeX 2.9\tex\latex\base\inputenc.st
y"
Package: inputenc 2018/04/06 v1.3b Input encoding file
\inpenc@prehook=\toks14
\inpenc@posthook=\toks15
)
("C:\Users\Paulo\AppData\Local\Programs\MiKTeX 2.9\tex\generic\babel\babel.sty"
Package: babel 2018/09/26 3.24 The Babel package
("C:\Users\Paulo\AppData\Local\Programs\MiKTeX 2.9\tex\generic\babel\switch.def
"
File: switch.def 2018/09/26 3.24 Babel switching mechanism
)
*************************************
* Local config file bblopts.cfg used
*
("C:\Users\Paulo\AppData\Local\Programs\MiKTeX 2.9\tex\latex\arabi\bblopts.cfg"
File: bblopts.cfg 2005/09/08 v0.1 add Arabic and Farsi to "declared" options of
 babel
)
("C:\Users\Paulo\AppData\Local\Programs\MiKTeX 2.9\tex\latex\babel-spanish\span
ish.ldf"
Language: spanish.ldf 2016/03/03 v5.0p Spanish support from the babel system

("C:\Users\Paulo\AppData\Local\Programs\MiKTeX 2.9\tex\generic\babel\babel.def"
File: babel.def 2018/09/26 3.24 Babel common definitions
\babel@savecnt=\count88
\U@D=\dimen103

("C:\Users\Paulo\AppData\Local\Programs\MiKTeX 2.9\tex\generic\babel\txtbabel.d
ef")
\bbl@dirlevel=\count89
)
\es@quottoks=\toks16
\es@quotdepth=\count90
))
("C:\Users\Paulo\AppData\Local\Programs\MiKTeX 2.9\tex\latex\xcolor\xcolor.sty"
Package: xcolor 2016/05/11 v2.12 LaTeX color extensions (UK)

("C:\Users\Paulo\AppData\Local\Programs\MiKTeX 2.9\tex\latex\graphics-cfg\color
.cfg"
File: color.cfg 2016/01/02 v1.6 sample color configuration
)
Package xcolor Info: Driver file: pdftex.def on input line 225.

("C:\Users\Paulo\AppData\Local\Programs\MiKTeX 2.9\tex\latex\graphics-def\pdfte
x.def"
File: pdftex.def 2018/01/08 v1.0l Graphics/color driver for pdftex
)
("C:\Users\Paulo\AppData\Local\Programs\MiKTeX 2.9\tex\latex\colortbl\colortbl.
sty"
Package: colortbl 2020/01/04 v1.0e Color table columns (DPC)

("C:\Users\Paulo\AppData\Local\Programs\MiKTeX 2.9\tex\latex\tools\array.sty"
Package: array 2018/04/30 v2.4h Tabular extension package (FMi)
\col@sep=\dimen104
\ar@mcellbox=\box26
\extrarowheight=\dimen105
\NC@list=\toks17
\extratabsurround=\skip43
\backup@length=\skip44
\ar@cellbox=\box27
)
\everycr=\toks18
\minrowclearance=\skip45
)
\rownum=\count91
Package xcolor Info: Model `cmy' substituted by `cmy0' on input line 1348.
Package xcolor Info: Model `hsb' substituted by `rgb' on input line 1352.
Package xcolor Info: Model `RGB' extended on input line 1364.
Package xcolor Info: Model `HTML' substituted by `rgb' on input line 1366.
Package xcolor Info: Model `Hsb' substituted by `hsb' on input line 1367.
Package xcolor Info: Model `tHsb' substituted by `hsb' on input line 1368.
Package xcolor Info: Model `HSB' substituted by `hsb' on input line 1369.
Package xcolor Info: Model `Gray' substituted by `gray' on input line 1370.
Package xcolor Info: Model `wave' substituted by `hsb' on input line 1371.
)
("C:\Users\Paulo\AppData\Local\Programs\MiKTeX 2.9\tex\latex\geometry\geometry.
sty"
Package: geometry 2018/04/16 v5.8 Page Geometry

("C:\Users\Paulo\AppData\Local\Programs\MiKTeX 2.9\tex\latex\graphics\keyval.st
y"
Package: keyval 2014/10/28 v1.15 key=value parser (DPC)
\KV@toks@=\toks19
)
("C:\Users\Paulo\AppData\Local\Programs\MiKTeX 2.9\tex\generic\oberdiek\ifpdf.s
ty"
Package: ifpdf 2018/09/07 v3.3 Provides the ifpdf switch
)
("C:\Users\Paulo\AppData\Local\Programs\MiKTeX 2.9\tex\generic\oberdiek\ifvtex.
sty"
Package: ifvtex 2016/05/16 v1.6 Detect VTeX and its facilities (HO)
Package ifvtex Info: VTeX not detected.
)
("C:\Users\Paulo\AppData\Local\Programs\MiKTeX 2.9\tex\generic\ifxetex\ifxetex.
sty"
Package: ifxetex 2010/09/12 v0.6 Provides ifxetex conditional
)
\Gm@cnth=\count92
\Gm@cntv=\count93
\c@Gm@tempcnt=\count94
\Gm@bindingoffset=\dimen106
\Gm@wd@mp=\dimen107
\Gm@odd@mp=\dimen108
\Gm@even@mp=\dimen109
\Gm@layoutwidth=\dimen110
\Gm@layoutheight=\dimen111
\Gm@layouthoffset=\dimen112
\Gm@layoutvoffset=\dimen113
\Gm@dimlist=\toks20

("C:\Users\Paulo\AppData\Local\Programs\MiKTeX 2.9\tex\latex\geometry\geometry.
cfg"))
("C:\Users\Paulo\AppData\Local\Programs\MiKTeX 2.9\tex\latex\caption\caption.st
y"
Package: caption 2018/10/06 v3.3-154 Customizing captions (AR)

("C:\Users\Paulo\AppData\Local\Programs\MiKTeX 2.9\tex\latex\caption\caption3.s
ty"
Package: caption3 2018/09/12 v1.8c caption3 kernel (AR)
Package caption3 Info: TeX engine: e-TeX on input line 64.
\captionmargin=\dimen114
\captionmargin@=\dimen115
\captionwidth=\dimen116
\caption@tempdima=\dimen117
\caption@indent=\dimen118
\caption@parindent=\dimen119
\caption@hangindent=\dimen120
)
\c@caption@flags=\count95
\c@ContinuedFloat=\count96
)
("C:\Users\Paulo\AppData\Local\Programs\MiKTeX 2.9\tex\latex\amsmath\amsmath.st
y"
Package: amsmath 2017/09/02 v2.17a AMS math features
\@mathmargin=\skip46

For additional information on amsmath, use the `?' option.

("C:\Users\Paulo\AppData\Local\Programs\MiKTeX 2.9\tex\latex\amsmath\amstext.st
y"
Package: amstext 2000/06/29 v2.01 AMS text

("C:\Users\Paulo\AppData\Local\Programs\MiKTeX 2.9\tex\latex\amsmath\amsgen.sty
"
File: amsgen.sty 1999/11/30 v2.0 generic functions
\@emptytoks=\toks21
\ex@=\dimen121
))
("C:\Users\Paulo\AppData\Local\Programs\MiKTeX 2.9\tex\latex\amsmath\amsbsy.sty
"
Package: amsbsy 1999/11/29 v1.2d Bold Symbols
\pmbraise@=\dimen122
)
("C:\Users\Paulo\AppData\Local\Programs\MiKTeX 2.9\tex\latex\amsmath\amsopn.sty
"
Package: amsopn 2016/03/08 v2.02 operator names
)
\inf@bad=\count97
LaTeX Info: Redefining \frac on input line 213.
\uproot@=\count98
\leftroot@=\count99
LaTeX Info: Redefining \overline on input line 375.
\classnum@=\count100
\DOTSCASE@=\count101
LaTeX Info: Redefining \ldots on input line 472.
LaTeX Info: Redefining \dots on input line 475.
LaTeX Info: Redefining \cdots on input line 596.
\Mathstrutbox@=\box28
\strutbox@=\box29
\big@size=\dimen123
LaTeX Font Info:    Redeclaring font encoding OML on input line 712.
LaTeX Font Info:    Redeclaring font encoding OMS on input line 713.
\macc@depth=\count102
\c@MaxMatrixCols=\count103
\dotsspace@=\muskip10
\c@parentequation=\count104
\dspbrk@lvl=\count105
\tag@help=\toks22
\row@=\count106
\column@=\count107
\maxfields@=\count108
\andhelp@=\toks23
\eqnshift@=\dimen124
\alignsep@=\dimen125
\tagshift@=\dimen126
\tagwidth@=\dimen127
\totwidth@=\dimen128
\lineht@=\dimen129
\@envbody=\toks24
\multlinegap=\skip47
\multlinetaggap=\skip48
\mathdisplay@stack=\toks25
LaTeX Info: Redefining \[ on input line 2817.
LaTeX Info: Redefining \] on input line 2818.
)
("C:\Users\Paulo\AppData\Local\Programs\MiKTeX 2.9\tex\latex\amsfonts\amsfonts.
sty"
Package: amsfonts 2013/01/14 v3.01 Basic AMSFonts support
\symAMSa=\mathgroup4
\symAMSb=\mathgroup5
LaTeX Font Info:    Overwriting math alphabet `\mathfrak' in version `bold'
(Font)                  U/euf/m/n --> U/euf/b/n on input line 106.
)
("C:\Users\Paulo\AppData\Local\Programs\MiKTeX 2.9\tex\latex\amsfonts\amssymb.s
ty"
Package: amssymb 2013/01/14 v3.01 AMS font symbols
)
("C:\Users\Paulo\AppData\Local\Programs\MiKTeX 2.9\tex\latex\float\float.sty"
Package: float 2001/11/08 v1.3d Float enhancements (AL)
\c@float@type=\count109
\float@exts=\toks26
\float@box=\box30
\@float@everytoks=\toks27
\@floatcapt=\box31
)
("C:\Users\Paulo\AppData\Local\Programs\MiKTeX 2.9\tex\latex\base\textcomp.sty"
Package: textcomp 2017/04/05 v2.0i Standard LaTeX package
Package textcomp Info: Sub-encoding information:
(textcomp)               5 = only ISO-Adobe without \textcurrency
(textcomp)               4 = 5 + \texteuro
(textcomp)               3 = 4 + \textohm
(textcomp)               2 = 3 + \textestimated + \textcurrency
(textcomp)               1 = TS1 - \textcircled - \t
(textcomp)               0 = TS1 (full)
(textcomp)             Font families with sub-encoding setting implement
(textcomp)             only a restricted character set as indicated.
(textcomp)             Family '?' is the default used for unknown fonts.
(textcomp)             See the documentation for details.
Package textcomp Info: Setting ? sub-encoding to TS1/1 on input line 79.
("C:\Users\Paulo\AppData\Local\Programs\MiKTeX 2.9\tex\latex\base\ts1enc.def"
File: ts1enc.def 2001/06/05 v3.0e (jk/car/fm) Standard LaTeX file
Now handling font encoding TS1 ...
... processing UTF-8 mapping file for font encoding TS1

("C:\Users\Paulo\AppData\Local\Programs\MiKTeX 2.9\tex\latex\base\ts1enc.dfu"
File: ts1enc.dfu 2018/04/05 v1.2c UTF-8 support for inputenc
   defining Unicode char U+00A2 (decimal 162)
   defining Unicode char U+00A3 (decimal 163)
   defining Unicode char U+00A4 (decimal 164)
   defining Unicode char U+00A5 (decimal 165)
   defining Unicode char U+00A6 (decimal 166)
   defining Unicode char U+00A7 (decimal 167)
   defining Unicode char U+00A8 (decimal 168)
   defining Unicode char U+00A9 (decimal 169)
   defining Unicode char U+00AA (decimal 170)
   defining Unicode char U+00AC (decimal 172)
   defining Unicode char U+00AE (decimal 174)
   defining Unicode char U+00AF (decimal 175)
   defining Unicode char U+00B0 (decimal 176)
   defining Unicode char U+00B1 (decimal 177)
   defining Unicode char U+00B2 (decimal 178)
   defining Unicode char U+00B3 (decimal 179)
   defining Unicode char U+00B4 (decimal 180)
   defining Unicode char U+00B5 (decimal 181)
   defining Unicode char U+00B6 (decimal 182)
   defining Unicode char U+00B7 (decimal 183)
   defining Unicode char U+00B9 (decimal 185)
   defining Unicode char U+00BA (decimal 186)
   defining Unicode char U+00BC (decimal 188)
   defining Unicode char U+00BD (decimal 189)
   defining Unicode char U+00BE (decimal 190)
   defining Unicode char U+00D7 (decimal 215)
   defining Unicode char U+00F7 (decimal 247)
   defining Unicode char U+0192 (decimal 402)
   defining Unicode char U+02C7 (decimal 711)
   defining Unicode char U+02D8 (decimal 728)
   defining Unicode char U+02DD (decimal 733)
   defining Unicode char U+0E3F (decimal 3647)
   defining Unicode char U+2016 (decimal 8214)
   defining Unicode char U+2020 (decimal 8224)
   defining Unicode char U+2021 (decimal 8225)
   defining Unicode char U+2022 (decimal 8226)
   defining Unicode char U+2030 (decimal 8240)
   defining Unicode char U+2031 (decimal 8241)
   defining Unicode char U+203B (decimal 8251)
   defining Unicode char U+203D (decimal 8253)
   defining Unicode char U+2044 (decimal 8260)
   defining Unicode char U+204E (decimal 8270)
   defining Unicode char U+2052 (decimal 8274)
   defining Unicode char U+20A1 (decimal 8353)
   defining Unicode char U+20A4 (decimal 8356)
   defining Unicode char U+20A6 (decimal 8358)
   defining Unicode char U+20A9 (decimal 8361)
   defining Unicode char U+20AB (decimal 8363)
   defining Unicode char U+20AC (decimal 8364)
   defining Unicode char U+20B1 (decimal 8369)
   defining Unicode char U+2103 (decimal 8451)
   defining Unicode char U+2116 (decimal 8470)
   defining Unicode char U+2117 (decimal 8471)
   defining Unicode char U+211E (decimal 8478)
   defining Unicode char U+2120 (decimal 8480)
   defining Unicode char U+2122 (decimal 8482)
   defining Unicode char U+2126 (decimal 8486)
   defining Unicode char U+2127 (decimal 8487)
   defining Unicode char U+212E (decimal 8494)
   defining Unicode char U+2190 (decimal 8592)
   defining Unicode char U+2191 (decimal 8593)
   defining Unicode char U+2192 (decimal 8594)
   defining Unicode char U+2193 (decimal 8595)
   defining Unicode char U+2329 (decimal 9001)
   defining Unicode char U+232A (decimal 9002)
   defining Unicode char U+2422 (decimal 9250)
   defining Unicode char U+25E6 (decimal 9702)
   defining Unicode char U+25EF (decimal 9711)
   defining Unicode char U+266A (decimal 9834)
   defining Unicode char U+FEFF (decimal 65279)
))
LaTeX Info: Redefining \oldstylenums on input line 334.
Package textcomp Info: Setting cmr sub-encoding to TS1/0 on input line 349.
Package textcomp Info: Setting cmss sub-encoding to TS1/0 on input line 350.
Package textcomp Info: Setting cmtt sub-encoding to TS1/0 on input line 351.
Package textcomp Info: Setting cmvtt sub-encoding to TS1/0 on input line 352.
Package textcomp Info: Setting cmbr sub-encoding to TS1/0 on input line 353.
Package textcomp Info: Setting cmtl sub-encoding to TS1/0 on input line 354.
Package textcomp Info: Setting ccr sub-encoding to TS1/0 on input line 355.
Package textcomp Info: Setting ptm sub-encoding to TS1/4 on input line 356.
Package textcomp Info: Setting pcr sub-encoding to TS1/4 on input line 357.
Package textcomp Info: Setting phv sub-encoding to TS1/4 on input line 358.
Package textcomp Info: Setting ppl sub-encoding to TS1/3 on input line 359.
Package textcomp Info: Setting pag sub-encoding to TS1/4 on input line 360.
Package textcomp Info: Setting pbk sub-encoding to TS1/4 on input line 361.
Package textcomp Info: Setting pnc sub-encoding to TS1/4 on input line 362.
Package textcomp Info: Setting pzc sub-encoding to TS1/4 on input line 363.
Package textcomp Info: Setting bch sub-encoding to TS1/4 on input line 364.
Package textcomp Info: Setting put sub-encoding to TS1/5 on input line 365.
Package textcomp Info: Setting uag sub-encoding to TS1/5 on input line 366.
Package textcomp Info: Setting ugq sub-encoding to TS1/5 on input line 367.
Package textcomp Info: Setting ul8 sub-encoding to TS1/4 on input line 368.
Package textcomp Info: Setting ul9 sub-encoding to TS1/4 on input line 369.
Package textcomp Info: Setting augie sub-encoding to TS1/5 on input line 370.
Package textcomp Info: Setting dayrom sub-encoding to TS1/3 on input line 371.
Package textcomp Info: Setting dayroms sub-encoding to TS1/3 on input line 372.

Package textcomp Info: Setting pxr sub-encoding to TS1/0 on input line 373.
Package textcomp Info: Setting pxss sub-encoding to TS1/0 on input line 374.
Package textcomp Info: Setting pxtt sub-encoding to TS1/0 on input line 375.
Package textcomp Info: Setting txr sub-encoding to TS1/0 on input line 376.
Package textcomp Info: Setting txss sub-encoding to TS1/0 on input line 377.
Package textcomp Info: Setting txtt sub-encoding to TS1/0 on input line 378.
Package textcomp Info: Setting lmr sub-encoding to TS1/0 on input line 379.
Package textcomp Info: Setting lmdh sub-encoding to TS1/0 on input line 380.
Package textcomp Info: Setting lmss sub-encoding to TS1/0 on input line 381.
Package textcomp Info: Setting lmssq sub-encoding to TS1/0 on input line 382.
Package textcomp Info: Setting lmvtt sub-encoding to TS1/0 on input line 383.
Package textcomp Info: Setting lmtt sub-encoding to TS1/0 on input line 384.
Package textcomp Info: Setting qhv sub-encoding to TS1/0 on input line 385.
Package textcomp Info: Setting qag sub-encoding to TS1/0 on input line 386.
Package textcomp Info: Setting qbk sub-encoding to TS1/0 on input line 387.
Package textcomp Info: Setting qcr sub-encoding to TS1/0 on input line 388.
Package textcomp Info: Setting qcs sub-encoding to TS1/0 on input line 389.
Package textcomp Info: Setting qpl sub-encoding to TS1/0 on input line 390.
Package textcomp Info: Setting qtm sub-encoding to TS1/0 on input line 391.
Package textcomp Info: Setting qzc sub-encoding to TS1/0 on input line 392.
Package textcomp Info: Setting qhvc sub-encoding to TS1/0 on input line 393.
Package textcomp Info: Setting futs sub-encoding to TS1/4 on input line 394.
Package textcomp Info: Setting futx sub-encoding to TS1/4 on input line 395.
Package textcomp Info: Setting futj sub-encoding to TS1/4 on input line 396.
Package textcomp Info: Setting hlh sub-encoding to TS1/3 on input line 397.
Package textcomp Info: Setting hls sub-encoding to TS1/3 on input line 398.
Package textcomp Info: Setting hlst sub-encoding to TS1/3 on input line 399.
Package textcomp Info: Setting hlct sub-encoding to TS1/5 on input line 400.
Package textcomp Info: Setting hlx sub-encoding to TS1/5 on input line 401.
Package textcomp Info: Setting hlce sub-encoding to TS1/5 on input line 402.
Package textcomp Info: Setting hlcn sub-encoding to TS1/5 on input line 403.
Package textcomp Info: Setting hlcw sub-encoding to TS1/5 on input line 404.
Package textcomp Info: Setting hlcf sub-encoding to TS1/5 on input line 405.
Package textcomp Info: Setting pplx sub-encoding to TS1/3 on input line 406.
Package textcomp Info: Setting pplj sub-encoding to TS1/3 on input line 407.
Package textcomp Info: Setting ptmx sub-encoding to TS1/4 on input line 408.
Package textcomp Info: Setting ptmj sub-encoding to TS1/4 on input line 409.
)
("C:\Users\Paulo\AppData\Local\Programs\MiKTeX 2.9\tex\latex\siunitx\siunitx.st
y"
("C:\Users\Paulo\AppData\Local\Programs\MiKTeX 2.9\tex\latex\l3kernel\expl3.sty
"
Package: expl3 2018-10-31 L3 programming layer (loader) 

("C:\Users\Paulo\AppData\Local\Programs\MiKTeX 2.9\tex\latex\l3kernel\expl3-cod
e.tex"
Package: expl3 2018-10-31 L3 programming layer (code)
\c_max_int=\count110
\l_tmpa_int=\count111
\l_tmpb_int=\count112
\g_tmpa_int=\count113
\g_tmpb_int=\count114
\g__kernel_prg_map_int=\count115
\c_log_iow=\count116
\l_iow_line_count_int=\count117
\l__iow_line_target_int=\count118
\l__iow_one_indent_int=\count119
\l__iow_indent_int=\count120
\c_zero_dim=\dimen130
\c_max_dim=\dimen131
\l_tmpa_dim=\dimen132
\l_tmpb_dim=\dimen133
\g_tmpa_dim=\dimen134
\g_tmpb_dim=\dimen135
\c_zero_skip=\skip49
\c_max_skip=\skip50
\l_tmpa_skip=\skip51
\l_tmpb_skip=\skip52
\g_tmpa_skip=\skip53
\g_tmpb_skip=\skip54
\c_zero_muskip=\muskip11
\c_max_muskip=\muskip12
\l_tmpa_muskip=\muskip13
\l_tmpb_muskip=\muskip14
\g_tmpa_muskip=\muskip15
\g_tmpb_muskip=\muskip16
\l_keys_choice_int=\count121
\l__intarray_loop_int=\count122
\c__intarray_sp_dim=\dimen136
\g__intarray_font_int=\count123
\c__fp_leading_shift_int=\count124
\c__fp_middle_shift_int=\count125
\c__fp_trailing_shift_int=\count126
\c__fp_big_leading_shift_int=\count127
\c__fp_big_middle_shift_int=\count128
\c__fp_big_trailing_shift_int=\count129
\c__fp_Bigg_leading_shift_int=\count130
\c__fp_Bigg_middle_shift_int=\count131
\c__fp_Bigg_trailing_shift_int=\count132
\c__kernel_randint_max_int=\count133
\g__fp_array_int=\count134
\l__fp_array_loop_int=\count135
\l__sort_length_int=\count136
\l__sort_min_int=\count137
\l__sort_top_int=\count138
\l__sort_max_int=\count139
\l__sort_true_max_int=\count140
\l__sort_block_int=\count141
\l__sort_begin_int=\count142
\l__sort_end_int=\count143
\l__sort_A_int=\count144
\l__sort_B_int=\count145
\l__sort_C_int=\count146
\l__tl_analysis_normal_int=\count147
\l__tl_analysis_index_int=\count148
\l__tl_analysis_nesting_int=\count149
\l__tl_analysis_type_int=\count150
\l__regex_internal_a_int=\count151
\l__regex_internal_b_int=\count152
\l__regex_internal_c_int=\count153
\l__regex_balance_int=\count154
\l__regex_group_level_int=\count155
\l__regex_mode_int=\count156
\c__regex_cs_in_class_mode_int=\count157
\c__regex_cs_mode_int=\count158
\l__regex_catcodes_int=\count159
\l__regex_default_catcodes_int=\count160
\c__regex_catcode_D_int=\count161
\c__regex_catcode_S_int=\count162
\c__regex_catcode_L_int=\count163
\c__regex_catcode_O_int=\count164
\c__regex_catcode_A_int=\count165
\c__regex_all_catcodes_int=\count166
\l__regex_show_lines_int=\count167
\l__regex_min_state_int=\count168
\l__regex_max_state_int=\count169
\l__regex_left_state_int=\count170
\l__regex_right_state_int=\count171
\l__regex_capturing_group_int=\count172
\l__regex_min_pos_int=\count173
\l__regex_max_pos_int=\count174
\l__regex_curr_pos_int=\count175
\l__regex_start_pos_int=\count176
\l__regex_success_pos_int=\count177
\l__regex_curr_char_int=\count178
\l__regex_curr_catcode_int=\count179
\l__regex_last_char_int=\count180
\l__regex_case_changed_char_int=\count181
\l__regex_curr_state_int=\count182
\l__regex_step_int=\count183
\l__regex_min_active_int=\count184
\l__regex_max_active_int=\count185
\l__regex_replacement_csnames_int=\count186
\l__regex_match_count_int=\count187
\l__regex_min_submatch_int=\count188
\l__regex_submatch_int=\count189
\l__regex_zeroth_submatch_int=\count190
\g__regex_trace_regex_int=\count191
\c_empty_box=\box32
\l_tmpa_box=\box33
\l_tmpb_box=\box34
\g_tmpa_box=\box35
\g_tmpb_box=\box36
\l__box_top_dim=\dimen137
\l__box_bottom_dim=\dimen138
\l__box_left_dim=\dimen139
\l__box_right_dim=\dimen140
\l__box_top_new_dim=\dimen141
\l__box_bottom_new_dim=\dimen142
\l__box_left_new_dim=\dimen143
\l__box_right_new_dim=\dimen144
\l__box_internal_box=\box37
\l__coffin_internal_box=\box38
\l__coffin_internal_dim=\dimen145
\l__coffin_offset_x_dim=\dimen146
\l__coffin_offset_y_dim=\dimen147
\l__coffin_x_dim=\dimen148
\l__coffin_y_dim=\dimen149
\l__coffin_x_prime_dim=\dimen150
\l__coffin_y_prime_dim=\dimen151
\c_empty_coffin=\box39
\l__coffin_aligned_coffin=\box40
\l__coffin_aligned_internal_coffin=\box41
\l_tmpa_coffin=\box42
\l_tmpb_coffin=\box43
\l__coffin_display_coffin=\box44
\l__coffin_display_coord_coffin=\box45
\l__coffin_display_pole_coffin=\box46
\l__coffin_display_offset_dim=\dimen152
\l__coffin_display_x_dim=\dimen153
\l__coffin_display_y_dim=\dimen154
\g__file_internal_ior=\read1
\l__coffin_bounding_shift_dim=\dimen155
\l__coffin_left_corner_dim=\dimen156
\l__coffin_right_corner_dim=\dimen157
\l__coffin_bottom_corner_dim=\dimen158
\l__coffin_top_corner_dim=\dimen159
\l__coffin_scaled_total_height_dim=\dimen160
\l__coffin_scaled_width_dim=\dimen161
\l__seq_internal_a_int=\count192
\l__seq_internal_b_int=\count193
)
("C:\Users\Paulo\AppData\Local\Programs\MiKTeX 2.9\tex\latex\l3kernel\l3pdfmode
.def"
File: l3pdfmode.def 2018-10-31 v L3 Experimental driver: PDF mode
\l__driver_color_stack_int=\count194
))

LaTeX Warning: You have requested, on input line 16, version
               `2020/01/12' of package expl3,
               but only version
               `2018-10-31 L3 programming layer (loader) '
               is available.


("C:\Users\Paulo\AppData\Local\Programs\MiKTeX 2.9\tex\latex\l3packages\xparse\
xparse.sty"
Package: xparse 2018-10-17 L3 Experimental document command parser
\l__xparse_current_arg_int=\count195
\g__xparse_grabber_int=\count196
\l__xparse_m_args_int=\count197
\l__xparse_mandatory_args_int=\count198
\l__xparse_v_nesting_int=\count199
)
Package: siunitx 2020/02/25 v2.8b A comprehensive (SI) units package


! Package siunitx Error: Support package expl3 too old.

See the siunitx package documentation for explanation.
Type  H <return>  for immediate help.
 ...                                              
                                                  
l.30   }
        
You need to update your installation of the bundles 'l3kernel' and 'l3packages'
.
Loading siunitx will abort!

)
("C:\Users\Paulo\AppData\Local\Programs\MiKTeX 2.9\tex\latex\graphics\graphicx.
sty"
Package: graphicx 2017/06/01 v1.1a Enhanced LaTeX Graphics (DPC,SPQR)

("C:\Users\Paulo\AppData\Local\Programs\MiKTeX 2.9\tex\latex\graphics\graphics.
sty"
Package: graphics 2017/06/25 v1.2c Standard LaTeX Graphics (DPC,SPQR)

("C:\Users\Paulo\AppData\Local\Programs\MiKTeX 2.9\tex\latex\graphics\trig.sty"
Package: trig 2016/01/03 v1.10 sin cos tan (DPC)
)
("C:\Users\Paulo\AppData\Local\Programs\MiKTeX 2.9\tex\latex\graphics-cfg\graph
ics.cfg"
File: graphics.cfg 2016/06/04 v1.11 sample graphics configuration
)
Package graphics Info: Driver file: pdftex.def on input line 99.
)
\Gin@req@height=\dimen162
\Gin@req@width=\dimen163
)
("C:\Users\Paulo\AppData\Local\Programs\MiKTeX 2.9\tex\latex\wrapfig\wrapfig.st
y"
\wrapoverhang=\dimen164
\WF@size=\dimen165
\c@WF@wrappedlines=\count266
\WF@box=\box47
\WF@everypar=\toks28
Package: wrapfig 2003/01/31  v 3.6
)
("C:\Users\Paulo\AppData\Local\Programs\MiKTeX 2.9\tex\latex\caption\subcaption
.sty"
Package: subcaption 2018/05/01 v1.1-162 Sub-captions (AR)
\c@subfigure=\count267
\c@subtable=\count268
)
("C:\Users\Paulo\AppData\Local\Programs\MiKTeX 2.9\tex\latex\tools\multicol.sty
"
Package: multicol 2018/04/20 v1.8s multicolumn formatting (FMi)
\c@tracingmulticols=\count269
\mult@box=\box48
\multicol@leftmargin=\dimen166
\c@unbalance=\count270
\c@collectmore=\count271
\doublecol@number=\count272
\multicoltolerance=\count273
\multicolpretolerance=\count274
\full@width=\dimen167
\page@free=\dimen168
\premulticols=\dimen169
\postmulticols=\dimen170
\multicolsep=\skip55
\multicolbaselineskip=\skip56
\partial@page=\box49
\last@line=\box50
\maxbalancingoverflow=\dimen171
\mult@rightbox=\box51
\mult@grightbox=\box52
\mult@gfirstbox=\box53
\mult@firstbox=\box54
\@tempa=\box55
\@tempa=\box56
\@tempa=\box57
\@tempa=\box58
\@tempa=\box59
\@tempa=\box60
\@tempa=\box61
\@tempa=\box62
\@tempa=\box63
\@tempa=\box64
\@tempa=\box65
\@tempa=\box66
\@tempa=\box67
\@tempa=\box68
\@tempa=\box69
\@tempa=\box70
\@tempa=\box71
\c@columnbadness=\count275
\c@finalcolumnbadness=\count276
\last@try=\dimen172
\multicolovershoot=\dimen173
\multicolundershoot=\dimen174
\mult@nat@firstbox=\box72
\colbreak@box=\box73
\mc@col@check@num=\count277
)
("C:\Users\Paulo\AppData\Local\Programs\MiKTeX 2.9\tex\latex\multirow\multirow.
sty"
Package: multirow 2018/08/03 v2.3 Span multiple rows of a table
\multirow@colwidth=\skip57
\multirow@cntb=\count278
\multirow@dima=\skip58
\bigstrutjot=\dimen175
)
("C:\Users\Paulo\AppData\Local\Programs\MiKTeX 2.9\tex\latex\hyperref\hyperref.
sty"
Package: hyperref 2018/09/30 v6.88a Hypertext links for LaTeX

("C:\Users\Paulo\AppData\Local\Programs\MiKTeX 2.9\tex\generic\oberdiek\hobsub-
hyperref.sty"
Package: hobsub-hyperref 2016/05/16 v1.14 Bundle oberdiek, subset hyperref (HO)


("C:\Users\Paulo\AppData\Local\Programs\MiKTeX 2.9\tex\generic\oberdiek\hobsub-
generic.sty"
Package: hobsub-generic 2016/05/16 v1.14 Bundle oberdiek, subset generic (HO)
Package: hobsub 2016/05/16 v1.14 Construct package bundles (HO)
Package: infwarerr 2016/05/16 v1.4 Providing info/warning/error messages (HO)
Package: ltxcmds 2016/05/16 v1.23 LaTeX kernel commands for general use (HO)
Package: ifluatex 2016/05/16 v1.4 Provides the ifluatex switch (HO)
Package ifluatex Info: LuaTeX not detected.
Package hobsub Info: Skipping package `ifvtex' (already loaded).
Package: intcalc 2016/05/16 v1.2 Expandable calculations with integers (HO)
Package hobsub Info: Skipping package `ifpdf' (already loaded).
Package: etexcmds 2016/05/16 v1.6 Avoid name clashes with e-TeX commands (HO)
Package etexcmds Info: Could not find \expanded.
(etexcmds)             That can mean that you are not using pdfTeX 1.50 or
(etexcmds)             that some package has redefined \expanded.
(etexcmds)             In the latter case, load this package earlier.
Package: kvsetkeys 2016/05/16 v1.17 Key value parser (HO)
Package: kvdefinekeys 2016/05/16 v1.4 Define keys (HO)
Package: pdftexcmds 2018/09/10 v0.29 Utility functions of pdfTeX for LuaTeX (HO
)
Package pdftexcmds Info: LuaTeX not detected.
Package pdftexcmds Info: \pdf@primitive is available.
Package pdftexcmds Info: \pdf@ifprimitive is available.
Package pdftexcmds Info: \pdfdraftmode found.
Package: pdfescape 2016/05/16 v1.14 Implements pdfTeX's escape features (HO)
Package: bigintcalc 2016/05/16 v1.4 Expandable calculations on big integers (HO
)
Package: bitset 2016/05/16 v1.2 Handle bit-vector datatype (HO)
Package: uniquecounter 2016/05/16 v1.3 Provide unlimited unique counter (HO)
)
Package hobsub Info: Skipping package `hobsub' (already loaded).
Package: letltxmacro 2016/05/16 v1.5 Let assignment for LaTeX macros (HO)
Package: hopatch 2016/05/16 v1.3 Wrapper for package hooks (HO)
Package: xcolor-patch 2016/05/16 xcolor patch
Package: atveryend 2016/05/16 v1.9 Hooks at the very end of document (HO)
Package atveryend Info: \enddocument detected (standard20110627).
Package: atbegshi 2016/06/09 v1.18 At begin shipout hook (HO)
Package: refcount 2016/05/16 v3.5 Data extraction from label references (HO)
Package: hycolor 2016/05/16 v1.8 Color options for hyperref/bookmark (HO)
)
("C:\Users\Paulo\AppData\Local\Programs\MiKTeX 2.9\tex\latex\oberdiek\auxhook.s
ty"
Package: auxhook 2016/05/16 v1.4 Hooks for auxiliary files (HO)
)
("C:\Users\Paulo\AppData\Local\Programs\MiKTeX 2.9\tex\latex\oberdiek\kvoptions
.sty"
Package: kvoptions 2016/05/16 v3.12 Key value format for package options (HO)
)
\@linkdim=\dimen176
\Hy@linkcounter=\count279
\Hy@pagecounter=\count280

("C:\Users\Paulo\AppData\Local\Programs\MiKTeX 2.9\tex\latex\hyperref\pd1enc.de
f"
File: pd1enc.def 2018/09/30 v6.88a Hyperref: PDFDocEncoding definition (HO)
Now handling font encoding PD1 ...
... no UTF-8 mapping file for font encoding PD1
)
\Hy@SavedSpaceFactor=\count281

("C:\Users\Paulo\AppData\Local\Programs\MiKTeX 2.9\tex\latex\00miktex\hyperref.
cfg"
File: hyperref.cfg 2002/06/06 v1.2 hyperref configuration of TeXLive
)
Package hyperref Info: Hyper figures OFF on input line 4535.
Package hyperref Info: Link nesting OFF on input line 4540.
Package hyperref Info: Hyper index ON on input line 4543.
Package hyperref Info: Plain pages OFF on input line 4550.
Package hyperref Info: Backreferencing OFF on input line 4555.
Package hyperref Info: Implicit mode ON; LaTeX internals redefined.
Package hyperref Info: Bookmarks ON on input line 4788.
\c@Hy@tempcnt=\count282
 ("C:\Users\Paulo\AppData\Local\Programs\MiKTeX 2.9\tex\latex\url\url.sty"
\Urlmuskip=\muskip17
Package: url 2013/09/16  ver 3.4  Verb mode for urls, etc.
)
LaTeX Info: Redefining \url on input line 5141.
\XeTeXLinkMargin=\dimen177
\Fld@menulength=\count283
\Field@Width=\dimen178
\Fld@charsize=\dimen179
Package hyperref Info: Hyper figures OFF on input line 6396.
Package hyperref Info: Link nesting OFF on input line 6401.
Package hyperref Info: Hyper index ON on input line 6404.
Package hyperref Info: backreferencing OFF on input line 6411.
Package hyperref Info: Link coloring OFF on input line 6416.
Package hyperref Info: Link coloring with OCG OFF on input line 6421.
Package hyperref Info: PDF/A mode OFF on input line 6426.
LaTeX Info: Redefining \ref on input line 6466.
LaTeX Info: Redefining \pageref on input line 6470.
\Hy@abspage=\count284
\c@Item=\count285
\c@Hfootnote=\count286
)
Package hyperref Info: Driver (autodetected): hpdftex.

("C:\Users\Paulo\AppData\Local\Programs\MiKTeX 2.9\tex\latex\hyperref\hpdftex.d
ef"
File: hpdftex.def 2018/09/30 v6.88a Hyperref driver for pdfTeX
\Fld@listcount=\count287
\c@bookmark@seq@number=\count288

("C:\Users\Paulo\AppData\Local\Programs\MiKTeX 2.9\tex\latex\oberdiek\rerunfile
check.sty"
Package: rerunfilecheck 2016/05/16 v1.8 Rerun checks for auxiliary files (HO)
Package uniquecounter Info: New unique counter `rerunfilecheck' on input line 2
82.
)
\Hy@SectionHShift=\skip59
)
Package hyperref Info: Option `colorlinks' set `true' on input line 33.

("C:\Users\Paulo\AppData\Local\Programs\MiKTeX 2.9\tex\latex\circuitikz\circuit
ikz.sty"
Package: circuitikz 2017/05/28{} The CircuiTikz circuit drawing package version
 0.8.3

("C:\Users\Paulo\AppData\Local\Programs\MiKTeX 2.9\tex\latex\pgf\frontendlayer\
tikz.sty"
("C:\Users\Paulo\AppData\Local\Programs\MiKTeX 2.9\tex\latex\pgf\basiclayer\pgf
.sty"
("C:\Users\Paulo\AppData\Local\Programs\MiKTeX 2.9\tex\latex\pgf\utilities\pgfr
cs.sty"
("C:\Users\Paulo\AppData\Local\Programs\MiKTeX 2.9\tex\generic\pgf\utilities\pg
futil-common.tex"
\pgfutil@everybye=\toks29
\pgfutil@tempdima=\dimen180
\pgfutil@tempdimb=\dimen181

("C:\Users\Paulo\AppData\Local\Programs\MiKTeX 2.9\tex\generic\pgf\utilities\pg
futil-common-lists.tex"))
("C:\Users\Paulo\AppData\Local\Programs\MiKTeX 2.9\tex\generic\pgf\utilities\pg
futil-latex.def"
\pgfutil@abb=\box74

("C:\Users\Paulo\AppData\Local\Programs\MiKTeX 2.9\tex\latex\ms\everyshi.sty"
Package: everyshi 2001/05/15 v3.00 EveryShipout Package (MS)
))
("C:\Users\Paulo\AppData\Local\Programs\MiKTeX 2.9\tex\generic\pgf\utilities\pg
frcs.code.tex"
Package: pgfrcs 2015/08/07 v3.0.1a (rcs-revision 1.31)
))
Package: pgf 2015/08/07 v3.0.1a (rcs-revision 1.15)

("C:\Users\Paulo\AppData\Local\Programs\MiKTeX 2.9\tex\latex\pgf\basiclayer\pgf
core.sty"
("C:\Users\Paulo\AppData\Local\Programs\MiKTeX 2.9\tex\latex\pgf\systemlayer\pg
fsys.sty"
("C:\Users\Paulo\AppData\Local\Programs\MiKTeX 2.9\tex\generic\pgf\systemlayer\
pgfsys.code.tex"
Package: pgfsys 2014/07/09 v3.0.1a (rcs-revision 1.48)

("C:\Users\Paulo\AppData\Local\Programs\MiKTeX 2.9\tex\generic\pgf\utilities\pg
fkeys.code.tex"
\pgfkeys@pathtoks=\toks30
\pgfkeys@temptoks=\toks31

("C:\Users\Paulo\AppData\Local\Programs\MiKTeX 2.9\tex\generic\pgf\utilities\pg
fkeysfiltered.code.tex"
\pgfkeys@tmptoks=\toks32
))
\pgf@x=\dimen182
\pgf@y=\dimen183
\pgf@xa=\dimen184
\pgf@ya=\dimen185
\pgf@xb=\dimen186
\pgf@yb=\dimen187
\pgf@xc=\dimen188
\pgf@yc=\dimen189
\w@pgf@writea=\write3
\r@pgf@reada=\read2
\c@pgf@counta=\count289
\c@pgf@countb=\count290
\c@pgf@countc=\count291
\c@pgf@countd=\count292
\t@pgf@toka=\toks33
\t@pgf@tokb=\toks34
\t@pgf@tokc=\toks35

("C:\Users\Paulo\AppData\Local\Programs\MiKTeX 2.9\tex\generic\pgf\systemlayer\
pgf.cfg"
File: pgf.cfg 2008/05/14  (rcs-revision 1.7)
)
Driver file for pgf: pgfsys-pdftex.def

("C:\Users\Paulo\AppData\Local\Programs\MiKTeX 2.9\tex\generic\pgf\systemlayer\
pgfsys-pdftex.def"
File: pgfsys-pdftex.def 2014/10/11  (rcs-revision 1.35)

("C:\Users\Paulo\AppData\Local\Programs\MiKTeX 2.9\tex\generic\pgf\systemlayer\
pgfsys-common-pdf.def"
File: pgfsys-common-pdf.def 2013/10/10  (rcs-revision 1.13)
)))
("C:\Users\Paulo\AppData\Local\Programs\MiKTeX 2.9\tex\generic\pgf\systemlayer\
pgfsyssoftpath.code.tex"
File: pgfsyssoftpath.code.tex 2013/09/09  (rcs-revision 1.9)
\pgfsyssoftpath@smallbuffer@items=\count293
\pgfsyssoftpath@bigbuffer@items=\count294
)
("C:\Users\Paulo\AppData\Local\Programs\MiKTeX 2.9\tex\generic\pgf\systemlayer\
pgfsysprotocol.code.tex"
File: pgfsysprotocol.code.tex 2006/10/16  (rcs-revision 1.4)
))
("C:\Users\Paulo\AppData\Local\Programs\MiKTeX 2.9\tex\generic\pgf\basiclayer\p
gfcore.code.tex"
Package: pgfcore 2010/04/11 v3.0.1a (rcs-revision 1.7)

("C:\Users\Paulo\AppData\Local\Programs\MiKTeX 2.9\tex\generic\pgf\math\pgfmath
.code.tex"
("C:\Users\Paulo\AppData\Local\Programs\MiKTeX 2.9\tex\generic\pgf\math\pgfmath
calc.code.tex"
("C:\Users\Paulo\AppData\Local\Programs\MiKTeX 2.9\tex\generic\pgf\math\pgfmath
util.code.tex")
("C:\Users\Paulo\AppData\Local\Programs\MiKTeX 2.9\tex\generic\pgf\math\pgfmath
parser.code.tex"
\pgfmath@dimen=\dimen190
\pgfmath@count=\count295
\pgfmath@box=\box75
\pgfmath@toks=\toks36
\pgfmath@stack@operand=\toks37
\pgfmath@stack@operation=\toks38
)
("C:\Users\Paulo\AppData\Local\Programs\MiKTeX 2.9\tex\generic\pgf\math\pgfmath
functions.code.tex"
("C:\Users\Paulo\AppData\Local\Programs\MiKTeX 2.9\tex\generic\pgf\math\pgfmath
functions.basic.code.tex")
("C:\Users\Paulo\AppData\Local\Programs\MiKTeX 2.9\tex\generic\pgf\math\pgfmath
functions.trigonometric.code.tex")
("C:\Users\Paulo\AppData\Local\Programs\MiKTeX 2.9\tex\generic\pgf\math\pgfmath
functions.random.code.tex")
("C:\Users\Paulo\AppData\Local\Programs\MiKTeX 2.9\tex\generic\pgf\math\pgfmath
functions.comparison.code.tex")
("C:\Users\Paulo\AppData\Local\Programs\MiKTeX 2.9\tex\generic\pgf\math\pgfmath
functions.base.code.tex")
("C:\Users\Paulo\AppData\Local\Programs\MiKTeX 2.9\tex\generic\pgf\math\pgfmath
functions.round.code.tex")
("C:\Users\Paulo\AppData\Local\Programs\MiKTeX 2.9\tex\generic\pgf\math\pgfmath
functions.misc.code.tex")
("C:\Users\Paulo\AppData\Local\Programs\MiKTeX 2.9\tex\generic\pgf\math\pgfmath
functions.integerarithmetics.code.tex")))
("C:\Users\Paulo\AppData\Local\Programs\MiKTeX 2.9\tex\generic\pgf\math\pgfmath
float.code.tex"
\c@pgfmathroundto@lastzeros=\count296
))
("C:\Users\Paulo\AppData\Local\Programs\MiKTeX 2.9\tex\generic\pgf\basiclayer\p
gfcorepoints.code.tex"
File: pgfcorepoints.code.tex 2013/10/07  (rcs-revision 1.27)
\pgf@picminx=\dimen191
\pgf@picmaxx=\dimen192
\pgf@picminy=\dimen193
\pgf@picmaxy=\dimen194
\pgf@pathminx=\dimen195
\pgf@pathmaxx=\dimen196
\pgf@pathminy=\dimen197
\pgf@pathmaxy=\dimen198
\pgf@xx=\dimen199
\pgf@xy=\dimen256
\pgf@yx=\dimen257
\pgf@yy=\dimen258
\pgf@zx=\dimen259
\pgf@zy=\dimen260
)
("C:\Users\Paulo\AppData\Local\Programs\MiKTeX 2.9\tex\generic\pgf\basiclayer\p
gfcorepathconstruct.code.tex"
File: pgfcorepathconstruct.code.tex 2013/10/07  (rcs-revision 1.29)
\pgf@path@lastx=\dimen261
\pgf@path@lasty=\dimen262
)
("C:\Users\Paulo\AppData\Local\Programs\MiKTeX 2.9\tex\generic\pgf\basiclayer\p
gfcorepathusage.code.tex"
File: pgfcorepathusage.code.tex 2014/11/02  (rcs-revision 1.24)
\pgf@shorten@end@additional=\dimen263
\pgf@shorten@start@additional=\dimen264
)
("C:\Users\Paulo\AppData\Local\Programs\MiKTeX 2.9\tex\generic\pgf\basiclayer\p
gfcorescopes.code.tex"
File: pgfcorescopes.code.tex 2015/05/08  (rcs-revision 1.46)
\pgfpic=\box76
\pgf@hbox=\box77
\pgf@layerbox@main=\box78
\pgf@picture@serial@count=\count297
)
("C:\Users\Paulo\AppData\Local\Programs\MiKTeX 2.9\tex\generic\pgf\basiclayer\p
gfcoregraphicstate.code.tex"
File: pgfcoregraphicstate.code.tex 2014/11/02  (rcs-revision 1.12)
\pgflinewidth=\dimen265
)
("C:\Users\Paulo\AppData\Local\Programs\MiKTeX 2.9\tex\generic\pgf\basiclayer\p
gfcoretransformations.code.tex"
File: pgfcoretransformations.code.tex 2015/08/07  (rcs-revision 1.20)
\pgf@pt@x=\dimen266
\pgf@pt@y=\dimen267
\pgf@pt@temp=\dimen268
)
("C:\Users\Paulo\AppData\Local\Programs\MiKTeX 2.9\tex\generic\pgf\basiclayer\p
gfcorequick.code.tex"
File: pgfcorequick.code.tex 2008/10/09  (rcs-revision 1.3)
)
("C:\Users\Paulo\AppData\Local\Programs\MiKTeX 2.9\tex\generic\pgf\basiclayer\p
gfcoreobjects.code.tex"
File: pgfcoreobjects.code.tex 2006/10/11  (rcs-revision 1.2)
)
("C:\Users\Paulo\AppData\Local\Programs\MiKTeX 2.9\tex\generic\pgf\basiclayer\p
gfcorepathprocessing.code.tex"
File: pgfcorepathprocessing.code.tex 2013/09/09  (rcs-revision 1.9)
)
("C:\Users\Paulo\AppData\Local\Programs\MiKTeX 2.9\tex\generic\pgf\basiclayer\p
gfcorearrows.code.tex"
File: pgfcorearrows.code.tex 2015/05/14  (rcs-revision 1.43)
\pgfarrowsep=\dimen269
)
("C:\Users\Paulo\AppData\Local\Programs\MiKTeX 2.9\tex\generic\pgf\basiclayer\p
gfcoreshade.code.tex"
File: pgfcoreshade.code.tex 2013/07/15  (rcs-revision 1.15)
\pgf@max=\dimen270
\pgf@sys@shading@range@num=\count298
)
("C:\Users\Paulo\AppData\Local\Programs\MiKTeX 2.9\tex\generic\pgf\basiclayer\p
gfcoreimage.code.tex"
File: pgfcoreimage.code.tex 2013/07/15  (rcs-revision 1.18)

("C:\Users\Paulo\AppData\Local\Programs\MiKTeX 2.9\tex\generic\pgf\basiclayer\p
gfcoreexternal.code.tex"
File: pgfcoreexternal.code.tex 2014/07/09  (rcs-revision 1.21)
\pgfexternal@startupbox=\box79
))
("C:\Users\Paulo\AppData\Local\Programs\MiKTeX 2.9\tex\generic\pgf\basiclayer\p
gfcorelayers.code.tex"
File: pgfcorelayers.code.tex 2013/07/18  (rcs-revision 1.7)
)
("C:\Users\Paulo\AppData\Local\Programs\MiKTeX 2.9\tex\generic\pgf\basiclayer\p
gfcoretransparency.code.tex"
File: pgfcoretransparency.code.tex 2013/09/30  (rcs-revision 1.5)
)
("C:\Users\Paulo\AppData\Local\Programs\MiKTeX 2.9\tex\generic\pgf\basiclayer\p
gfcorepatterns.code.tex"
File: pgfcorepatterns.code.tex 2013/11/07  (rcs-revision 1.5)
)))
("C:\Users\Paulo\AppData\Local\Programs\MiKTeX 2.9\tex\generic\pgf\modules\pgfm
oduleshapes.code.tex"
File: pgfmoduleshapes.code.tex 2014/03/21  (rcs-revision 1.35)
\pgfnodeparttextbox=\box80
)
("C:\Users\Paulo\AppData\Local\Programs\MiKTeX 2.9\tex\generic\pgf\modules\pgfm
oduleplot.code.tex"
File: pgfmoduleplot.code.tex 2015/08/03  (rcs-revision 1.13)
)
("C:\Users\Paulo\AppData\Local\Programs\MiKTeX 2.9\tex\latex\pgf\compatibility\
pgfcomp-version-0-65.sty"
Package: pgfcomp-version-0-65 2007/07/03 v3.0.1a (rcs-revision 1.7)
\pgf@nodesepstart=\dimen271
\pgf@nodesepend=\dimen272
)
("C:\Users\Paulo\AppData\Local\Programs\MiKTeX 2.9\tex\latex\pgf\compatibility\
pgfcomp-version-1-18.sty"
Package: pgfcomp-version-1-18 2007/07/23 v3.0.1a (rcs-revision 1.1)
))
("C:\Users\Paulo\AppData\Local\Programs\MiKTeX 2.9\tex\latex\pgf\utilities\pgff
or.sty"
("C:\Users\Paulo\AppData\Local\Programs\MiKTeX 2.9\tex\latex\pgf\utilities\pgfk
eys.sty"
("C:\Users\Paulo\AppData\Local\Programs\MiKTeX 2.9\tex\generic\pgf\utilities\pg
fkeys.code.tex"))
("C:\Users\Paulo\AppData\Local\Programs\MiKTeX 2.9\tex\latex\pgf\math\pgfmath.s
ty"
("C:\Users\Paulo\AppData\Local\Programs\MiKTeX 2.9\tex\generic\pgf\math\pgfmath
.code.tex"))
("C:\Users\Paulo\AppData\Local\Programs\MiKTeX 2.9\tex\generic\pgf\utilities\pg
ffor.code.tex"
Package: pgffor 2013/12/13 v3.0.1a (rcs-revision 1.25)

("C:\Users\Paulo\AppData\Local\Programs\MiKTeX 2.9\tex\generic\pgf\math\pgfmath
.code.tex")
\pgffor@iter=\dimen273
\pgffor@skip=\dimen274
\pgffor@stack=\toks39
\pgffor@toks=\toks40
))
("C:\Users\Paulo\AppData\Local\Programs\MiKTeX 2.9\tex\generic\pgf\frontendlaye
r\tikz\tikz.code.tex"
Package: tikz 2015/08/07 v3.0.1a (rcs-revision 1.151)

("C:\Users\Paulo\AppData\Local\Programs\MiKTeX 2.9\tex\generic\pgf\libraries\pg
flibraryplothandlers.code.tex"
File: pgflibraryplothandlers.code.tex 2013/08/31 v3.0.1a (rcs-revision 1.20)
\pgf@plot@mark@count=\count299
\pgfplotmarksize=\dimen275
)
\tikz@lastx=\dimen276
\tikz@lasty=\dimen277
\tikz@lastxsaved=\dimen278
\tikz@lastysaved=\dimen279
\tikzleveldistance=\dimen280
\tikzsiblingdistance=\dimen281
\tikz@figbox=\box81
\tikz@figbox@bg=\box82
\tikz@tempbox=\box83
\tikz@tempbox@bg=\box84
\tikztreelevel=\count300
\tikznumberofchildren=\count301
\tikznumberofcurrentchild=\count302
\tikz@fig@count=\count303

("C:\Users\Paulo\AppData\Local\Programs\MiKTeX 2.9\tex\generic\pgf\modules\pgfm
odulematrix.code.tex"
File: pgfmodulematrix.code.tex 2013/09/17  (rcs-revision 1.8)
\pgfmatrixcurrentrow=\count304
\pgfmatrixcurrentcolumn=\count305
\pgf@matrix@numberofcolumns=\count306
)
\tikz@expandcount=\count307

("C:\Users\Paulo\AppData\Local\Programs\MiKTeX 2.9\tex\generic\pgf\frontendlaye
r\tikz\libraries\tikzlibrarytopaths.code.tex"
File: tikzlibrarytopaths.code.tex 2008/06/17 v3.0.1a (rcs-revision 1.2)
)))
("C:\Users\Paulo\AppData\Local\Programs\MiKTeX 2.9\tex\generic\pgf\frontendlaye
r\tikz\libraries\tikzlibrarycalc.code.tex"
File: tikzlibrarycalc.code.tex 2013/07/15 v3.0.1a (rcs-revision 1.9)
)
("C:\Users\Paulo\AppData\Local\Programs\MiKTeX 2.9\tex\generic\pgf\libraries\pg
flibraryarrows.code.tex"
File: pgflibraryarrows.code.tex 2013/09/23 v3.0.1a (rcs-revision 1.16)
\arrowsize=\dimen282
)
("C:\Users\Paulo\AppData\Local\Programs\MiKTeX 2.9\tex\generic\circuitikz\pgfci
rc.defines.tex"
\pgf@circ@res@up=\dimen283
\pgf@circ@res@down=\dimen284
\pgf@circ@res@zero=\dimen285
\pgf@circ@res@left=\dimen286
\pgf@circ@res@right=\dimen287
\pgf@circ@res@other=\dimen288
\pgf@circ@res@step=\dimen289
\pgf@circ@res@temp=\dimen290
\pgfstartlinewidth=\dimen291
\pgf@circ@Rlen=\dimen292
)
("C:\Users\Paulo\AppData\Local\Programs\MiKTeX 2.9\tex\generic\circuitikz\pgfci
rcutils.tex")
("C:\Users\Paulo\AppData\Local\Programs\MiKTeX 2.9\tex\generic\circuitikz\pgfci
rcshapes.tex")
("C:\Users\Paulo\AppData\Local\Programs\MiKTeX 2.9\tex\generic\circuitikz\pgfci
rcmonopoles.tex")
("C:\Users\Paulo\AppData\Local\Programs\MiKTeX 2.9\tex\generic\circuitikz\pgfci
rcbipoles.tex")
("C:\Users\Paulo\AppData\Local\Programs\MiKTeX 2.9\tex\generic\circuitikz\pgfci
rctripoles.tex")
("C:\Users\Paulo\AppData\Local\Programs\MiKTeX 2.9\tex\generic\circuitikz\pgfci
rcquadpoles.tex")
("C:\Users\Paulo\AppData\Local\Programs\MiKTeX 2.9\tex\generic\circuitikz\pgfci
rclabel.tex")
("C:\Users\Paulo\AppData\Local\Programs\MiKTeX 2.9\tex\generic\circuitikz\pgfci
rcvoltage.tex")
("C:\Users\Paulo\AppData\Local\Programs\MiKTeX 2.9\tex\generic\circuitikz\pgfci
rccurrent.tex")
("C:\Users\Paulo\AppData\Local\Programs\MiKTeX 2.9\tex\generic\circuitikz\pgfci
rcflow.tex")
("C:\Users\Paulo\AppData\Local\Programs\MiKTeX 2.9\tex\generic\circuitikz\pgfci
rcpath.tex")
("C:\Users\Paulo\AppData\Local\Programs\MiKTeX 2.9\tex\latex\xstring\xstring.st
y"
("C:\Users\Paulo\AppData\Local\Programs\MiKTeX 2.9\tex\generic\xstring\xstring.
tex"
\integerpart=\count308
\decimalpart=\count309
)
Package: xstring 2019/02/06 v1.83 String manipulations (CT)
))
("C:\Users\Paulo\AppData\Local\Programs\MiKTeX 2.9\tex\latex\fancyhdr\fancyhdr.
sty"
Package: fancyhdr 2019/01/31 v3.10 Extensive control of page headers and footer
s
\f@nch@headwidth=\skip60
\f@nch@O@elh=\skip61
\f@nch@O@erh=\skip62
\f@nch@O@olh=\skip63
\f@nch@O@orh=\skip64
\f@nch@O@elf=\skip65
\f@nch@O@erf=\skip66
\f@nch@O@olf=\skip67
\f@nch@O@orf=\skip68
)
("C:\Users\Paulo\AppData\Local\Programs\MiKTeX 2.9\tex\latex\units\units.sty"
Package: units 1998/08/04 v0.9b Typesetting units

("C:\Users\Paulo\AppData\Local\Programs\MiKTeX 2.9\tex\latex\base\ifthen.sty"
Package: ifthen 2014/09/29 v1.1c Standard LaTeX ifthen package (DPC)
)
("C:\Users\Paulo\AppData\Local\Programs\MiKTeX 2.9\tex\latex\units\nicefrac.sty
"
Package: nicefrac 1998/08/04 v0.9b Nice fractions
\L@UnitsRaiseDisplaystyle=\skip69
\L@UnitsRaiseTextstyle=\skip70
\L@UnitsRaiseScriptstyle=\skip71
))
("C:\Users\Paulo\AppData\Local\Programs\MiKTeX 2.9\tex\latex\booktabs\booktabs.
sty"
Package: booktabs 2005/04/14 v1.61803 publication quality tables
\heavyrulewidth=\dimen293
\lightrulewidth=\dimen294
\cmidrulewidth=\dimen295
\belowrulesep=\dimen296
\belowbottomsep=\dimen297
\aboverulesep=\dimen298
\abovetopsep=\dimen299
\cmidrulesep=\dimen300
\cmidrulekern=\dimen301
\defaultaddspace=\dimen302
\@cmidla=\count310
\@cmidlb=\count311
\@aboverulesep=\dimen303
\@belowrulesep=\dimen304
\@thisruleclass=\count312
\@lastruleclass=\count313
\@thisrulewidth=\dimen305
)
("C:\Users\Paulo\AppData\Local\Programs\MiKTeX 2.9\tex\generic\pgf\frontendlaye
r\tikz\libraries\tikzlibrarybabel.code.tex"
File: tikzlibrarybabel.code.tex 2013/06/24 v3.0.1a (rcs-revision 1.1)
)) (main.aux
LaTeX Info: Redefining \. on input line 19.
LaTeX Info: Redefining \% on input line 19.


LaTeX Warning: Label `tab:ej2datasheet1' multiply defined.


LaTeX Warning: Label `trans_frec' multiply defined.


LaTeX Warning: Label `fig:emptyPlotTool' multiply defined.


LaTeX Warning: Label `fig:emptyPlotTool' multiply defined.


LaTeX Warning: Label `fig:emptyPlotTool' multiply defined.


LaTeX Warning: Label `fig:emptyPlotTool' multiply defined.


LaTeX Warning: Label `fig:emptyPlotTool' multiply defined.


LaTeX Warning: Label `fig:emptyPlotTool' multiply defined.


LaTeX Warning: Label `fig:emptyPlotTool' multiply defined.


LaTeX Warning: Label `fig:emptyPlotTool' multiply defined.


LaTeX Warning: Label `fig:emptyPlotTool' multiply defined.


LaTeX Warning: Label `fig:emptyPlotTool' multiply defined.


LaTeX Warning: Label `fig:emptyPlotTool' multiply defined.


LaTeX Warning: Label `fig:emptyPlotTool' multiply defined.


LaTeX Warning: Label `fig:emptyPlotTool' multiply defined.


LaTeX Warning: Label `fig:emptyPlotTool' multiply defined.


LaTeX Warning: Label `fig:emptyPlotTool' multiply defined.


LaTeX Warning: Label `fig:emptyPlotTool' multiply defined.


LaTeX Warning: Label `fig:emptyPlotTool' multiply defined.


LaTeX Warning: Label `fig:emptyPlotTool' multiply defined.


LaTeX Warning: Label `fig:emptyPlotTool' multiply defined.


LaTeX Warning: Label `fig:emptyPlotTool' multiply defined.


LaTeX Warning: Label `fig:emptyPlotTool' multiply defined.


LaTeX Warning: Label `fig:emptyPlotTool' multiply defined.


LaTeX Warning: Label `fig:emptyPlotTool' multiply defined.


LaTeX Warning: Label `fig:emptyPlotTool' multiply defined.


LaTeX Warning: Label `fig:emptyPlotTool' multiply defined.


LaTeX Warning: Label `fig:emptyPlotTool' multiply defined.


LaTeX Warning: Label `fig:emptyPlotTool' multiply defined.


LaTeX Warning: Label `fig:emptyPlotTool' multiply defined.


LaTeX Warning: Label `fig:emptyPlotTool' multiply defined.


LaTeX Warning: Label `fig:emptyPlotTool' multiply defined.


LaTeX Warning: Label `fig:emptyPlotTool' multiply defined.


LaTeX Warning: Label `fig:emptyPlotTool' multiply defined.


LaTeX Warning: Label `fig:emptyPlotTool' multiply defined.


LaTeX Warning: Label `fig:emptyPlotTool' multiply defined.


LaTeX Warning: Label `fig:emptyPlotTool' multiply defined.


LaTeX Warning: Label `fig:emptyPlotTool' multiply defined.


LaTeX Warning: Label `fig:emptyPlotTool' multiply defined.


LaTeX Warning: Label `fig:emptyPlotTool' multiply defined.


LaTeX Warning: Label `fig:emptyPlotTool' multiply defined.

)
\openout1 = `main.aux'.

LaTeX Font Info:    Checking defaults for OML/cmm/m/it on input line 5.
LaTeX Font Info:    ... okay on input line 5.
LaTeX Font Info:    Checking defaults for T1/cmr/m/n on input line 5.
LaTeX Font Info:    ... okay on input line 5.
LaTeX Font Info:    Checking defaults for OT1/cmr/m/n on input line 5.
LaTeX Font Info:    ... okay on input line 5.
LaTeX Font Info:    Checking defaults for OMS/cmsy/m/n on input line 5.
LaTeX Font Info:    ... okay on input line 5.
LaTeX Font Info:    Checking defaults for OMX/cmex/m/n on input line 5.
LaTeX Font Info:    ... okay on input line 5.
LaTeX Font Info:    Checking defaults for U/cmr/m/n on input line 5.
LaTeX Font Info:    ... okay on input line 5.
LaTeX Font Info:    Checking defaults for TS1/cmr/m/n on input line 5.
LaTeX Font Info:    Try loading font information for TS1+cmr on input line 5.
 ("C:\Users\Paulo\AppData\Local\Programs\MiKTeX 2.9\tex\latex\base\ts1cmr.fd"
File: ts1cmr.fd 2014/09/29 v2.5h Standard LaTeX font definitions
)
LaTeX Font Info:    ... okay on input line 5.
LaTeX Font Info:    Checking defaults for PD1/pdf/m/n on input line 5.
LaTeX Font Info:    ... okay on input line 5.
LaTeX Info: Redefining \. on input line 5.
LaTeX Info: Redefining \% on input line 5.

("C:\Users\Paulo\AppData\Local\Programs\MiKTeX 2.9\tex\context\base\supp-pdf.mk
ii"
[Loading MPS to PDF converter (version 2006.09.02).]
\scratchcounter=\count314
\scratchdimen=\dimen306
\scratchbox=\box85
\nofMPsegments=\count315
\nofMParguments=\count316
\everyMPshowfont=\toks41
\MPscratchCnt=\count317
\MPscratchDim=\dimen307
\MPnumerator=\count318
\makeMPintoPDFobject=\count319
\everyMPtoPDFconversion=\toks42
)
("C:\Users\Paulo\AppData\Local\Programs\MiKTeX 2.9\tex\latex\oberdiek\epstopdf-
base.sty"
Package: epstopdf-base 2016/05/15 v2.6 Base part for package epstopdf

("C:\Users\Paulo\AppData\Local\Programs\MiKTeX 2.9\tex\latex\oberdiek\grfext.st
y"
Package: grfext 2016/05/16 v1.2 Manage graphics extensions (HO)
)
Package epstopdf-base Info: Redefining graphics rule for `.eps' on input line 4
38.
Package grfext Info: Graphics extension search list:
(grfext)             [.pdf,.png,.jpg,.mps,.jpeg,.jbig2,.jb2,.PDF,.PNG,.JPG,.JPE
G,.JBIG2,.JB2,.eps]
(grfext)             \AppendGraphicsExtensions on input line 456.
)
*geometry* driver: auto-detecting
*geometry* detected driver: pdftex
*geometry* verbose mode - [ preamble ] result:
* driver: pdftex
* paper: a4paper
* layout: <same size as paper>
* layoutoffset:(h,v)=(0.0pt,0.0pt)
* modes: 
* h-part:(L,W,R)=(56.9055pt, 512.1496pt, 28.45277pt)
* v-part:(T,H,B)=(71.13188pt, 711.3189pt, 62.59607pt)
* \paperwidth=597.50787pt
* \paperheight=845.04684pt
* \textwidth=512.1496pt
* \textheight=711.3189pt
* \oddsidemargin=-15.36449pt
* \evensidemargin=-15.36449pt
* \topmargin=-38.1381pt
* \headheight=12.0pt
* \headsep=25.0pt
* \topskip=10.0pt
* \footskip=30.0pt
* \marginparwidth=57.0pt
* \marginparsep=11.0pt
* \columnsep=10.0pt
* \skip\footins=28.45274pt
* \hoffset=0.0pt
* \voffset=0.0pt
* \mag=1000
* \@twocolumnfalse
* \@twosidefalse
* \@mparswitchfalse
* \@reversemarginfalse
* (1in=72.27pt=25.4mm, 1cm=28.453pt)

Package caption Info: Begin \AtBeginDocument code.
Package caption Info: float package is loaded.
Package caption Info: hyperref package is loaded.
Package caption Info: wrapfig package is loaded.
Package caption Info: End \AtBeginDocument code.
\AtBeginShipoutBox=\box86
Package hyperref Info: Link coloring ON on input line 5.

("C:\Users\Paulo\AppData\Local\Programs\MiKTeX 2.9\tex\latex\hyperref\nameref.s
ty"
Package: nameref 2016/05/21 v2.44 Cross-referencing by name of section

("C:\Users\Paulo\AppData\Local\Programs\MiKTeX 2.9\tex\generic\oberdiek\gettitl
estring.sty"
Package: gettitlestring 2016/05/16 v1.5 Cleanup title references (HO)
)
\c@section@level=\count320
)
LaTeX Info: Redefining \ref on input line 5.
LaTeX Info: Redefining \pageref on input line 5.
LaTeX Info: Redefining \nameref on input line 5.
 (main.out) (main.out)
\@outlinefile=\write4
\openout4 = `main.out'.

 ABD: EveryShipout initializing macros
(Caratula.tex
LaTeX Font Info:    Try loading font information for U+msa on input line 6.

("C:\Users\Paulo\AppData\Local\Programs\MiKTeX 2.9\tex\latex\amsfonts\umsa.fd"
File: umsa.fd 2013/01/14 v3.01 AMS symbols A
)
LaTeX Font Info:    Try loading font information for U+msb on input line 6.
("C:\Users\Paulo\AppData\Local\Programs\MiKTeX 2.9\tex\latex\amsfonts\umsb.fd"
File: umsb.fd 2013/01/14 v3.01 AMS symbols B
) [1

{C:/Users/Paulo/AppData/Local/MiKTeX/2.9/pdftex/config/pdftex.map}])
(main.toc
LaTeX Info: Redefining \. on input line 1.
LaTeX Info: Redefining \% on input line 1.
)
\tf@toc=\write5
\openout5 = `main.toc'.

pdfTeX warning (ext4): destination with the same identifier (name{page.1}) has 
been already used, duplicate ignored
<to be read again> 
                   \relax 
l.11 \newpage
              [1] (../Ejercicio1-CaracterizaciondeOpamps/Ejercicio-1.tex)
[2] (../Ejercicio2-MediciondeBias/Ejercicio-2.tex
<../Ejercicio2-MediciondeBias/Informe/modeloopamp.png, id=190, 488.42474pt x 43
6.029pt>
File: ../Ejercicio2-MediciondeBias/Informe/modeloopamp.png Graphic file (type p
ng)
<use ../Ejercicio2-MediciondeBias/Informe/modeloopamp.png>
Package pdftex.def Info: ../Ejercicio2-MediciondeBias/Informe/modeloopamp.png  
used on input line 7.
(pdftex.def)             Requested size: 195.36642pt x 174.4085pt.
<../Ejercicio2-MediciondeBias/Informe/inversopamp.png, id=191, 321.6015pt x 190
.311pt>
File: ../Ejercicio2-MediciondeBias/Informe/inversopamp.png Graphic file (type p
ng)
<use ../Ejercicio2-MediciondeBias/Informe/inversopamp.png>
Package pdftex.def Info: ../Ejercicio2-MediciondeBias/Informe/inversopamp.png  
used on input line 19.
(pdftex.def)             Requested size: 160.80035pt x 95.15526pt.
<../Ejercicio2-MediciondeBias/Informe/circuito.png, id=193, 607.67026pt x 257.7
63pt>
File: ../Ejercicio2-MediciondeBias/Informe/circuito.png Graphic file (type png)

<use ../Ejercicio2-MediciondeBias/Informe/circuito.png>
Package pdftex.def Info: ../Ejercicio2-MediciondeBias/Informe/circuito.png  use
d on input line 46.
(pdftex.def)             Requested size: 394.98097pt x 167.54396pt.
 [3 <../Ejercicio2-MediciondeBias/Informe/modeloopamp.png> <../Ejercicio2-Medic
iondeBias/Informe/inversopamp.png>]
<../Ejercicio2-MediciondeBias/Informe/realimentacion.png, id=202, 112.62074pt x
 45.771pt>
File: ../Ejercicio2-MediciondeBias/Informe/realimentacion.png Graphic file (typ
e png)
<use ../Ejercicio2-MediciondeBias/Informe/realimentacion.png>
Package pdftex.def Info: ../Ejercicio2-MediciondeBias/Informe/realimentacion.pn
g  used on input line 59.
(pdftex.def)             Requested size: 168.93068pt x 68.65631pt.

Underfull \hbox (badness 10000) in paragraph at lines 86--87
[]\OT1/cmr/m/n/10 Puede con-du-cir ines-ta-bi-li-dad y auto-
 []

[4 <../Ejercicio2-MediciondeBias/Informe/circuito.png> <../Ejercicio2-Mediciond
eBias/Informe/realimentacion.png>]
<../Ejercicio2-MediciondeBias/Informe/etapa2.png, id=210, 311.9655pt x 228.2527
5pt>
File: ../Ejercicio2-MediciondeBias/Informe/etapa2.png Graphic file (type png)
<use ../Ejercicio2-MediciondeBias/Informe/etapa2.png>
Package pdftex.def Info: ../Ejercicio2-MediciondeBias/Informe/etapa2.png  used 
on input line 104.
(pdftex.def)             Requested size: 155.98236pt x 114.12608pt.


Package caption Warning: The option `hypcap=true' will be ignored for this
(caption)                particular \caption on input line 105.
See the caption package documentation for explanation.


Overfull \hbox (17.2222pt too wide) in paragraph at lines 102--115
[]$[]$ $[]$ 
 []

<../Ejercicio2-MediciondeBias/Informe/etapa1.png, id=211, 370.986pt x 250.536pt
>
File: ../Ejercicio2-MediciondeBias/Informe/etapa1.png Graphic file (type png)
<use ../Ejercicio2-MediciondeBias/Informe/etapa1.png>
Package pdftex.def Info: ../Ejercicio2-MediciondeBias/Informe/etapa1.png  used 
on input line 122.
(pdftex.def)             Requested size: 185.49254pt x 125.26768pt.

Package caption Warning: The option `hypcap=true' will be ignored for this
(caption)                particular \caption on input line 123.
See the caption package documentation for explanation.


Overfull \hbox (43.47868pt too wide) detected at line 131
\OML/cmm/m/it/10 A[] \OT1/cmr/m/n/10 = [] =[]\OMS/cmsy/m/n/10 ) \OML/cmm/m/it/1
0 Vout[] \OT1/cmr/m/n/10 = [] \OML/cmm/m/it/10 Vin
 []

[5 <../Ejercicio2-MediciondeBias/Informe/etapa2.png> <../Ejercicio2-MediciondeB
ias/Informe/etapa1.png>] [6]
Overfull \hbox (14.14534pt too wide) in paragraph at lines 227--235
[][] 
 []


LaTeX Warning: `h' float specifier changed to `ht'.

[7]
<../Ejercicio2-MediciondeBias/Informe/comptl081.png, id=237, 284.06125pt x 255.
95625pt>
File: ../Ejercicio2-MediciondeBias/Informe/comptl081.png Graphic file (type png
)
<use ../Ejercicio2-MediciondeBias/Informe/comptl081.png>
Package pdftex.def Info: ../Ejercicio2-MediciondeBias/Informe/comptl081.png  us
ed on input line 313.
(pdftex.def)             Requested size: 102.42667pt x 113.80838pt.


Package caption Warning: The option `hypcap=true' will be ignored for this
(caption)                particular \caption on input line 315.
See the caption package documentation for explanation.

<../Ejercicio2-MediciondeBias/Informe/complm365.png, id=239, 273.02pt x 278.038
76pt>
File: ../Ejercicio2-MediciondeBias/Informe/complm365.png Graphic file (type png
)
<use ../Ejercicio2-MediciondeBias/Informe/complm365.png>
Package pdftex.def Info: ../Ejercicio2-MediciondeBias/Informe/complm365.png  us
ed on input line 322.
(pdftex.def)             Requested size: 102.42807pt x 113.80995pt.

Package caption Warning: The option `hypcap=true' will be ignored for this
(caption)                particular \caption on input line 324.
See the caption package documentation for explanation.

<../Ejercicio2-MediciondeBias/Informe/compib.png, id=240, 881.2925pt x 534.9987
5pt>
File: ../Ejercicio2-MediciondeBias/Informe/compib.png Graphic file (type png)
<use ../Ejercicio2-MediciondeBias/Informe/compib.png>
Package pdftex.def Info: ../Ejercicio2-MediciondeBias/Informe/compib.png  used 
on input line 333.
(pdftex.def)             Requested size: 352.51076pt x 213.9957pt.

Package caption Warning: The option `hypcap=true' will be ignored for this
(caption)                particular \caption on input line 335.
See the caption package documentation for explanation.

[8 <../Ejercicio2-MediciondeBias/Informe/comptl081.png> <../Ejercicio2-Medicion
deBias/Informe/complm365.png>]) [9 <../Ejercicio2-MediciondeBias/Informe/compib
.png>] (../Ejercicio3-CircuitoIntegradoresyDerivadores/Ejercicio-3.tex
<../Ejercicio3-CircuitoIntegradoresyDerivadores/Imagenes/Derivador/circuito_der
ivador.png, id=256, 480.29437pt x 255.20343pt>
File: ../Ejercicio3-CircuitoIntegradoresyDerivadores/Imagenes/Derivador/circuit
o_derivador.png Graphic file (type png)
<use ../Ejercicio3-CircuitoIntegradoresyDerivadores/Imagenes/Derivador/circuito
_derivador.png>
Package pdftex.def Info: ../Ejercicio3-CircuitoIntegradoresyDerivadores/Imagene
s/Derivador/circuito_derivador.png  used on input line 17.
(pdftex.def)             Requested size: 307.29288pt x 163.2829pt.
 [10 <../Ejercicio3-CircuitoIntegradoresyDerivadores/Imagenes/Derivador/circuit
o_derivador.png>]

LaTeX Warning: File `../Ejercicio3-CircuitoIntegradoresyDerivadores/Imagenes/De
rivador/bode_derivador magnitud.png' not found on input line 104.

<../Ejercicio3-CircuitoIntegradoresyDerivadores/Imagenes/Derivador/bode_derivad
or magnitud.png, id=273, 508.0581pt x 245.718pt>
File: ../Ejercicio3-CircuitoIntegradoresyDerivadores/Imagenes/Derivador/bode_de
rivador magnitud.png Graphic file (type png)
<use ../Ejercicio3-CircuitoIntegradoresyDerivadores/Imagenes/Derivador/bode_der
ivador magnitud.png>
Package pdftex.def Info: ../Ejercicio3-CircuitoIntegradoresyDerivadores/Imagene
s/Derivador/bode_derivador magnitud.png  used on input line 104.
(pdftex.def)             Requested size: 307.29288pt x 148.62422pt.
<../Ejercicio3-CircuitoIntegradoresyDerivadores/Imagenes/Derivador/bode_derivad
or_fase.png, id=274, 508.0581pt x 252.945pt>
File: ../Ejercicio3-CircuitoIntegradoresyDerivadores/Imagenes/Derivador/bode_de
rivador_fase.png Graphic file (type png)
<use ../Ejercicio3-CircuitoIntegradoresyDerivadores/Imagenes/Derivador/bode_der
ivador_fase.png>
Package pdftex.def Info: ../Ejercicio3-CircuitoIntegradoresyDerivadores/Imagene
s/Derivador/bode_derivador_fase.png  used on input line 109.
(pdftex.def)             Requested size: 307.29288pt x 152.99553pt.
[11 <../Ejercicio3-CircuitoIntegradoresyDerivadores/Imagenes/Derivador/bode_der
ivador magnitud.png>]
<../Ejercicio3-CircuitoIntegradoresyDerivadores/Imagenes/diagrama-integrador.pn
g, id=283, 514.92375pt x 292.09125pt>
File: ../Ejercicio3-CircuitoIntegradoresyDerivadores/Imagenes/diagrama-integrad
or.png Graphic file (type png)
<use ../Ejercicio3-CircuitoIntegradoresyDerivadores/Imagenes/diagrama-integrado
r.png>
Package pdftex.def Info: ../Ejercicio3-CircuitoIntegradoresyDerivadores/Imagene
s/diagrama-integrador.png  used on input line 141.
(pdftex.def)             Requested size: 257.46124pt x 146.04526pt.
<../Ejercicio3-CircuitoIntegradoresyDerivadores/Imagenes/diagrama-integrador-co
rrientes.png, id=284, 514.92375pt x 322.20375pt>
File: ../Ejercicio3-CircuitoIntegradoresyDerivadores/Imagenes/diagrama-integrad
or-corrientes.png Graphic file (type png)
<use ../Ejercicio3-CircuitoIntegradoresyDerivadores/Imagenes/diagrama-integrado
r-corrientes.png>
Package pdftex.def Info: ../Ejercicio3-CircuitoIntegradoresyDerivadores/Imagene
s/diagrama-integrador-corrientes.png  used on input line 162.
(pdftex.def)             Requested size: 257.46124pt x 161.10147pt.
 [12 <../Ejercicio3-CircuitoIntegradoresyDerivadores/Imagenes/Derivador/bode_de
rivador_fase.png> <../Ejercicio3-CircuitoIntegradoresyDerivadores/Imagenes/diag
rama-integrador.png>]
<../Ejercicio3-CircuitoIntegradoresyDerivadores/Imagenes/teorico-avol-inf-integ
rador-amplitud.png, id=294, 508.0581pt x 245.718pt>
File: ../Ejercicio3-CircuitoIntegradoresyDerivadores/Imagenes/teorico-avol-inf-
integrador-amplitud.png Graphic file (type png)
<use ../Ejercicio3-CircuitoIntegradoresyDerivadores/Imagenes/teorico-avol-inf-i
ntegrador-amplitud.png>
Package pdftex.def Info: ../Ejercicio3-CircuitoIntegradoresyDerivadores/Imagene
s/teorico-avol-inf-integrador-amplitud.png  used on input line 198.
(pdftex.def)             Requested size: 508.05685pt x 245.71739pt.
 [13 <../Ejercicio3-CircuitoIntegradoresyDerivadores/Imagenes/diagrama-integrad
or-corrientes.png>]
<../Ejercicio3-CircuitoIntegradoresyDerivadores/Imagenes/teorico-avol-inf-integ
rador-fase.png, id=302, 508.0581pt x 252.945pt>
File: ../Ejercicio3-CircuitoIntegradoresyDerivadores/Imagenes/teorico-avol-inf-
integrador-fase.png Graphic file (type png)
<use ../Ejercicio3-CircuitoIntegradoresyDerivadores/Imagenes/teorico-avol-inf-i
ntegrador-fase.png>
Package pdftex.def Info: ../Ejercicio3-CircuitoIntegradoresyDerivadores/Imagene
s/teorico-avol-inf-integrador-fase.png  used on input line 205.
(pdftex.def)             Requested size: 508.05685pt x 252.94438pt.


Package hyperref Warning: Token not allowed in a PDF string (PDFDocEncoding):
(hyperref)                removing `math shift' on input line 210.


Package hyperref Warning: Token not allowed in a PDF string (PDFDocEncoding):
(hyperref)                removing `subscript' on input line 210.


Package hyperref Warning: Token not allowed in a PDF string (PDFDocEncoding):
(hyperref)                removing `math shift' on input line 210.

[14 <../Ejercicio3-CircuitoIntegradoresyDerivadores/Imagenes/teorico-avol-inf-i
ntegrador-amplitud.png> <../Ejercicio3-CircuitoIntegradoresyDerivadores/Imagene
s/teorico-avol-inf-integrador-fase.png>]
<../Ejercicio3-CircuitoIntegradoresyDerivadores/Imagenes/teorico-avol-fin-integ
rador-amplitud.png, id=311, 508.0581pt x 245.718pt>
File: ../Ejercicio3-CircuitoIntegradoresyDerivadores/Imagenes/teorico-avol-fin-
integrador-amplitud.png Graphic file (type png)
<use ../Ejercicio3-CircuitoIntegradoresyDerivadores/Imagenes/teorico-avol-fin-i
ntegrador-amplitud.png>
Package pdftex.def Info: ../Ejercicio3-CircuitoIntegradoresyDerivadores/Imagene
s/teorico-avol-fin-integrador-amplitud.png  used on input line 247.
(pdftex.def)             Requested size: 508.05685pt x 245.71739pt.
<../Ejercicio3-CircuitoIntegradoresyDerivadores/Imagenes/teorico-avol-fin-integ
rador-fase.png, id=312, 508.0581pt x 252.945pt>
File: ../Ejercicio3-CircuitoIntegradoresyDerivadores/Imagenes/teorico-avol-fin-
integrador-fase.png Graphic file (type png)
<use ../Ejercicio3-CircuitoIntegradoresyDerivadores/Imagenes/teorico-avol-fin-i
ntegrador-fase.png>
Package pdftex.def Info: ../Ejercicio3-CircuitoIntegradoresyDerivadores/Imagene
s/teorico-avol-fin-integrador-fase.png  used on input line 254.
(pdftex.def)             Requested size: 508.05685pt x 252.94438pt.
 [15 <../Ejercicio3-CircuitoIntegradoresyDerivadores/Imagenes/teorico-avol-fin-
integrador-amplitud.png>]

Package hyperref Warning: Token not allowed in a PDF string (PDFDocEncoding):
(hyperref)                removing `math shift' on input line 259.


Package hyperref Warning: Token not allowed in a PDF string (PDFDocEncoding):
(hyperref)                removing `subscript' on input line 259.


Package hyperref Warning: Token not allowed in a PDF string (PDFDocEncoding):
(hyperref)                removing `math shift' on input line 259.

<../Ejercicio3-CircuitoIntegradoresyDerivadores/Imagenes/teorico-avol-w-integra
dor-amplitud.png, id=320, 508.0581pt x 245.718pt>
File: ../Ejercicio3-CircuitoIntegradoresyDerivadores/Imagenes/teorico-avol-w-in
tegrador-amplitud.png Graphic file (type png)
<use ../Ejercicio3-CircuitoIntegradoresyDerivadores/Imagenes/teorico-avol-w-int
egrador-amplitud.png>
Package pdftex.def Info: ../Ejercicio3-CircuitoIntegradoresyDerivadores/Imagene
s/teorico-avol-w-integrador-amplitud.png  used on input line 281.
(pdftex.def)             Requested size: 508.05685pt x 245.71739pt.
[16 <../Ejercicio3-CircuitoIntegradoresyDerivadores/Imagenes/teorico-avol-fin-i
ntegrador-fase.png>]
<../Ejercicio3-CircuitoIntegradoresyDerivadores/Imagenes/teorico-avol-w-integra
dor-fase.png, id=327, 508.0581pt x 252.945pt>
File: ../Ejercicio3-CircuitoIntegradoresyDerivadores/Imagenes/teorico-avol-w-in
tegrador-fase.png Graphic file (type png)
<use ../Ejercicio3-CircuitoIntegradoresyDerivadores/Imagenes/teorico-avol-w-int
egrador-fase.png>
Package pdftex.def Info: ../Ejercicio3-CircuitoIntegradoresyDerivadores/Imagene
s/teorico-avol-w-integrador-fase.png  used on input line 288.
(pdftex.def)             Requested size: 508.05685pt x 252.94438pt.
<../Ejercicio3-CircuitoIntegradoresyDerivadores/Imagenes/comparativo-magnitud.p
ng, id=328, 508.0581pt x 245.718pt>
File: ../Ejercicio3-CircuitoIntegradoresyDerivadores/Imagenes/comparativo-magni
tud.png Graphic file (type png)
<use ../Ejercicio3-CircuitoIntegradoresyDerivadores/Imagenes/comparativo-magnit
ud.png>
Package pdftex.def Info: ../Ejercicio3-CircuitoIntegradoresyDerivadores/Imagene
s/comparativo-magnitud.png  used on input line 300.
(pdftex.def)             Requested size: 508.05685pt x 245.71739pt.
 [17 <../Ejercicio3-CircuitoIntegradoresyDerivadores/Imagenes/teorico-avol-w-in
tegrador-amplitud.png> <../Ejercicio3-CircuitoIntegradoresyDerivadores/Imagenes
/teorico-avol-w-integrador-fase.png>]
<../Ejercicio3-CircuitoIntegradoresyDerivadores/Imagenes/comparativo-fase.png, 
id=337, 508.0581pt x 252.945pt>
File: ../Ejercicio3-CircuitoIntegradoresyDerivadores/Imagenes/comparativo-fase.
png Graphic file (type png)
<use ../Ejercicio3-CircuitoIntegradoresyDerivadores/Imagenes/comparativo-fase.p
ng>
Package pdftex.def Info: ../Ejercicio3-CircuitoIntegradoresyDerivadores/Imagene
s/comparativo-fase.png  used on input line 307.
(pdftex.def)             Requested size: 508.05685pt x 252.94438pt.
<../Ejercicio3-CircuitoIntegradoresyDerivadores/Imagenes/simulado-integrador-am
plitud.png, id=338, 508.0581pt x 245.718pt>
File: ../Ejercicio3-CircuitoIntegradoresyDerivadores/Imagenes/simulado-integrad
or-amplitud.png Graphic file (type png)
<use ../Ejercicio3-CircuitoIntegradoresyDerivadores/Imagenes/simulado-integrado
r-amplitud.png>
Package pdftex.def Info: ../Ejercicio3-CircuitoIntegradoresyDerivadores/Imagene
s/simulado-integrador-amplitud.png  used on input line 326.
(pdftex.def)             Requested size: 508.05685pt x 245.71739pt.
 [18 <../Ejercicio3-CircuitoIntegradoresyDerivadores/Imagenes/comparativo-magni
tud.png> <../Ejercicio3-CircuitoIntegradoresyDerivadores/Imagenes/comparativo-f
ase.png>]
<../Ejercicio3-CircuitoIntegradoresyDerivadores/Imagenes/simulado-integrador-fa
se.png, id=348, 508.0581pt x 252.945pt>
File: ../Ejercicio3-CircuitoIntegradoresyDerivadores/Imagenes/simulado-integrad
or-fase.png Graphic file (type png)
<use ../Ejercicio3-CircuitoIntegradoresyDerivadores/Imagenes/simulado-integrado
r-fase.png>
Package pdftex.def Info: ../Ejercicio3-CircuitoIntegradoresyDerivadores/Imagene
s/simulado-integrador-fase.png  used on input line 333.
(pdftex.def)             Requested size: 508.05685pt x 252.94438pt.


LaTeX Warning: Command \textpm invalid in math mode on input line 347.


LaTeX Warning: Command \textpm invalid in math mode on input line 347.

Missing character: There is no  in font cmr10!
[19 <../Ejercicio3-CircuitoIntegradoresyDerivadores/Imagenes/simulado-integrado
r-amplitud.png> <../Ejercicio3-CircuitoIntegradoresyDerivadores/Imagenes/simula
do-integrador-fase.png>]

LaTeX Warning: File `../Ejercicio3-CircuitoIntegradoresyDerivadores/Imagenes/se
noidal - 100.png' not found on input line 377.

<../Ejercicio3-CircuitoIntegradoresyDerivadores/Imagenes/senoidal - 100.png, id
=357, 1205.50375pt x 626.34pt>
File: ../Ejercicio3-CircuitoIntegradoresyDerivadores/Imagenes/senoidal - 100.pn
g Graphic file (type png)
<use ../Ejercicio3-CircuitoIntegradoresyDerivadores/Imagenes/senoidal - 100.png
>
Package pdftex.def Info: ../Ejercicio3-CircuitoIntegradoresyDerivadores/Imagene
s/senoidal - 100.png  used on input line 377.
(pdftex.def)             Requested size: 482.19296pt x 250.53156pt.

Overfull \hbox (233.37723pt too wide) in paragraph at lines 377--378
 [][] 
 []


LaTeX Warning: File `../Ejercicio3-CircuitoIntegradoresyDerivadores/Imagenes/se
noidal - 1000.png' not found on input line 386.

<../Ejercicio3-CircuitoIntegradoresyDerivadores/Imagenes/senoidal - 1000.png, i
d=358, 1203.49625pt x 621.32124pt>
File: ../Ejercicio3-CircuitoIntegradoresyDerivadores/Imagenes/senoidal - 1000.p
ng Graphic file (type png)
<use ../Ejercicio3-CircuitoIntegradoresyDerivadores/Imagenes/senoidal - 1000.pn
g>
Package pdftex.def Info: ../Ejercicio3-CircuitoIntegradoresyDerivadores/Imagene
s/senoidal - 1000.png  used on input line 386.
(pdftex.def)             Requested size: 481.38997pt x 248.5241pt.

Overfull \hbox (262.57433pt too wide) in paragraph at lines 386--387
 [][] 
 []

[20 <../Ejercicio3-CircuitoIntegradoresyDerivadores/Imagenes/senoidal - 100.png
>]

LaTeX Warning: File `../Ejercicio3-CircuitoIntegradoresyDerivadores/Imagenes/se
noidal - 10000.png' not found on input line 396.

<../Ejercicio3-CircuitoIntegradoresyDerivadores/Imagenes/senoidal - 10000.png, 
id=365, 1206.5075pt x 627.34375pt>
File: ../Ejercicio3-CircuitoIntegradoresyDerivadores/Imagenes/senoidal - 10000.
png Graphic file (type png)
<use ../Ejercicio3-CircuitoIntegradoresyDerivadores/Imagenes/senoidal - 10000.p
ng>
Package pdftex.def Info: ../Ejercicio3-CircuitoIntegradoresyDerivadores/Imagene
s/senoidal - 10000.png  used on input line 396.
(pdftex.def)             Requested size: 482.59445pt x 250.93304pt.

Overfull \hbox (293.7789pt too wide) in paragraph at lines 396--397
 [][] 
 []

<../Ejercicio3-CircuitoIntegradoresyDerivadores/Imagenes/comparativo-integrador
-amplitud.png, id=366, 508.0581pt x 245.718pt>
File: ../Ejercicio3-CircuitoIntegradoresyDerivadores/Imagenes/comparativo-integ
rador-amplitud.png Graphic file (type png)
<use ../Ejercicio3-CircuitoIntegradoresyDerivadores/Imagenes/comparativo-integr
ador-amplitud.png>
Package pdftex.def Info: ../Ejercicio3-CircuitoIntegradoresyDerivadores/Imagene
s/comparativo-integrador-amplitud.png  used on input line 410.
(pdftex.def)             Requested size: 508.05685pt x 245.71739pt.
[21 <../Ejercicio3-CircuitoIntegradoresyDerivadores/Imagenes/senoidal - 1000.pn
g> <../Ejercicio3-CircuitoIntegradoresyDerivadores/Imagenes/senoidal - 10000.pn
g>]
<../Ejercicio3-CircuitoIntegradoresyDerivadores/Imagenes/comparativo-integrador
-fase.png, id=375, 508.0581pt x 252.945pt>
File: ../Ejercicio3-CircuitoIntegradoresyDerivadores/Imagenes/comparativo-integ
rador-fase.png Graphic file (type png)
<use ../Ejercicio3-CircuitoIntegradoresyDerivadores/Imagenes/comparativo-integr
ador-fase.png>
Package pdftex.def Info: ../Ejercicio3-CircuitoIntegradoresyDerivadores/Imagene
s/comparativo-integrador-fase.png  used on input line 417.
(pdftex.def)             Requested size: 508.05685pt x 252.94438pt.
 [22 <../Ejercicio3-CircuitoIntegradoresyDerivadores/Imagenes/comparativo-integ
rador-amplitud.png> <../Ejercicio3-CircuitoIntegradoresyDerivadores/Imagenes/co
mparativo-integrador-fase.png>]
<../Ejercicio3-CircuitoIntegradoresyDerivadores/Imagenes/cuadrada-500.png, id=3
84, 1205.50375pt x 637.38126pt>
File: ../Ejercicio3-CircuitoIntegradoresyDerivadores/Imagenes/cuadrada-500.png 
Graphic file (type png)
<use ../Ejercicio3-CircuitoIntegradoresyDerivadores/Imagenes/cuadrada-500.png>
Package pdftex.def Info: ../Ejercicio3-CircuitoIntegradoresyDerivadores/Imagene
s/cuadrada-500.png  used on input line 446.
(pdftex.def)             Requested size: 482.19296pt x 254.94798pt.
<../Ejercicio3-CircuitoIntegradoresyDerivadores/Imagenes/cuadrada-1000.png, id=
385, 1203.49625pt x 631.35875pt>
File: ../Ejercicio3-CircuitoIntegradoresyDerivadores/Imagenes/cuadrada-1000.png
 Graphic file (type png)
<use ../Ejercicio3-CircuitoIntegradoresyDerivadores/Imagenes/cuadrada-1000.png>

Package pdftex.def Info: ../Ejercicio3-CircuitoIntegradoresyDerivadores/Imagene
s/cuadrada-1000.png  used on input line 453.
(pdftex.def)             Requested size: 481.38997pt x 252.53902pt.
<../Ejercicio3-CircuitoIntegradoresyDerivadores/Imagenes/cuadrada-2500.png, id=
386, 1202.4925pt x 628.3475pt>
File: ../Ejercicio3-CircuitoIntegradoresyDerivadores/Imagenes/cuadrada-2500.png
 Graphic file (type png)
<use ../Ejercicio3-CircuitoIntegradoresyDerivadores/Imagenes/cuadrada-2500.png>

Package pdftex.def Info: ../Ejercicio3-CircuitoIntegradoresyDerivadores/Imagene
s/cuadrada-2500.png  used on input line 460.
(pdftex.def)             Requested size: 480.98848pt x 251.33455pt.
 [23 <../Ejercicio3-CircuitoIntegradoresyDerivadores/Imagenes/cuadrada-500.png>
 <../Ejercicio3-CircuitoIntegradoresyDerivadores/Imagenes/cuadrada-1000.png>]
<../Ejercicio3-CircuitoIntegradoresyDerivadores/Imagenes/cuadrada-10000.png, id
=395, 1202.4925pt x 608.2725pt>
File: ../Ejercicio3-CircuitoIntegradoresyDerivadores/Imagenes/cuadrada-10000.pn
g Graphic file (type png)
<use ../Ejercicio3-CircuitoIntegradoresyDerivadores/Imagenes/cuadrada-10000.png
>
Package pdftex.def Info: ../Ejercicio3-CircuitoIntegradoresyDerivadores/Imagene
s/cuadrada-10000.png  used on input line 467.
(pdftex.def)             Requested size: 480.98848pt x 243.30469pt.
<../Ejercicio3-CircuitoIntegradoresyDerivadores/Imagenes/miller-integrador.png,
 id=396, 523.9575pt x 212.795pt>
File: ../Ejercicio3-CircuitoIntegradoresyDerivadores/Imagenes/miller-integrador
.png Graphic file (type png)
<use ../Ejercicio3-CircuitoIntegradoresyDerivadores/Imagenes/miller-integrador.
png>
Package pdftex.def Info: ../Ejercicio3-CircuitoIntegradoresyDerivadores/Imagene
s/miller-integrador.png  used on input line 488.
(pdftex.def)             Requested size: 314.37692pt x 127.67796pt.
 [24 <../Ejercicio3-CircuitoIntegradoresyDerivadores/Imagenes/cuadrada-2500.png
> <../Ejercicio3-CircuitoIntegradoresyDerivadores/Imagenes/cuadrada-10000.png>]
<../Ejercicio3-CircuitoIntegradoresyDerivadores/Imagenes/comparativo-integrador
-zin-amplitud.png, id=406, 462.528pt x 346.896pt>
File: ../Ejercicio3-CircuitoIntegradoresyDerivadores/Imagenes/comparativo-integ
rador-zin-amplitud.png Graphic file (type png)
<use ../Ejercicio3-CircuitoIntegradoresyDerivadores/Imagenes/comparativo-integr
ador-zin-amplitud.png>
Package pdftex.def Info: ../Ejercicio3-CircuitoIntegradoresyDerivadores/Imagene
s/comparativo-integrador-zin-amplitud.png  used on input line 502.
(pdftex.def)             Requested size: 462.52686pt x 346.89514pt.
<../Ejercicio3-CircuitoIntegradoresyDerivadores/Imagenes/comparativo-integrador
-zin-fase.png, id=407, 462.528pt x 346.896pt>
File: ../Ejercicio3-CircuitoIntegradoresyDerivadores/Imagenes/comparativo-integ
rador-zin-fase.png Graphic file (type png)
<use ../Ejercicio3-CircuitoIntegradoresyDerivadores/Imagenes/comparativo-integr
ador-zin-fase.png>
Package pdftex.def Info: ../Ejercicio3-CircuitoIntegradoresyDerivadores/Imagene
s/comparativo-integrador-zin-fase.png  used on input line 509.
(pdftex.def)             Requested size: 462.52686pt x 346.89514pt.
 [25 <../Ejercicio3-CircuitoIntegradoresyDerivadores/Imagenes/miller-integrador
.png> <../Ejercicio3-CircuitoIntegradoresyDerivadores/Imagenes/comparativo-inte
grador-zin-amplitud.png>]

Package hyperref Warning: Token not allowed in a PDF string (PDFDocEncoding):
(hyperref)                removing `math shift' on input line 524.


Package hyperref Warning: Token not allowed in a PDF string (PDFDocEncoding):
(hyperref)                removing `math shift' on input line 524.

<../Ejercicio3-CircuitoIntegradoresyDerivadores/Imagenes/diagrama-integrador-co
mpensado.png, id=416, 435.6275pt x 302.12875pt>
File: ../Ejercicio3-CircuitoIntegradoresyDerivadores/Imagenes/diagrama-integrad
or-compensado.png Graphic file (type png)
<use ../Ejercicio3-CircuitoIntegradoresyDerivadores/Imagenes/diagrama-integrado
r-compensado.png>
Package pdftex.def Info: ../Ejercicio3-CircuitoIntegradoresyDerivadores/Imagene
s/diagrama-integrador-compensado.png  used on input line 540.
(pdftex.def)             Requested size: 261.37851pt x 181.27864pt.
[26 <../Ejercicio3-CircuitoIntegradoresyDerivadores/Imagenes/comparativo-integr
ador-zin-fase.png>]
<../Ejercicio3-CircuitoIntegradoresyDerivadores/Imagenes/diagrama-integrador-co
mpensado-resumido.png, id=423, 435.6275pt x 241.90375pt>
File: ../Ejercicio3-CircuitoIntegradoresyDerivadores/Imagenes/diagrama-integrad
or-compensado-resumido.png Graphic file (type png)
<use ../Ejercicio3-CircuitoIntegradoresyDerivadores/Imagenes/diagrama-integrado
r-compensado-resumido.png>
Package pdftex.def Info: ../Ejercicio3-CircuitoIntegradoresyDerivadores/Imagene
s/diagrama-integrador-compensado-resumido.png  used on input line 550.
(pdftex.def)             Requested size: 261.37851pt x 145.14336pt.
 [27 <../Ejercicio3-CircuitoIntegradoresyDerivadores/Imagenes/diagrama-integrad
or-compensado.png> <../Ejercicio3-CircuitoIntegradoresyDerivadores/Imagenes/dia
grama-integrador-compensado-resumido.png>]
<../Ejercicio3-CircuitoIntegradoresyDerivadores/Imagenes/diagrama-bode-integrad
or-compensado-amplitud.png, id=432, 508.0581pt x 245.718pt>
File: ../Ejercicio3-CircuitoIntegradoresyDerivadores/Imagenes/diagrama-bode-int
egrador-compensado-amplitud.png Graphic file (type png)
<use ../Ejercicio3-CircuitoIntegradoresyDerivadores/Imagenes/diagrama-bode-inte
grador-compensado-amplitud.png>
Package pdftex.def Info: ../Ejercicio3-CircuitoIntegradoresyDerivadores/Imagene
s/diagrama-bode-integrador-compensado-amplitud.png  used on input line 628.
(pdftex.def)             Requested size: 508.05685pt x 245.71739pt.
 [28]
<../Ejercicio3-CircuitoIntegradoresyDerivadores/Imagenes/diagrama-bode-integrad
or-compensado-fase.png, id=437, 508.0581pt x 252.945pt>
File: ../Ejercicio3-CircuitoIntegradoresyDerivadores/Imagenes/diagrama-bode-int
egrador-compensado-fase.png Graphic file (type png)
<use ../Ejercicio3-CircuitoIntegradoresyDerivadores/Imagenes/diagrama-bode-inte
grador-compensado-fase.png>
Package pdftex.def Info: ../Ejercicio3-CircuitoIntegradoresyDerivadores/Imagene
s/diagrama-bode-integrador-compensado-fase.png  used on input line 635.
(pdftex.def)             Requested size: 508.05685pt x 252.94438pt.
<../Ejercicio3-CircuitoIntegradoresyDerivadores/Imagenes/diagrama-bode-integrad
or-compensado-comparativo-amplitud.png, id=438, 529.22719pt x 255.95625pt>
File: ../Ejercicio3-CircuitoIntegradoresyDerivadores/Imagenes/diagrama-bode-int
egrador-compensado-comparativo-amplitud.png Graphic file (type png)
<use ../Ejercicio3-CircuitoIntegradoresyDerivadores/Imagenes/diagrama-bode-inte
grador-compensado-comparativo-amplitud.png>
Package pdftex.def Info: ../Ejercicio3-CircuitoIntegradoresyDerivadores/Imagene
s/diagrama-bode-integrador-compensado-comparativo-amplitud.png  used on input l
ine 644.
(pdftex.def)             Requested size: 529.22589pt x 255.95561pt.

Overfull \hbox (17.0763pt too wide) in paragraph at lines 644--645
 [][] 
 []

[29 <../Ejercicio3-CircuitoIntegradoresyDerivadores/Imagenes/diagrama-bode-inte
grador-compensado-amplitud.png> <../Ejercicio3-CircuitoIntegradoresyDerivadores
/Imagenes/diagrama-bode-integrador-compensado-fase.png>]
<../Ejercicio3-CircuitoIntegradoresyDerivadores/Imagenes/diagrama-bode-integrad
or-compensado-comparativo-fase.png, id=447, 529.22719pt x 263.48438pt>
File: ../Ejercicio3-CircuitoIntegradoresyDerivadores/Imagenes/diagrama-bode-int
egrador-compensado-comparativo-fase.png Graphic file (type png)
<use ../Ejercicio3-CircuitoIntegradoresyDerivadores/Imagenes/diagrama-bode-inte
grador-compensado-comparativo-fase.png>
Package pdftex.def Info: ../Ejercicio3-CircuitoIntegradoresyDerivadores/Imagene
s/diagrama-bode-integrador-compensado-comparativo-fase.png  used on input line 
651.
(pdftex.def)             Requested size: 529.22589pt x 263.48372pt.

Overfull \hbox (17.0763pt too wide) in paragraph at lines 651--652
 [][] 
 []

<../Ejercicio3-CircuitoIntegradoresyDerivadores/Imagenes/diagrama-bode-integrad
or-simulado-compensado-amplitud.png, id=448, 508.0581pt x 245.718pt>
File: ../Ejercicio3-CircuitoIntegradoresyDerivadores/Imagenes/diagrama-bode-int
egrador-simulado-compensado-amplitud.png Graphic file (type png)
<use ../Ejercicio3-CircuitoIntegradoresyDerivadores/Imagenes/diagrama-bode-inte
grador-simulado-compensado-amplitud.png>
Package pdftex.def Info: ../Ejercicio3-CircuitoIntegradoresyDerivadores/Imagene
s/diagrama-bode-integrador-simulado-compensado-amplitud.png  used on input line
 662.
(pdftex.def)             Requested size: 508.05685pt x 245.71739pt.
[30 <../Ejercicio3-CircuitoIntegradoresyDerivadores/Imagenes/diagrama-bode-inte
grador-compensado-comparativo-amplitud.png> <../Ejercicio3-CircuitoIntegradores
yDerivadores/Imagenes/diagrama-bode-integrador-compensado-comparativo-fase.png>
]
<../Ejercicio3-CircuitoIntegradoresyDerivadores/Imagenes/diagrama-bode-integrad
or-simulado-compensado-fase.png, id=458, 508.0581pt x 252.945pt>
File: ../Ejercicio3-CircuitoIntegradoresyDerivadores/Imagenes/diagrama-bode-int
egrador-simulado-compensado-fase.png Graphic file (type png)
<use ../Ejercicio3-CircuitoIntegradoresyDerivadores/Imagenes/diagrama-bode-inte
grador-simulado-compensado-fase.png>
Package pdftex.def Info: ../Ejercicio3-CircuitoIntegradoresyDerivadores/Imagene
s/diagrama-bode-integrador-simulado-compensado-fase.png  used on input line 669
.
(pdftex.def)             Requested size: 508.05685pt x 252.94438pt.
<../Ejercicio3-CircuitoIntegradoresyDerivadores/Imagenes/transferencia-comparat
ivo-todo-amplitud.png, id=459, 508.0581pt x 245.718pt>
File: ../Ejercicio3-CircuitoIntegradoresyDerivadores/Imagenes/transferencia-com
parativo-todo-amplitud.png Graphic file (type png)
<use ../Ejercicio3-CircuitoIntegradoresyDerivadores/Imagenes/transferencia-comp
arativo-todo-amplitud.png>
Package pdftex.def Info: ../Ejercicio3-CircuitoIntegradoresyDerivadores/Imagene
s/transferencia-comparativo-todo-amplitud.png  used on input line 680.
(pdftex.def)             Requested size: 508.05685pt x 245.71739pt.
 [31 <../Ejercicio3-CircuitoIntegradoresyDerivadores/Imagenes/diagrama-bode-int
egrador-simulado-compensado-amplitud.png> <../Ejercicio3-CircuitoIntegradoresyD
erivadores/Imagenes/diagrama-bode-integrador-simulado-compensado-fase.png>]
<../Ejercicio3-CircuitoIntegradoresyDerivadores/Imagenes/transferencia-comparat
ivo-todo-fase.png, id=468, 508.0581pt x 252.945pt>
File: ../Ejercicio3-CircuitoIntegradoresyDerivadores/Imagenes/transferencia-com
parativo-todo-fase.png Graphic file (type png)
<use ../Ejercicio3-CircuitoIntegradoresyDerivadores/Imagenes/transferencia-comp
arativo-todo-fase.png>
Package pdftex.def Info: ../Ejercicio3-CircuitoIntegradoresyDerivadores/Imagene
s/transferencia-comparativo-todo-fase.png  used on input line 687.
(pdftex.def)             Requested size: 508.05685pt x 252.94438pt.


LaTeX Warning: Command \textpm invalid in math mode on input line 696.


LaTeX Warning: Command \textpm invalid in math mode on input line 696.

Missing character: There is no  in font cmr10!
<../Ejercicio3-CircuitoIntegradoresyDerivadores/Imagenes/cuadrada-compensado-10
00.png, id=469, 1201.48875pt x 629.35126pt>
File: ../Ejercicio3-CircuitoIntegradoresyDerivadores/Imagenes/cuadrada-compensa
do-1000.png Graphic file (type png)
<use ../Ejercicio3-CircuitoIntegradoresyDerivadores/Imagenes/cuadrada-compensad
o-1000.png>
Package pdftex.def Info: ../Ejercicio3-CircuitoIntegradoresyDerivadores/Imagene
s/cuadrada-compensado-1000.png  used on input line 706.
(pdftex.def)             Requested size: 480.58699pt x 251.73604pt.
[32 <../Ejercicio3-CircuitoIntegradoresyDerivadores/Imagenes/transferencia-comp
arativo-todo-amplitud.png> <../Ejercicio3-CircuitoIntegradoresyDerivadores/Imag
enes/transferencia-comparativo-todo-fase.png>]

LaTeX Warning: File `../Ejercicio3-CircuitoIntegradoresyDerivadores/Imagenes/cu
adrada-compensado -2500.png' not found on input line 713.

<../Ejercicio3-CircuitoIntegradoresyDerivadores/Imagenes/cuadrada-compensado -2
500.png, id=478, 1201.48875pt x 629.35126pt>
File: ../Ejercicio3-CircuitoIntegradoresyDerivadores/Imagenes/cuadrada-compensa
do -2500.png Graphic file (type png)
<use ../Ejercicio3-CircuitoIntegradoresyDerivadores/Imagenes/cuadrada-compensad
o -2500.png>
Package pdftex.def Info: ../Ejercicio3-CircuitoIntegradoresyDerivadores/Imagene
s/cuadrada-compensado -2500.png  used on input line 713.
(pdftex.def)             Requested size: 480.58699pt x 251.73604pt.

Overfull \hbox (241.77138pt too wide) in paragraph at lines 713--714
 [][] 
 []


LaTeX Warning: File `../Ejercicio3-CircuitoIntegradoresyDerivadores/Imagenes/cu
adrada-compensado -10000.png' not found on input line 720.

<../Ejercicio3-CircuitoIntegradoresyDerivadores/Imagenes/cuadrada-compensado -1
0000.png, id=479, 1203.49625pt x 626.34pt>
File: ../Ejercicio3-CircuitoIntegradoresyDerivadores/Imagenes/cuadrada-compensa
do -10000.png Graphic file (type png)
<use ../Ejercicio3-CircuitoIntegradoresyDerivadores/Imagenes/cuadrada-compensad
o -10000.png>
Package pdftex.def Info: ../Ejercicio3-CircuitoIntegradoresyDerivadores/Imagene
s/cuadrada-compensado -10000.png  used on input line 720.
(pdftex.def)             Requested size: 481.38997pt x 250.53156pt.

Overfull \hbox (272.57445pt too wide) in paragraph at lines 720--721
 [][] 
 []

[33 <../Ejercicio3-CircuitoIntegradoresyDerivadores/Imagenes/cuadrada-compensad
o-1000.png> <../Ejercicio3-CircuitoIntegradoresyDerivadores/Imagenes/cuadrada-c
ompensado -2500.png>]
<../Ejercicio3-CircuitoIntegradoresyDerivadores/Imagenes/miller-integrador-comp
ensado.png, id=488, 523.9575pt x 212.795pt>
File: ../Ejercicio3-CircuitoIntegradoresyDerivadores/Imagenes/miller-integrador
-compensado.png Graphic file (type png)
<use ../Ejercicio3-CircuitoIntegradoresyDerivadores/Imagenes/miller-integrador-
compensado.png>
Package pdftex.def Info: ../Ejercicio3-CircuitoIntegradoresyDerivadores/Imagene
s/miller-integrador-compensado.png  used on input line 739.
(pdftex.def)             Requested size: 314.37692pt x 127.67796pt.
<../Ejercicio3-CircuitoIntegradoresyDerivadores/Imagenes/zin-compensado-amplitu
d.png, id=489, 642.4pt x 481.8pt>
File: ../Ejercicio3-CircuitoIntegradoresyDerivadores/Imagenes/zin-compensado-am
plitud.png Graphic file (type png)
<use ../Ejercicio3-CircuitoIntegradoresyDerivadores/Imagenes/zin-compensado-amp
litud.png>
Package pdftex.def Info: ../Ejercicio3-CircuitoIntegradoresyDerivadores/Imagene
s/zin-compensado-amplitud.png  used on input line 753.
(pdftex.def)             Requested size: 385.44298pt x 289.08221pt.
 [34 <../Ejercicio3-CircuitoIntegradoresyDerivadores/Imagenes/cuadrada-compensa
do -10000.png> <../Ejercicio3-CircuitoIntegradoresyDerivadores/Imagenes/miller-
integrador-compensado.png>]
<../Ejercicio3-CircuitoIntegradoresyDerivadores/Imagenes/zin-compensado-fase.pn
g, id=498, 642.4pt x 481.8pt>
File: ../Ejercicio3-CircuitoIntegradoresyDerivadores/Imagenes/zin-compensado-fa
se.png Graphic file (type png)
<use ../Ejercicio3-CircuitoIntegradoresyDerivadores/Imagenes/zin-compensado-fas
e.png>
Package pdftex.def Info: ../Ejercicio3-CircuitoIntegradoresyDerivadores/Imagene
s/zin-compensado-fase.png  used on input line 760.
(pdftex.def)             Requested size: 385.44298pt x 289.08221pt.
 [35 <../Ejercicio3-CircuitoIntegradoresyDerivadores/Imagenes/zin-compensado-am
plitud.png> <../Ejercicio3-CircuitoIntegradoresyDerivadores/Imagenes/zin-compen
sado-fase.png>]) [36]
(../Ejercicio4-CircuitodeAplicacion/Ejercicio-4.tex

LaTeX Warning: Command \textdegree invalid in math mode on input line 2.


LaTeX Warning: Command \textdegree invalid in math mode on input line 2.

Missing character: There is no  in font cmr10!

LaTeX Warning: Command \textdegree invalid in math mode on input line 5.


LaTeX Warning: Command \textdegree invalid in math mode on input line 5.

Missing character: There is no  in font cmr10!

LaTeX Warning: Command \textdegree invalid in math mode on input line 9.


LaTeX Warning: Command \textdegree invalid in math mode on input line 9.

Missing character: There is no  in font cmr10!

LaTeX Warning: Command \textdegree invalid in math mode on input line 9.


LaTeX Warning: Command \textdegree invalid in math mode on input line 9.

Missing character: There is no  in font cmr10!

LaTeX Warning: Command \textdegree invalid in math mode on input line 9.


LaTeX Warning: Command \textdegree invalid in math mode on input line 9.

Missing character: There is no  in font cmr10!

LaTeX Warning: Command \textdegree invalid in math mode on input line 17.


LaTeX Warning: Command \textdegree invalid in math mode on input line 17.

Missing character: There is no  in font cmr10!

LaTeX Warning: Command \textdegree invalid in math mode on input line 17.


LaTeX Warning: Command \textdegree invalid in math mode on input line 17.

Missing character: There is no  in font cmr10!
<../Ejercicio4-CircuitodeAplicacion/SumLM35.png, id=512, 628.3475pt x 283.0575p
t>
File: ../Ejercicio4-CircuitodeAplicacion/SumLM35.png Graphic file (type png)
<use ../Ejercicio4-CircuitodeAplicacion/SumLM35.png>
Package pdftex.def Info: ../Ejercicio4-CircuitodeAplicacion/SumLM35.png  used o
n input line 21.
(pdftex.def)             Requested size: 314.17297pt x 141.5284pt.

LaTeX Warning: Command \textdegree invalid in math mode on input line 31.


LaTeX Warning: Command \textdegree invalid in math mode on input line 31.

Missing character: There is no  in font cmr10!

LaTeX Warning: Command \textdegree invalid in math mode on input line 43.


LaTeX Warning: Command \textdegree invalid in math mode on input line 43.

Missing character: There is no  in font cmr10!

LaTeX Warning: Command \textdegree invalid in math mode on input line 43.


LaTeX Warning: Command \textdegree invalid in math mode on input line 43.

Missing character: There is no  in font cmr10!

LaTeX Warning: Command \textdegree invalid in math mode on input line 48.


LaTeX Warning: Command \textdegree invalid in math mode on input line 48.

Missing character: There is no  in font cmr10!
[37 <../Ejercicio4-CircuitodeAplicacion/SumLM35.png>]
<../Ejercicio4-CircuitodeAplicacion/CircInversor.png, id=526, 507.8975pt x 266.
9975pt>
File: ../Ejercicio4-CircuitodeAplicacion/CircInversor.png Graphic file (type pn
g)
<use ../Ejercicio4-CircuitodeAplicacion/CircInversor.png>
Package pdftex.def Info: ../Ejercicio4-CircuitodeAplicacion/CircInversor.png  u
sed on input line 59.
(pdftex.def)             Requested size: 253.94814pt x 133.49841pt.
<../Ejercicio4-CircuitodeAplicacion/CircAplicacion.png, id=527, 788.9475pt x 32
3.2075pt>
File: ../Ejercicio4-CircuitodeAplicacion/CircAplicacion.png Graphic file (type 
png)
<use ../Ejercicio4-CircuitodeAplicacion/CircAplicacion.png>
Package pdftex.def Info: ../Ejercicio4-CircuitodeAplicacion/CircAplicacion.png 
 used on input line 67.
(pdftex.def)             Requested size: 394.47278pt x 161.60335pt.
<../Ejercicio4-CircuitodeAplicacion/CircProteccion.png, id=528, 826.08624pt x 3
23.2075pt>
File: ../Ejercicio4-CircuitodeAplicacion/CircProteccion.png Graphic file (type 
png)
<use ../Ejercicio4-CircuitodeAplicacion/CircProteccion.png>
Package pdftex.def Info: ../Ejercicio4-CircuitodeAplicacion/CircProteccion.png 
 used on input line 78.
(pdftex.def)             Requested size: 413.0421pt x 161.60335pt.
 [38 <../Ejercicio4-CircuitodeAplicacion/CircInversor.png> <../Ejercicio4-Circu
itodeAplicacion/CircAplicacion.png>] [39 <../Ejercicio4-CircuitodeAplicacion/Ci
rcProteccion.png>]
Package atveryend Info: Empty hook `BeforeClearDocument' on input line 84.
Package atveryend Info: Empty hook `AfterLastShipout' on input line 84.

(main.aux
LaTeX Info: Redefining \. on input line 19.
LaTeX Info: Redefining \% on input line 19.
)
Package atveryend Info: Executing hook `AtVeryEndDocument' on input line 84.
Package atveryend Info: Executing hook `AtEndAfterFileList' on input line 84.
Package rerunfilecheck Info: File `main.out' has not changed.
(rerunfilecheck)             Checksum: 04DE254904A41BB8B4CD16633ECA56EC;2963.


LaTeX Warning: There were multiply-defined labels.

Package atveryend Info: Empty hook `AtVeryVeryEnd' on input line 84.
 ) ) 
Here is how much of TeX's memory you used:
 36042 strings out of 492970
 774166 string characters out of 3126593
 894725 words of memory out of 3000000
 39246 multiletter control sequences out of 15000+200000
 542735 words of font info for 63 fonts, out of 3000000 for 9000
 1141 hyphenation exceptions out of 8191
 64i,16n,63p,849b,476s stack positions out of 5000i,500n,10000p,200000b,50000s
 <C:\Users\Paulo\AppData\Local\MiKTeX\2.9\fonts\pk\ljfour\jknappen\ec\dpi60
0\tcbx1200.pk> <C:\Users\Paulo\AppData\Local\MiKTeX\2.9\fonts\pk\ljfour\jknappe
n\ec\dpi600\tcrm1000.pk><C:/Users/Paulo/AppData/Local/Programs/MiKTeX 2.9/fonts
/type1/public/amsfonts/cm/cmbx10.pfb><C:/Users/Paulo/AppData/Local/Programs/MiK
TeX 2.9/fonts/type1/public/amsfonts/cm/cmbx12.pfb><C:/Users/Paulo/AppData/Local
/Programs/MiKTeX 2.9/fonts/type1/public/amsfonts/cm/cmcsc10.pfb><C:/Users/Paulo
/AppData/Local/Programs/MiKTeX 2.9/fonts/type1/public/amsfonts/cm/cmex10.pfb><C
:/Users/Paulo/AppData/Local/Programs/MiKTeX 2.9/fonts/type1/public/amsfonts/cm/
cmmi10.pfb><C:/Users/Paulo/AppData/Local/Programs/MiKTeX 2.9/fonts/type1/public
/amsfonts/cm/cmmi12.pfb><C:/Users/Paulo/AppData/Local/Programs/MiKTeX 2.9/fonts
/type1/public/amsfonts/cm/cmmi5.pfb><C:/Users/Paulo/AppData/Local/Programs/MiKT
eX 2.9/fonts/type1/public/amsfonts/cm/cmmi6.pfb><C:/Users/Paulo/AppData/Local/P
rograms/MiKTeX 2.9/fonts/type1/public/amsfonts/cm/cmmi7.pfb><C:/Users/Paulo/App
Data/Local/Programs/MiKTeX 2.9/fonts/type1/public/amsfonts/cm/cmmi8.pfb><C:/Use
rs/Paulo/AppData/Local/Programs/MiKTeX 2.9/fonts/type1/public/amsfonts/cm/cmr10
.pfb><C:/Users/Paulo/AppData/Local/Programs/MiKTeX 2.9/fonts/type1/public/amsfo
nts/cm/cmr12.pfb><C:/Users/Paulo/AppData/Local/Programs/MiKTeX 2.9/fonts/type1/
public/amsfonts/cm/cmr5.pfb><C:/Users/Paulo/AppData/Local/Programs/MiKTeX 2.9/f
onts/type1/public/amsfonts/cm/cmr7.pfb><C:/Users/Paulo/AppData/Local/Programs/M
iKTeX 2.9/fonts/type1/public/amsfonts/cm/cmr8.pfb><C:/Users/Paulo/AppData/Local
/Programs/MiKTeX 2.9/fonts/type1/public/amsfonts/cm/cmsy10.pfb><C:/Users/Paulo/
AppData/Local/Programs/MiKTeX 2.9/fonts/type1/public/amsfonts/cm/cmsy5.pfb><C:/
Users/Paulo/AppData/Local/Programs/MiKTeX 2.9/fonts/type1/public/amsfonts/cm/cm
sy7.pfb><C:/Users/Paulo/AppData/Local/Programs/MiKTeX 2.9/fonts/type1/public/am
sfonts/cm/cmti12.pfb>
Output written on main.pdf (40 pages, 1724388 bytes).
PDF statistics:
 646 PDF objects out of 1000 (max. 8388607)
 146 named destinations out of 1000 (max. 500000)
 549 words of extra memory for PDF output out of 10000 (max. 10000000)

