\BOOKMARK [1][-]{section.1}{Caracterizaci\363n de Amplificadores Operacionales}{}% 1
\BOOKMARK [2][-]{subsection.1.1}{Introducci\363n}{section.1}% 2
\BOOKMARK [1][-]{section.2}{Medici\363n de Bias}{}% 3
\BOOKMARK [2][-]{subsection.2.1}{Corriente de Bias y Tensi\363n de Offset}{section.2}% 4
\BOOKMARK [2][-]{subsection.2.2}{An\341lisis del Circuito}{section.2}% 5
\BOOKMARK [3][-]{subsubsection.2.2.1}{Circuito de Realimentaci\363n}{subsection.2.2}% 6
\BOOKMARK [3][-]{subsubsection.2.2.2}{Funcionamiento del Circuito}{subsection.2.2}% 7
\BOOKMARK [2][-]{subsection.2.3}{Estudio de Resultados}{section.2}% 8
\BOOKMARK [2][-]{subsection.2.4}{Evaluaci\363n del Circuito}{section.2}% 9
\BOOKMARK [3][-]{subsubsection.2.4.1}{Capacitor en Uso}{subsection.2.4}% 10
\BOOKMARK [3][-]{subsubsection.2.4.2}{Estabilidad del Circuito}{subsection.2.4}% 11
\BOOKMARK [3][-]{subsubsection.2.4.3}{Configuraciones}{subsection.2.4}% 12
\BOOKMARK [1][-]{section.3}{Circuito Integradores y Derivadores}{}% 13
\BOOKMARK [2][-]{subsection.3.1}{Consideraciones generales}{section.3}% 14
\BOOKMARK [2][-]{subsection.3.2}{Circuito Derivador}{section.3}% 15
\BOOKMARK [2][-]{subsection.3.3}{Circuito Integrador}{section.3}% 16
\BOOKMARK [3][-]{subsubsection.3.3.1}{Introducci\363n}{subsection.3.3}% 17
\BOOKMARK [3][-]{subsubsection.3.3.2}{An\341lisis de la Transferencia del Circuito Integrador - OPAMP ideal}{subsection.3.3}% 18
\BOOKMARK [3][-]{subsubsection.3.3.3}{An\341lisis de la Transferencia del Circuito Integrador - OPAMP con A finito}{subsection.3.3}% 19
\BOOKMARK [3][-]{subsubsection.3.3.4}{An\341lisis de la Transferencia del Circuito Integrador - OPAMP con Avol\(w\)}{subsection.3.3}% 20
\BOOKMARK [3][-]{subsubsection.3.3.5}{An\341lisis de Impedancia de Entrada al Circuito Integrador}{subsection.3.3}% 21
\BOOKMARK [1][-]{section.4}{Circuito de Aplicaci\363n}{}% 22
\BOOKMARK [2][-]{subsection.4.1}{Introducci\363n}{section.4}% 23
